[LOG] 로그 파일: C:\LJW\MAPS_TEST\00.imageup\logs\20260401_161324_apt84.log
[INFO] 조사물건 크롤링 - 아파트, 84m2, 2~10억 (auction1.co.kr)...

🔑 계정: mjjang1

📡 MAPS 기존 데이터 조회 중...
   기존 등록: 0건
Traceback (most recent call last):
  File "C:\LJW\MAPS_TEST\00.imageup\아파트, 84, 2-10억.py", line 1145, in <module>
    run_crawler()
    ~~~~~~~~~~~^^
  File "C:\LJW\MAPS_TEST\00.imageup\아파트, 84, 2-10억.py", line 835, in run_crawler
    driver.set_window_position(0, 0)
    ~~~~~~~~~~~~~~~~~~~~~~~~~~^^^^^^
  File "C:\Users\MJ경매-이쁜언니\AppData\Local\Programs\Python\Python314\Lib\site-packages\selenium\webdriver\remote\webdriver.py", line 890, in set_window_position
    return self.set_window_rect(x=int(x), y=int(y))
           ~~~~~~~~~~~~~~~~~~~~^^^^^^^^^^^^^^^^^^^^
  File "C:\Users\MJ경매-이쁜언니\AppData\Local\Programs\Python\Python314\Lib\site-packages\selenium\webdriver\remote\webdriver.py", line 939, in set_window_rect
    return self.execute(Command.SET_WINDOW_RECT, {"x": x, "y": y, "width": width, "height": height})["value"]
           ~~~~~~~~~~~~^^^^^^^^^^^^^^^^^^^^^^^^^^^^^^^^^^^^^^^^^^^^^^^^^^^^^^^^^^^^^^^^^^^^^^^^^^^^^
  File "C:\Users\MJ경매-이쁜언니\AppData\Local\Programs\Python\Python314\Lib\site-packages\selenium\webdriver\remote\webdriver.py", line 347, in execute
    self.error_handler.check_response(response)
    ~~~~~~~~~~~~~~~~~~~~~~~~~~~~~~~~~^^^^^^^^^^
  File "C:\Users\MJ경매-이쁜언니\AppData\Local\Programs\Python\Python314\Lib\site-packages\selenium\webdriver\remote\errorhandler.py", line 229, in check_response
    raise exception_class(message, screen, stacktrace)
selenium.common.exceptions.WebDriverException: Message: unknown error: failed to change window state to 'normal', current state is 'maximized'
  (Session info: chrome=146.0.7680.165)
Stacktrace:
	chromedriver!GetHandleVerifier [0xb5cdf3+10b03]
	chromedriver!GetHandleVerifier [0xb5cf24+10c34]
	chromedriver!(No symbol) [0x942120]
	chromedriver!(No symbol) [0x925110]
	chromedriver!(No symbol) [0x922b79]
	chromedriver!(No symbol) [0x9249bd]
	chromedriver!(No symbol) [0x9de522]
	chromedriver!(No symbol) [0x9adb0c]
	chromedriver!(No symbol) [0x9ca9a5]
	chromedriver!(No symbol) [0x9ad8a6]
	chromedriver!(No symbol) [0x980229]
	chromedriver!(No symbol) [0x980fe4]
	chromedriver!GetHandleVerifier [0xdc48b9+2785c9]
	chromedriver!GetHandleVerifier [0xdbfeb5+273bc5]
	chromedriver!GetHandleVerifier [0xdde06b+291d7b]
	chromedriver!GetHandleVerifier [0xb75cc8+299d8]
	chromedriver!GetHandleVerifier [0xb7d9fd+3170d]
	chromedriver!GetHandleVerifier [0xb658c8+195d8]
	chromedriver!GetHandleVerifier [0xb65a92+197a2]
	chromedriver!GetHandleVerifier [0xb4ee9a+2baa]
	KERNEL32!BaseThreadInitThunk [0x759ffcc9+19]
	ntdll!RtlGetAppContainerNamedObjectPath [0x776e82ae+11e]
	ntdll!RtlGetAppContainerNamedObjectPath [0x776e827e+ee]

