[LOG] 로그 파일: C:\LJW\MAPS_TEST\00.imageup\logs\20260401_105128_apt84.log
[INFO] 조사물건 크롤링 - 아파트, 84m2, 2~10억 (auction1.co.kr)...

🔑 계정: mjjang1

📡 MAPS 기존 데이터 조회 중...
   기존 등록: 0건

🔐 로그인 중...
   ✓ 로그인 완료

[INFO] 경매 검색 시작 (아파트, 84m2, 2~10억, special=설정안함)...
   v 종합검색 href: https://www.auction1.co.kr/auction/ca_title.php
   v fm_aulist 검색폼 확인
   검색 조건 세팅 중...
   [폼값확인] {'b_area1': '84', 'b_count1': '2', 'b_count2': '3', 'max_price': '100000', 'min_price': '20000', 's_class': '1', 'special': '0', 'state': '1,2,17,18'}
   ✓ 검색 조건 세팅 완료 (special=설정안함/전체)
   ✓ 목록 수: 기본개
   ✓ 정렬 설정: 없음
   v 검색 버튼 클릭 완료 [css:#fm_aulist > table > tbody > tr:nth-chil]

📋 [1페이지] 결과 파싱 중...
    [파서] product_id 행: 20개
    [파서] 후보 컨테이너: 20개
    [1p] 후보 20건 발견 → 필터링 시작
    ✅ [24타경87492] 경기도 구리시 갈매동 596, 갈매역아이파크 801동 28층 2803호 / 260401 / 감정가:854,000,000 / 면적:[대지권 37.105㎡(11.22평), 건물 84.944㎡(25.7평),공급34평형]
    🚫 [2/20] 특수물건 제외: 특수물건 키워드='선순위임차권'
    🚫 [3/20] 특수물건 제외: 특수물건 value=3
    🚫 [4/20] 특수물건 제외: 특수물건 value=4
    🚫 [5/20] 특수물건 제외: 특수물건 value=5
    🚫 [6/20] 특수물건 제외: 특수물건 키워드='대지권미등기'
    🚫 [7/20] 특수물건 제외: 특수물건 키워드='대지권미등기'
    🚫 [8/20] 특수물건 제외: 특수물건 키워드='대지권미등기'
    🚫 [9/20] 특수물건 제외: 특수물건 키워드='대지권미등기'
    🚫 [10/20] 특수물건 제외: 특수물건 키워드='대지권미등기'
    🚫 [11/20] 특수물건 제외: 특수물건 키워드='대지권미등기'
    🚫 [12/20] 특수물건 제외: 특수물건 value=12
    🚫 [13/20] 특수물건 제외: 특수물건 value=13
    🚫 [14/20] 특수물건 제외: 특수물건 value=14
    🚫 [15/20] 특수물건 제외: 특수물건 value=15
    🚫 [16/20] 특수물건 제외: 특수물건 value=16
    🚫 [17/20] 특수물건 제외: 특수물건 value=17
    🚫 [18/20] 특수물건 제외: 특수물건 value=18
    🚫 [19/20] 특수물건 제외: 특수물건 value=19
    🚫 [20/20] 특수물건 제외: 특수물건 value=20
    [1p] 결과: 1건 추출 (특수물건제외:19 면적:0 가격:0 중복:0 기간:0)

   총 다음버튼페이지 감지

📋 [2페이지] 이동 중...
   페이지이동: clicked:2
    [파서] product_id 행: 20개
    [파서] 후보 컨테이너: 20개
    [2p] 후보 20건 발견 → 필터링 시작
    🚫 [1/20] 특수물건 제외: 특수물건 키워드='대지권미등기'
    ✅ [24타경52357] 경기도 김포시 운양동 1249-1, 풍경마을한강한라비발디 112동 14층 1404호 / 260407 / 감정가:674,000,000 / 면적:[대지권 58.9㎡(17.82평), 건물 105.978㎡(32.06평),공급39평형]
    🚫 [3/20] 특수물건 제외: 특수물건 value=3
    🚫 [4/20] 특수물건 제외: 특수물건 value=4
    🚫 [5/20] 특수물건 제외: 특수물건 value=5
    🚫 [6/20] 특수물건 제외: 특수물건 키워드='임차권등기'
    🚫 [7/20] 특수물건 제외: 특수물건 키워드='선순위임차권'
    ✅ [25타경71448] 경기도 남양주시 호평동 724, 호평파라곤 118동 6층 602호 / 260407 / 감정가:600,000,000 / 면적:[대지권 74.32㎡(22.48평), 건물 130.64㎡(39.52평)]
    ✅ [24타경6188] 창원 / 260408 / 감정가:440,000,000 / 면적:[대지권 74.254㎡(22.46평), 건물 127.163㎡(38.47평),공급46평형]
    ✅ [24타경36645] 경기도 이천시 중리동 213, 이천라온팰리스 25층 2508호 / 260408 / 감정가:366,000,000 / 면적:[대지권 11.76㎡(3.56평), 건물 84.836㎡(25.66평),공급33평형]
    🚫 [11/20] 특수물건 제외: 특수물건 키워드='선순위전세권'
    🚫 [12/20] 특수물건 제외: 특수물건 value=12
    🚫 [13/20] 특수물건 제외: 특수물건 value=13
    🚫 [14/20] 특수물건 제외: 특수물건 value=14
    🚫 [15/20] 특수물건 제외: 특수물건 value=15
    🚫 [16/20] 특수물건 제외: 특수물건 value=16
    🚫 [17/20] 특수물건 제외: 특수물건 value=17
    🚫 [18/20] 특수물건 제외: 특수물건 value=18
    🚫 [19/20] 특수물건 제외: 특수물건 value=19
    🚫 [20/20] 특수물건 제외: 특수물건 value=20
    [2p] 결과: 4건 추출 (특수물건제외:16 면적:0 가격:0 중복:0 기간:0)

📋 [3페이지] 이동 중...
   페이지이동: clicked:3
    [파서] product_id 행: 20개
    [파서] 후보 컨테이너: 20개
    [3p] 후보 20건 발견 → 필터링 시작
    🚫 [1/20] 특수물건 제외: 특수물건 키워드='임차권등기'
    ✅ [25타경71544] 경기도 가평군 설악면 선촌리 663, 북한강코아루 103동 8층 801호 / 260409 / 감정가:307,000,000 / 면적:[대지권 46.76㎡(14.14평), 건물 84.84㎡(25.66평),공급35평형]
    🚫 [3/20] 특수물건 제외: 특수물건 value=3
    🚫 [4/20] 특수물건 제외: 특수물건 value=4
    🚫 [5/20] 특수물건 제외: 특수물건 value=5
    🚫 [6/20] 특수물건 제외: 특수물건 키워드='선순위임차권'
    ✅ [21타경2702] 부산광역시 해운대구 중동 1818 외 2필지, 해운대힐스테이트위브 티-104동 5층 501호 / 260413 / 감정가:990,000,000 / 면적:[대지권 63.573㎡(19.23평), 건물 109.277㎡(33.06평),공급43평형]
    ✅ [24타경51524] 경기도 평택시 고덕동 1897-3, 신안인스빌시그니처 276동 6층 603호 / 260413 / 감정가:606,000,000 / 면적:[대지권 64.25㎡(19.44평), 건물 84.953㎡(25.7평),공급32평형]
    ✅ [25타경922] 대구광역시 수성구 시지동 349 외 3필지, 전원타운 105동 2층 202호 / 260413 / 감정가:457,000,000 / 면적:[대지권 54.76㎡(16.56평), 건물 116.67㎡(35.29평),공급42평형]
    🚫 [10/20] 특수물건 제외: 특수물건 키워드='임차권등기'
    🚫 [11/20] 특수물건 제외: 특수물건 키워드='임차권등기'
    🚫 [12/20] 특수물건 제외: 특수물건 value=12
    🚫 [13/20] 특수물건 제외: 특수물건 value=13
    🚫 [14/20] 특수물건 제외: 특수물건 value=14
    🚫 [15/20] 특수물건 제외: 특수물건 value=15
    🚫 [16/20] 특수물건 제외: 특수물건 value=16
    🚫 [17/20] 특수물건 제외: 특수물건 value=17
    🚫 [18/20] 특수물건 제외: 특수물건 value=18
    🚫 [19/20] 특수물건 제외: 특수물건 value=19
    🚫 [20/20] 특수물건 제외: 특수물건 value=20
    [3p] 결과: 4건 추출 (특수물건제외:16 면적:0 가격:0 중복:0 기간:0)

📋 [4페이지] 이동 중...
   페이지이동: clicked:4
    [파서] product_id 행: 20개
    [파서] 후보 컨테이너: 20개
    [4p] 후보 20건 발견 → 필터링 시작
    🚫 [1/20] 특수물건 제외: 특수물건 키워드='임차권등기'
    🚫 [2/20] 특수물건 제외: 특수물건 키워드='임차권등기'
    🚫 [3/20] 특수물건 제외: 특수물건 value=3
    🚫 [4/20] 특수물건 제외: 특수물건 value=4
    🚫 [5/20] 특수물건 제외: 특수물건 value=5
    ✅ [24타경104494] 부산광역시 수영구 망미동 941-1, 망미로얄베스토피아 5동 11층 1102호 / 260420 / 감정가:226,000,000 / 면적:[대지권 45.43㎡(13.74평), 건물 84.43㎡(25.54평),공급31평형]
    🚫 [7/20] 특수물건 제외: 특수물건 키워드='선순위임차권'
    🚫 [8/20] 특수물건 제외: 특수물건 키워드='대지권미등기'
    ✅ [25타경1976] 대구광역시 달서구 월성동 277, 월성보성타운 205동 6층 605호 / 260421 / 감정가:247,000,000 / 면적:[대지권 57.79㎡(17.48평), 건물 134.705㎡(40.75평),공급48평형]
    ✅ [25타경50933] 청주 / 260421 / 감정가:227,000,000 / 면적:[대지권 48.86㎡(14.78평), 건물 84.894㎡(25.68평),공급33평형]
    🚫 [11/20] 특수물건 제외: 특수물건 키워드='임차권등기'
    🚫 [12/20] 특수물건 제외: 특수물건 value=12
    🚫 [13/20] 특수물건 제외: 특수물건 value=13
    🚫 [14/20] 특수물건 제외: 특수물건 value=14
    🚫 [15/20] 특수물건 제외: 특수물건 value=15
    🚫 [16/20] 특수물건 제외: 특수물건 value=16
    🚫 [17/20] 특수물건 제외: 특수물건 value=17
    🚫 [18/20] 특수물건 제외: 특수물건 value=18
    🚫 [19/20] 특수물건 제외: 특수물건 value=19
    🚫 [20/20] 특수물건 제외: 특수물건 value=20
    [4p] 결과: 3건 추출 (특수물건제외:17 면적:0 가격:0 중복:0 기간:0)

📋 [5페이지] 이동 중...
   페이지이동: clicked:5
    [파서] product_id 행: 20개
    [파서] 후보 컨테이너: 20개
    [5p] 후보 20건 발견 → 필터링 시작
    ✅ [25타경31930] 광주광역시 서구 치평동 1171-4, 금호쌍용아파트 202동 1층 104호 / 260423 / 감정가:863,000,000 / 면적:[대지권 75.67㎡(22.89평), 건물 164.81㎡(49.86평),공급60평형]
    ✅ [25타경33686] 경기도 김포시 양촌읍 양곡리 1316, 김포한강신원아침도시고다니마을 702동 4층 401호 / 260423 / 감정가:338,000,000 / 면적:[대지권 60.78㎡(18.39평), 건물 84.92㎡(25.69평),공급34평형]
    🚫 [3/20] 특수물건 제외: 특수물건 value=3
    🚫 [4/20] 특수물건 제외: 특수물건 value=4
    🚫 [5/20] 특수물건 제외: 특수물건 value=5
    🚫 [6/20] 특수물건 제외: 특수물건 키워드='선순위임차권'
    ✅ [25타경472] 대전천안 / 260428 / 감정가:263,000,000 / 면적:[대지권 55.54㎡(16.8평), 건물 84.974㎡(25.7평),공급33평형]
    🚫 [8/20] 특수물건 제외: 특수물건 키워드='선순위임차권'
    ✅ [25타경63276] 경기도 고양시 덕양구 고양동 719, 푸른마을아파트 307동 15층 1501호 / 260429 / 감정가:290,000,000 / 면적:[대지권 38.71㎡(11.71평), 건물 84.94㎡(25.69평),공급32평형]
    ✅ [25타경367] 울산광역시 북구 화봉동 452, 동아아파트 107동 6층 604호 / 260430 / 감정가:302,000,000 / 면적:[대지권 88.08㎡(26.64평), 건물 85㎡(25.71평),공급30평형]
    🚫 [11/20] 특수물건 제외: 특수물건 키워드='임차권등기'
    🚫 [12/20] 특수물건 제외: 특수물건 value=12
    🚫 [13/20] 특수물건 제외: 특수물건 value=13
    🚫 [14/20] 특수물건 제외: 특수물건 value=14
    🚫 [15/20] 특수물건 제외: 특수물건 value=15
    🚫 [16/20] 특수물건 제외: 특수물건 value=16
    🚫 [17/20] 특수물건 제외: 특수물건 value=17
    🚫 [18/20] 특수물건 제외: 특수물건 value=18
    🚫 [19/20] 특수물건 제외: 특수물건 value=19
    🚫 [20/20] 특수물건 제외: 특수물건 value=20
    [5p] 결과: 5건 추출 (특수물건제외:15 면적:0 가격:0 중복:0 기간:0)

📋 [6페이지] 이동 중...
   페이지이동: clicked:6
    [파서] product_id 행: 4개
    [파서] 후보 컨테이너: 4개
    [6p] 후보 4건 발견 → 필터링 시작
    ✅ [25타경11815] 서울특별시 구로구 궁동 184-6 외 1필지, 대명하이빌 5층 501호 / 260512 / 감정가:467,000,000 / 면적:[대지권 49.15㎡(14.87평), 건물 84.94㎡(25.69평)]
    ✅ [25타경32459] 광주광역시 광산구 수완동 913, 광주수완코오롱하늘채 110동 2층 201호 / 260512 / 감정가:679,000,000 / 면적:[대지권 52.83㎡(15.98평), 건물 103.71㎡(31.37평),공급41평형]
    🚫 [3/4] 특수물건 제외: 특수물건 value=3
    🚫 [4/4] 특수물건 제외: 특수물건 value=4
    [6p] 결과: 2건 추출 (특수물건제외:2 면적:0 가격:0 중복:0 기간:0)

📋 [7페이지] 이동 중...
   페이지이동: not_found|fns={}|nums=["2","3","4","5"]
   ⚠️ [7p] 페이지 내용이 이전과 동일 → 페이지 이동 실패, 크롤링 종료

📦 신규 등록 대상: 19건

👋 크롤링 종료

📤 MAPS에 등록 중...
  ✅ MAPS 등록 완료: 19건 저장, 0건 중복 제외

🎉 완료!
