[LOG] 로그 파일: C:\LJW\MAPS_TEST\00.imageup\logs\20260402_114436_apt84.log
[INFO] 조사물건 크롤링 - 아파트, 84m2, 2~10억 (auction1.co.kr)...

🔑 계정: mjjang1

📡 MAPS 기존 데이터 조회 중...
   기존 등록: 0건

🔐 로그인 중...
   ✓ 로그인 완료

[INFO] 경매 검색 시작 (아파트, 84m2, 2~10억, special=설정안함)...
   v 종합검색 href: https://www.auction1.co.kr/auction/ca_title.php
   v fm_aulist 검색폼 확인
   검색 조건 세팅 중...
   [폼값확인] {'b_area1': '84', 'b_count1': '2', 'b_count2': '3', 'max_price': '100000', 'min_price': '20000', 's_class': '1', 'special': '0', 'state': '1,2,17,18'}
   ✓ 검색 조건 세팅 완료 (special=설정안함/전체)
   ✓ 목록 수: 기본개
   ✓ 정렬 설정: 없음
   v 검색 버튼 클릭 완료 [css:#fm_aulist > table > tbody > tr:nth-chil]

📋 [1페이지] 결과 파싱 중...
    [파서] product_id 행: 20개
    [파서] 후보 컨테이너: 20개
    [1p] 후보 20건 발견 → 필터링 시작
    🚫 [1/20] 특수물건 제외: 특수물건 키워드='선순위전세권'
    🚫 [2/20] 특수물건 제외: 특수물건 키워드='임차권등기'
    🚫 [3/20] 특수물건 제외: 특수물건 value=3
    🚫 [4/20] 특수물건 제외: 특수물건 value=4
    🚫 [5/20] 특수물건 제외: 특수물건 value=5
    🚫 [6/20] 특수물건 제외: 특수물건 키워드='대지권미등기'
    🚫 [7/20] 특수물건 제외: 특수물건 키워드='대지권미등기'
    🚫 [8/20] 특수물건 제외: 특수물건 키워드='대지권미등기'
    🚫 [9/20] 특수물건 제외: 특수물건 키워드='대지권미등기'
    🚫 [10/20] 특수물건 제외: 특수물건 키워드='대지권미등기'
    🚫 [11/20] 특수물건 제외: 특수물건 키워드='대지권미등기'
    🚫 [12/20] 특수물건 제외: 특수물건 value=12
    🚫 [13/20] 특수물건 제외: 특수물건 value=13
    🚫 [14/20] 특수물건 제외: 특수물건 value=14
    🚫 [15/20] 특수물건 제외: 특수물건 value=15
    🚫 [16/20] 특수물건 제외: 특수물건 value=16
    🚫 [17/20] 특수물건 제외: 특수물건 value=17
    🚫 [18/20] 특수물건 제외: 특수물건 value=18
    🚫 [19/20] 특수물건 제외: 특수물건 value=19
    🚫 [20/20] 특수물건 제외: 특수물건 value=20
    [1p] 결과: 0건 추출 (특수물건제외:20 면적:0 가격:0 중복:0 기간:0)

   총 다음버튼페이지 감지

📋 [2페이지] 이동 중...
   페이지이동: clicked:2
    [파서] product_id 행: 20개
    [파서] 후보 컨테이너: 20개
    [2p] 후보 20건 발견 → 필터링 시작
    ✅ [2025타경3794] 대전광역시 중구 부사동 101-1 외 3필지, 남대전종합시장아이비 지하층 비101호 / 260407 / 감정가:675,000,000 / 면적:[대지권 141.989㎡(42.95평), 건물 402.266㎡(121.69평)]
    ✅ [2025타경8017] 대구광역시 수성구 만촌동 1429, 메트로팔레스 309동 18층 1801호 / 260407 / 감정가:450,000,000 / 면적:[대지권 36.38㎡(11평), 건물 84.93㎡(25.69평),공급34평형]
    🚫 [3/20] 특수물건 제외: 특수물건 value=3
    🚫 [4/20] 특수물건 제외: 특수물건 value=4
    🚫 [5/20] 특수물건 제외: 특수물건 value=5
    ✅ [2025타경71448] 경기도 남양주시 호평동 724, 호평파라곤 118동 6층 602호 / 260407 / 감정가:600,000,000 / 면적:[대지권 74.32㎡(22.48평), 건물 130.64㎡(39.52평)]
    ✅ [2024타경6188] 창원 / 260408 / 감정가:440,000,000 / 면적:[대지권 74.254㎡(22.46평), 건물 127.163㎡(38.47평),공급46평형]
    ✅ [2024타경36645] 경기도 이천시 중리동 213, 이천라온팰리스 25층 2508호 / 260408 / 감정가:366,000,000 / 면적:[대지권 11.76㎡(3.56평), 건물 84.836㎡(25.66평),공급33평형]
    🚫 [9/20] 특수물건 제외: 특수물건 키워드='선순위전세권'
    ✅ [2024타경113029] 부산광역시 사하구 당리동 407, 당리신익아파트 1동 13층 1301호 / 260408 / 감정가:314,000,000 / 면적:[대지권 99.85㎡(30.2평), 건물 164.98㎡(49.91평),공급59평형]
    ✅ [2025타경21659] 부산광역시 금정구 청룡동 350, 경동아파트 101동 17층 1703호 / 260408 / 감정가:655,000,000 / 면적:[대지권 78.198㎡(23.65평), 건물 186.65㎡(56.46평),공급65평형]
    🚫 [12/20] 특수물건 제외: 특수물건 value=12
    🚫 [13/20] 특수물건 제외: 특수물건 value=13
    🚫 [14/20] 특수물건 제외: 특수물건 value=14
    🚫 [15/20] 특수물건 제외: 특수물건 value=15
    🚫 [16/20] 특수물건 제외: 특수물건 value=16
    🚫 [17/20] 특수물건 제외: 특수물건 value=17
    🚫 [18/20] 특수물건 제외: 특수물건 value=18
    🚫 [19/20] 특수물건 제외: 특수물건 value=19
    🚫 [20/20] 특수물건 제외: 특수물건 value=20
    [2p] 결과: 7건 추출 (특수물건제외:13 면적:0 가격:0 중복:0 기간:0)

📋 [3페이지] 이동 중...
   페이지이동: clicked:3
    [파서] product_id 행: 20개
    [파서] 후보 컨테이너: 20개
    [3p] 후보 20건 발견 → 필터링 시작
    ✅ [2024타경16860] 인천광역시 남동구 간석동 217-2 외 3필지, 아크로팰리스 주건축물제1동 2층 205호 / 260410 / 감정가:293,000,000 / 면적:[대지권 14.38㎡(4.35평), 건물 84.686㎡(25.62평)]
    🚫 [2/20] 특수물건 제외: 특수물건 키워드='선순위임차권'
    🚫 [3/20] 특수물건 제외: 특수물건 value=3
    🚫 [4/20] 특수물건 제외: 특수물건 value=4
    🚫 [5/20] 특수물건 제외: 특수물건 value=5
    ✅ [2025타경922] 대구광역시 수성구 시지동 349 외 3필지, 전원타운 105동 2층 202호 / 260413 / 감정가:457,000,000 / 면적:[대지권 54.76㎡(16.56평), 건물 116.67㎡(35.29평),공급42평형]
    🚫 [7/20] 특수물건 제외: 특수물건 키워드='대지권미등기'
    🚫 [8/20] 특수물건 제외: 특수물건 키워드='임차권등기'
    ✅ [2024타경65200] 서울특별시 은평구 응암동 694-1, 응암우성아파트 102동 8층 805호 / 260414 / 감정가:795,000,000 / 면적:[대지권 66.6㎡(20.15평), 건물 115.67㎡(34.99평),공급42평형]
    ✅ [2024타경77166] 경기도 파주시 금촌동 52-39, 금촌타워상가아파트 9층 903호 / 260414 / 감정가:217,000,000 / 면적:[대지권 14.68㎡(4.44평), 건물 104.33㎡(31.56평),공급42평형]
    🚫 [11/20] 특수물건 제외: 특수물건 키워드='임차권등기'
    🚫 [12/20] 특수물건 제외: 특수물건 value=12
    🚫 [13/20] 특수물건 제외: 특수물건 value=13
    🚫 [14/20] 특수물건 제외: 특수물건 value=14
    🚫 [15/20] 특수물건 제외: 특수물건 value=15
    🚫 [16/20] 특수물건 제외: 특수물건 value=16
    🚫 [17/20] 특수물건 제외: 특수물건 value=17
    🚫 [18/20] 특수물건 제외: 특수물건 value=18
    🚫 [19/20] 특수물건 제외: 특수물건 value=19
    🚫 [20/20] 특수물건 제외: 특수물건 value=20
    [3p] 결과: 4건 추출 (특수물건제외:16 면적:0 가격:0 중복:0 기간:0)

📋 [4페이지] 이동 중...
   페이지이동: clicked:4
    [파서] product_id 행: 20개
    [파서] 후보 컨테이너: 20개
    [4p] 후보 20건 발견 → 필터링 시작
    🚫 [1/20] 특수물건 제외: 특수물건 키워드='선순위임차권'
    🚫 [2/20] 특수물건 제외: 특수물건 키워드='대지권미등기'
    🚫 [3/20] 특수물건 제외: 특수물건 value=3
    🚫 [4/20] 특수물건 제외: 특수물건 value=4
    🚫 [5/20] 특수물건 제외: 특수물건 value=5
    ✅ [2025타경2978] 경기도 파주시 동패동 2071, 금강펜테리움센트럴파크 603동 11층 1104호 / 260422 / 감정가:617,000,000 / 면적:[대지권 73.23㎡(22.15평), 건물 84.874㎡(25.67평)]
    ✅ [2025타경9140] 서울특별시 양천구 신정동 1218-1, 일진아이윌아파트 101동 6층 601호 / 260422 / 감정가:991,000,000 / 면적:[대지권 78.05㎡(23.61평), 건물 127.487㎡(38.56평),공급49평형]
    ✅ [2025타경10891] 대구김천 / 260422 / 감정가:379,000,000 / 면적:[대지권 63.46㎡(19.2평), 건물 84.021㎡(25.42평),공급34평형]
    🚫 [9/20] 특수물건 제외: 특수물건 키워드='임차권등기'
    ✅ [2025타경33177] 광주광역시 동구 산수동 568-1, 두암타운 113동 6층 601호 / 260422 / 감정가:351,000,000 / 면적:[대지권 71.34㎡(21.58평), 건물 134.79㎡(40.77평),공급47평형]
    ✅ [2024타경50740] 경기도 부천시 소사구 소사본동 56, 더봄힐아파트 8층 801호 / 260423 / 감정가:651,000,000 / 면적:[대지권 47.34㎡(14.32평), 건물 99.54㎡(30.11평)]
    🚫 [12/20] 특수물건 제외: 특수물건 value=12
    🚫 [13/20] 특수물건 제외: 특수물건 value=13
    🚫 [14/20] 특수물건 제외: 특수물건 value=14
    🚫 [15/20] 특수물건 제외: 특수물건 value=15
    🚫 [16/20] 특수물건 제외: 특수물건 value=16
    🚫 [17/20] 특수물건 제외: 특수물건 value=17
    🚫 [18/20] 특수물건 제외: 특수물건 value=18
    🚫 [19/20] 특수물건 제외: 특수물건 value=19
    🚫 [20/20] 특수물건 제외: 특수물건 value=20
    [4p] 결과: 5건 추출 (특수물건제외:15 면적:0 가격:0 중복:0 기간:0)

📋 [5페이지] 이동 중...
   페이지이동: clicked:5
    [파서] product_id 행: 20개
    [파서] 후보 컨테이너: 20개
    [5p] 후보 20건 발견 → 필터링 시작
    🚫 [1/20] 특수물건 제외: 특수물건 키워드='선순위임차권'
    ✅ [2025타경472] 대전천안 / 260428 / 감정가:263,000,000 / 면적:[대지권 55.54㎡(16.8평), 건물 84.974㎡(25.7평),공급33평형]
    🚫 [3/20] 특수물건 제외: 특수물건 value=3
    🚫 [4/20] 특수물건 제외: 특수물건 value=4
    🚫 [5/20] 특수물건 제외: 특수물건 value=5
    🚫 [6/20] 특수물건 제외: 특수물건 키워드='임차권등기'
    ✅ [2025타경20617] 창원마산 / 260430 / 감정가:453,000,000 / 면적:[대지권 50.13㎡(15.16평), 건물 118.249㎡(35.77평),공급44평형]
    ✅ [2025타경72657] 경기도 동두천시 지행동 172, 지행동동양엔파트 107동 2층 203호 / 260430 / 감정가:304,000,000 / 면적:[대지권 57.14㎡(17.28평), 건물 104.382㎡(31.58평),공급40평형]
    🚫 [9/20] 특수물건 제외: 특수물건 키워드='선순위전세권'
    🚫 [10/20] 특수물건 제외: 특수물건 키워드='선순위임차권'
    ✅ [2023타경84528] 경기도 용인시 기흥구 보라동 558 외 1필지, 민속마을신창미션힐아파트 205동 10층 1002호 / 260506 / 감정가:567,000,000 / 면적:[대지권 89.562㎡(27.09평), 건물 144.586㎡(43.74평),공급56평형]
    🚫 [12/20] 특수물건 제외: 특수물건 value=12
    🚫 [13/20] 특수물건 제외: 특수물건 value=13
    🚫 [14/20] 특수물건 제외: 특수물건 value=14
    🚫 [15/20] 특수물건 제외: 특수물건 value=15
    🚫 [16/20] 특수물건 제외: 특수물건 value=16
    🚫 [17/20] 특수물건 제외: 특수물건 value=17
    🚫 [18/20] 특수물건 제외: 특수물건 value=18
    🚫 [19/20] 특수물건 제외: 특수물건 value=19
    🚫 [20/20] 특수물건 제외: 특수물건 value=20
    [5p] 결과: 4건 추출 (특수물건제외:16 면적:0 가격:0 중복:0 기간:0)

📋 [6페이지] 이동 중...
   페이지이동: clicked:6
    [파서] product_id 행: 5개
    [파서] 후보 컨테이너: 5개
    [6p] 후보 5건 발견 → 필터링 시작
    ✅ [2025타경32459] 광주광역시 광산구 수완동 913, 광주수완코오롱하늘채 110동 2층 201호 / 260512 / 감정가:679,000,000 / 면적:[대지권 52.83㎡(15.98평), 건물 103.71㎡(31.37평),공급41평형]
    🚫 [2/5] 특수물건 제외: 특수물건 키워드='임차권등기'
    🚫 [3/5] 특수물건 제외: 특수물건 value=3
    🚫 [4/5] 특수물건 제외: 특수물건 value=4
    🚫 [5/5] 특수물건 제외: 특수물건 value=5
    [6p] 결과: 1건 추출 (특수물건제외:4 면적:0 가격:0 중복:0 기간:0)

📋 [7페이지] 이동 중...
   페이지이동: not_found|fns={}|nums=["2","3","4","5"]
   ⚠️ [7p] 페이지 내용이 이전과 동일 → 페이지 이동 실패, 크롤링 종료

📦 신규 등록 대상: 21건

👋 크롤링 종료

📤 MAPS에 등록 중...
  ✅ MAPS 등록 완료: 21건 저장, 0건 중복 제외

🎉 완료!
