[LOG] 로그 파일: C:\LJW\MAPS_TEST\00.imageup\logs\20260402_121750_apt84.log
[INFO] 조사물건 크롤링 - 아파트, 84m2, 2~10억 (auction1.co.kr)...

🔑 계정: mjjang1

📡 MAPS 기존 데이터 조회 중...
   기존 등록: 20건

🔐 로그인 중...
   ✓ 로그인 완료

[INFO] 경매 검색 시작 (아파트, 84m2, 2~10억, special=설정안함)...
   v 종합검색 href: https://www.auction1.co.kr/auction/ca_title.php
   v fm_aulist 검색폼 확인
   검색 조건 세팅 중...
   [폼값확인] {'b_area1': '84', 'b_count1': '2', 'b_count2': '3', 'max_price': '100000', 'min_price': '20000', 's_class': '1', 'special': '0', 'state': '1,2,17,18'}
   ✓ 검색 조건 세팅 완료 (special=설정안함/전체)
   ✓ 목록 수: 기본개
   ✓ 정렬 설정: 없음
   v 검색 버튼 클릭 완료 [css:#fm_aulist > table > tbody > tr:nth-chil]

📋 [1페이지] 결과 파싱 중...
    [파서] product_id 행: 20개
    [파서] 후보 컨테이너: 20개
    [1p] 후보 20건 발견 → 필터링 시작
    🚫 [1/20] 특수물건 제외: 특수물건 키워드='선순위전세권'
    🚫 [2/20] 특수물건 제외: 특수물건 키워드='대지권 미등기'
    🚫 [3/20] 특수물건 제외: 특수물건 value=3
    🚫 [4/20] 특수물건 제외: 특수물건 value=4
    🚫 [5/20] 특수물건 제외: 특수물건 value=5
    🚫 [6/20] 특수물건 제외: 특수물건 키워드='대지권 미등기'
    🚫 [7/20] 특수물건 제외: 특수물건 키워드='대지권 미등기'
    🚫 [8/20] 특수물건 제외: 특수물건 키워드='대지권 미등기'
    🚫 [9/20] 특수물건 제외: 특수물건 키워드='대지권 미등기'
    🚫 [10/20] 특수물건 제외: 특수물건 키워드='대지권 미등기'
    🚫 [11/20] 특수물건 제외: 특수물건 키워드='대지권 미등기'
    🚫 [12/20] 특수물건 제외: 특수물건 value=12
    🚫 [13/20] 특수물건 제외: 특수물건 value=13
    🚫 [14/20] 특수물건 제외: 특수물건 value=14
    🚫 [15/20] 특수물건 제외: 특수물건 value=15
    🚫 [16/20] 특수물건 제외: 특수물건 value=16
    🚫 [17/20] 특수물건 제외: 특수물건 value=17
    🚫 [18/20] 특수물건 제외: 특수물건 value=18
    🚫 [19/20] 특수물건 제외: 특수물건 value=19
    🚫 [20/20] 특수물건 제외: 특수물건 value=20
    [1p] 결과: 0건 추출 (특수물건제외:20 면적:0 가격:0 중복:0 기간:0)

   총 다음버튼페이지 감지

📋 [2페이지] 이동 중...
   페이지이동: clicked:2
    [파서] product_id 행: 20개
    [파서] 후보 컨테이너: 20개
    [2p] 후보 20건 발견 → 필터링 시작
    ✅ [2025타경8017] 대구광역시 수성구 만촌동 1429, 메트로팔레스 309동 18층 1801호 / 260407 / 특수:유치권 / 감정가:450,000,000
    🚫 [2/20] 특수물건 제외: 특수물건 키워드='선순위임차권'
    🚫 [3/20] 특수물건 제외: 특수물건 value=3
    🚫 [4/20] 특수물건 제외: 특수물건 value=4
    🚫 [5/20] 특수물건 제외: 특수물건 value=5
    ✅ [2024타경6188] 경상남도 김해시 구산동 576 외 1필지, 한라비발디 111동 14층 1402호 / 260408 / 특수:없음 / 감정가:440,000,000
    ✅ [2024타경36645] 경기도 이천시 중리동 213, 이천라온팰리스 25층 2508호 / 260408 / 특수:없음 / 감정가:366,000,000
    🚫 [8/20] 특수물건 제외: 특수물건 키워드='선순위전세권'
    ✅ [2024타경113029] 부산광역시 사하구 당리동 407, 당리신익아파트 1동 13층 1301호 / 260408 / 특수:없음 / 감정가:314,000,000
    ✅ [2025타경21659] 부산광역시 금정구 청룡동 350, 경동아파트 101동 17층 1703호 / 260408 / 특수:없음 / 감정가:655,000,000
    ✅ [2025타경32369] 광주광역시 광산구 흑석동 811, 수완센트럴시티서희스타힐스 105동 14층 1401호 / 260408 / 특수:오늘공개신건 / 감정가:434,000,000
    🚫 [12/20] 특수물건 제외: 특수물건 value=12
    🚫 [13/20] 특수물건 제외: 특수물건 value=13
    🚫 [14/20] 특수물건 제외: 특수물건 value=14
    🚫 [15/20] 특수물건 제외: 특수물건 value=15
    🚫 [16/20] 특수물건 제외: 특수물건 value=16
    🚫 [17/20] 특수물건 제외: 특수물건 value=17
    🚫 [18/20] 특수물건 제외: 특수물건 value=18
    🚫 [19/20] 특수물건 제외: 특수물건 value=19
    🚫 [20/20] 특수물건 제외: 특수물건 value=20
    [2p] 결과: 6건 추출 (특수물건제외:14 면적:0 가격:0 중복:0 기간:0)

📋 [3페이지] 이동 중...
   페이지이동: clicked:3
    [파서] product_id 행: 20개
    [파서] 후보 컨테이너: 20개
    [3p] 후보 20건 발견 → 필터링 시작
    🚫 [1/20] 특수물건 제외: 특수물건 키워드='선순위임차권'
    🚫 [2/20] 특수물건 제외: 특수물건 키워드='선순위임차권'
    🚫 [3/20] 특수물건 제외: 특수물건 value=3
    🚫 [4/20] 특수물건 제외: 특수물건 value=4
    🚫 [5/20] 특수물건 제외: 특수물건 value=5
    🚫 [6/20] 특수물건 제외: 특수물건 키워드='대지권 미등기'
    🚫 [7/20] 특수물건 제외: 특수물건 키워드='임차권등기'
    ✅ [2024타경65200] 서울특별시 은평구 응암동 694-1, 응암우성아파트 102동 8층 805호 / 260414 / 특수:반값경매 / 감정가:795,000,000
    ✅ [2024타경77166] 경기도 파주시 금촌동 52-39, 금촌타워상가아파트 9층 903호 / 260414 / 특수:없음 / 감정가:217,000,000
    🚫 [10/20] 특수물건 제외: 특수물건 키워드='임차권등기'
    ✅ [2025타경31907] 대구광역시 달서구 월성동 500-9 외 1필지, 월성우방타운 106동 5층 501호 / 260414 / 특수:오늘공개신건 / 감정가:367,000,000
    🚫 [12/20] 특수물건 제외: 특수물건 value=12
    🚫 [13/20] 특수물건 제외: 특수물건 value=13
    🚫 [14/20] 특수물건 제외: 특수물건 value=14
    🚫 [15/20] 특수물건 제외: 특수물건 value=15
    🚫 [16/20] 특수물건 제외: 특수물건 value=16
    🚫 [17/20] 특수물건 제외: 특수물건 value=17
    🚫 [18/20] 특수물건 제외: 특수물건 value=18
    🚫 [19/20] 특수물건 제외: 특수물건 value=19
    🚫 [20/20] 특수물건 제외: 특수물건 value=20
    [3p] 결과: 3건 추출 (특수물건제외:17 면적:0 가격:0 중복:0 기간:0)

📋 [4페이지] 이동 중...
   페이지이동: clicked:4
    [파서] product_id 행: 20개
    [파서] 후보 컨테이너: 20개
    [4p] 후보 20건 발견 → 필터링 시작
    🚫 [1/20] 특수물건 제외: 특수물건 키워드='대지권 미등기'
    ✅ [2025타경1976] 대구광역시 달서구 월성동 277, 월성보성타운 205동 6층 605호 / 260421 / 특수:법정지상권 / 감정가:247,000,000
    🚫 [3/20] 특수물건 제외: 특수물건 value=3
    🚫 [4/20] 특수물건 제외: 특수물건 value=4
    🚫 [5/20] 특수물건 제외: 특수물건 value=5
    ✅ [2025타경9140] 서울특별시 양천구 신정동 1218-1, 일진아이윌아파트 101동 6층 601호 / 260422 / 특수:임금채권 / 감정가:991,000,000
    ✅ [2025타경10891] 경상북도 김천시 율곡동 773, 힐스테이트율곡 109동 12층 1203호 / 260422 / 특수:없음 / 감정가:379,000,000
    🚫 [8/20] 특수물건 제외: 특수물건 키워드='임차권등기'
    ✅ [2025타경33177] 광주광역시 동구 산수동 568-1, 두암타운 113동 6층 601호 / 260422 / 특수:없음 / 감정가:351,000,000
    ✅ [2024타경50740] 경기도 부천시 소사구 소사본동 56, 더봄힐아파트 8층 801호 / 260423 / 특수:없음 / 감정가:651,000,000
    ✅ [2024타경109265] 대전광역시 서구 월평동 312-1, 진달래아파트 105동 14층 1404호 / 260423 / 특수:오늘공개신건 / 감정가:420,000,000
    🚫 [12/20] 특수물건 제외: 특수물건 value=12
    🚫 [13/20] 특수물건 제외: 특수물건 value=13
    🚫 [14/20] 특수물건 제외: 특수물건 value=14
    🚫 [15/20] 특수물건 제외: 특수물건 value=15
    🚫 [16/20] 특수물건 제외: 특수물건 value=16
    🚫 [17/20] 특수물건 제외: 특수물건 value=17
    🚫 [18/20] 특수물건 제외: 특수물건 value=18
    🚫 [19/20] 특수물건 제외: 특수물건 value=19
    🚫 [20/20] 특수물건 제외: 특수물건 value=20
    [4p] 결과: 6건 추출 (특수물건제외:14 면적:0 가격:0 중복:0 기간:0)

📋 [5페이지] 이동 중...
   페이지이동: clicked:5
    [파서] product_id 행: 20개
    [파서] 후보 컨테이너: 20개
    [5p] 후보 20건 발견 → 필터링 시작
    ✅ [2025타경472] 충청남도 천안시 서북구 차암동 448, 천안한화꿈에그린스마일시티아파트 110동 601호 / 260428 / 특수:유치권 / 감정가:263,000,000
    🚫 [2/20] 특수물건 제외: 특수물건 키워드='선순위임차권'
    🚫 [3/20] 특수물건 제외: 특수물건 value=3
    🚫 [4/20] 특수물건 제외: 특수물건 value=4
    🚫 [5/20] 특수물건 제외: 특수물건 value=5
    ✅ [2025타경20617] 경상남도 창원시 마산합포구 월포동 1 외 3필지, 경동메르빌 106동 4층 402호 / 260430 / 특수:없음 / 감정가:453,000,000
    ✅ [2025타경72657] 경기도 동두천시 지행동 172, 지행동동양엔파트 107동 2층 203호 / 260430 / 특수:없음 / 감정가:304,000,000
    🚫 [8/20] 특수물건 제외: 특수물건 키워드='선순위전세권'
    🚫 [9/20] 특수물건 제외: 특수물건 키워드='선순위임차권'
    ✅ [2023타경84528] 경기도 용인시 기흥구 보라동 558 외 1필지, 민속마을신창미션힐아파트 205동 10층 1002호 / 260506 / 특수:없음 / 감정가:567,000,000
    ✅ [2025타경755] 부산광역시 사하구 하단동 1175 외 1필지, 가락타운아파트 206동 1층 102호 / 260506 / 특수:오늘공개신건 / 감정가:489,000,000
    🚫 [12/20] 특수물건 제외: 특수물건 value=12
    🚫 [13/20] 특수물건 제외: 특수물건 value=13
    🚫 [14/20] 특수물건 제외: 특수물건 value=14
    🚫 [15/20] 특수물건 제외: 특수물건 value=15
    🚫 [16/20] 특수물건 제외: 특수물건 value=16
    🚫 [17/20] 특수물건 제외: 특수물건 value=17
    🚫 [18/20] 특수물건 제외: 특수물건 value=18
    🚫 [19/20] 특수물건 제외: 특수물건 value=19
    🚫 [20/20] 특수물건 제외: 특수물건 value=20
    [5p] 결과: 5건 추출 (특수물건제외:15 면적:0 가격:0 중복:0 기간:0)

📋 [6페이지] 이동 중...
   페이지이동: clicked:6
    [파서] product_id 행: 6개
    [파서] 후보 컨테이너: 6개
    [6p] 후보 6건 발견 → 필터링 시작
    ✅ [2025타경11815] 서울특별시 구로구 궁동 184-6 외 1필지, 대명하이빌 5층 501호 / 260512 / 특수:유치권 / 감정가:467,000,000
    ✅ [2025타경32459] 광주광역시 광산구 수완동 913, 광주수완코오롱하늘채 110동 2층 201호 / 260512 / 특수:법정지상권 / 감정가:679,000,000
    🚫 [3/6] 특수물건 제외: 특수물건 value=3
    🚫 [4/6] 특수물건 제외: 특수물건 value=4
    🚫 [5/6] 특수물건 제외: 특수물건 value=5
    🚫 [6/6] 특수물건 제외: 특수물건 키워드='임차권등기'
    [6p] 결과: 2건 추출 (특수물건제외:4 면적:0 가격:0 중복:0 기간:0)

📋 [7페이지] 이동 중...
   페이지이동: not_found|fns={}|nums=["2","3","4","5"]
   ⚠️ [7p] 페이지 내용이 이전과 동일 → 페이지 이동 실패, 크롤링 종료

📦 신규 등록 대상: 22건

👋 크롤링 종료

📤 MAPS에 등록 중...
  ✅ MAPS 등록 완료: 22건 저장, 0건 중복 제외

🎉 완료!
