[LOG] 로그 파일: C:\LJW\MAPS_TEST\00.imageup\logs\20260402_151719_apt84.log
[INFO] 조사물건 크롤링 - 아파트, 84m2, 2~10억 (auction1.co.kr)...

🔑 계정: mjjang1

📡 MAPS 기존 데이터 조회 중...
   기존 등록: 0건

🔐 로그인 중...
   ✓ 로그인 완료

==================================================
🔍 특수물건 [오늘공고신건] (value=31) 검색
==================================================
   v 종합검색 href: https://www.auction1.co.kr/auction/ca_title.php

📋 [1페이지] 파싱 중...
    [파서] product_id 행: 0개
    [디버그] tr[id]:4 | h>50:1 | 첫id=list_header | tbody수:11
    [파서] fallback(tr전체): 54개
    [파서] 후보 컨테이너: 3개
    [1p] 후보 3건 발견 → 필터링 시작
    ✅ [번호미상0] 기타 /  / 특수:오늘공고신건 / 감정가:
    [1p] 결과: 1건 추출 (가격필터:0 기간:0)

📋 [2페이지] 이동 중...
    [파서] product_id 행: 0개
    [디버그] tr[id]:4 | h>50:1 | 첫id=list_header | tbody수:11
    [파서] fallback(tr전체): 54개
    [파서] 후보 컨테이너: 3개
    [2p] 후보 3건 발견 → 필터링 시작
    ✅ [번호미상0] 기타 /  / 특수:오늘공고신건 / 감정가:
    [2p] 결과: 1건 추출 (가격필터:0 기간:0)

📋 [3페이지] 이동 중...
   ⚠️ [3p] 페이지 이동 실패, 종료
   → [오늘공고신건] 2건 수집

==================================================
🔍 특수물건 [재매각] (value=11) 검색
==================================================
   v 종합검색 href: https://www.auction1.co.kr/auction/ca_title.php

📋 [1페이지] 파싱 중...
    [파서] product_id 행: 8개
    [파서] 후보 컨테이너: 8개
    [1p] 후보 8건 발견 → 필터링 시작
    ✅ [2024타경4130] 부산광역시 동래구 낙민동 236 외 1필지, 삼주아파트 10층 1002호 / 260407 / 특수:재매각 / 감정가:220,000,000
    ✅ [2025타경32369] 광주광역시 광산구 흑석동 811, 수완센트럴시티서희스타힐스 105동 14층 1401호 / 260408 / 특수:재매각 / 감정가:434,000,000
    ✅ [2024타경50375] 경기도 김포시 고촌읍 향산리 83-1, 힐스테이트리버시티2단지 209동 5층 502호 / 260414 / 특수:재매각 / 감정가:736,000,000
    ✅ [2024타경80569] 경기도 남양주시 퇴계원읍 퇴계원리 369 외 1필지, 신별내퇴계원어울림 103동 1층 101호 / 260414 / 특수:재매각 / 감정가:504,000,000
    ✅ [2024타경366] 전북특별자치도 익산시 영등동 821, 영등3차제일아파트 507동 12층 1204호 / 260420 / 특수:재매각 / 감정가:222,100,000
    ✅ [2025타경50933] 충청북도 청주시 상당구 금천동 270, 장자마을현대아파트 203동 3층 301호 / 260421 / 특수:재매각 / 감정가:227,000,000
    ✅ [2024타경109265] 대전광역시 서구 월평동 312-1, 진달래아파트 105동 14층 1404호 / 260423 / 특수:재매각 / 감정가:420,000,000
    ✅ [2025타경20237] 전북특별자치도 군산시 조촌동 3943, 군산디오션시티푸르지오 202동 18층 1802호 / 260427 / 특수:재매각 / 감정가:396,000,000
    [1p] 결과: 8건 추출 (가격필터:0 기간:0)

📋 [2페이지] 이동 중...
   ⚠️ [2p] 페이지 이동 실패, 종료
   → [재매각] 8건 수집

==================================================
🔍 특수물건 [재진행] (value=42) 검색
==================================================
   v 종합검색 href: https://www.auction1.co.kr/auction/ca_title.php

📋 [1페이지] 파싱 중...
    [파서] product_id 행: 10개
    [파서] 후보 컨테이너: 10개
    [1p] 후보 10건 발견 → 필터링 시작
    ✅ [2024타경103989] 부산광역시 해운대구 반여동 1088, 센텀강변현대아파트 102동 1층 106호 / 260406 / 특수:재진행 / 감정가:246,000,000
    ✅ [2024타경6188] 경상남도 김해시 구산동 576 외 1필지, 한라비발디 111동 14층 1402호 / 260408 / 특수:재진행 / 감정가:440,000,000
    ✅ [2024타경36645] 경기도 이천시 중리동 213, 이천라온팰리스 25층 2508호 / 260408 / 특수:재진행 / 감정가:366,000,000
    ✅ [2025타경62804] 경기도 파주시 목동동 911, 운정센트레빌 310동 15층 1503호 / 260408 / 특수:재진행 / 감정가:686,000,000
    ✅ [2023타경3885] 경상남도 김해시 동상동 1104, 롯데캐슬가야2단지 203동 8층 805호 / 260409 / 특수:재진행 / 감정가:357,000,000
    ✅ [2024타경77166] 경기도 파주시 금촌동 52-39, 금촌타워상가아파트 9층 903호 / 260414 / 특수:재진행 / 감정가:217,000,000
    ✅ [2024타경104494] 부산광역시 수영구 망미동 941-1, 망미로얄베스토피아 5동 11층 1102호 / 260420 / 특수:재진행 / 감정가:226,000,000
    ✅ [2022타경71355] 경기도 고양시 일산서구 덕이동 1535, 하이파크시티일산파밀리에4단지 402동 12층 1201호 / 260421 / 특수:재진행 / 감정가:999,000,000
    ✅ [2025타경50256] 경기도 광주시 초월읍 쌍동리 394, 초월이-편한세상 202동 9층 902호 / 260427 / 특수:재진행 / 감정가:380,000,000
    ✅ [2025타경21156] 부산광역시 영도구 동삼동 1124-2, 반도보라비치타운 102동 16층 1605호 / 260519 / 특수:재진행 / 감정가:205,000,000
    [1p] 결과: 10건 추출 (가격필터:0 기간:0)

📋 [2페이지] 이동 중...
   ⚠️ [2p] 페이지 이동 실패, 종료
   → [재진행] 10건 수집

==================================================
🔍 특수물건 [반값경매] (value=8) 검색
==================================================
   v 종합검색 href: https://www.auction1.co.kr/auction/ca_title.php

📋 [1페이지] 파싱 중...
    [파서] product_id 행: 0개
    [디버그] tr[id]:0 | h>50:0 | tbody수:2
    [파서] fallback(tr전체): 11개
    [파서] 후보 컨테이너: 0개
    [1p] 처리할 물건이 없습니다.

📋 [2페이지] 이동 중...
    [파서] product_id 행: 0개
    [디버그] tr[id]:0 | h>50:0 | tbody수:2
    [파서] fallback(tr전체): 11개
    [파서] 후보 컨테이너: 0개
    [2p] 처리할 물건이 없습니다.
   → [반값경매] 0건 수집

==================================================
🔍 특수물건 [1년경과물건] (value=24) 검색
==================================================
   v 종합검색 href: https://www.auction1.co.kr/auction/ca_title.php

📋 [1페이지] 파싱 중...
    [파서] product_id 행: 0개
    [디버그] tr[id]:0 | h>50:0 | tbody수:2
    [파서] fallback(tr전체): 11개
    [파서] 후보 컨테이너: 0개
    [1p] 처리할 물건이 없습니다.

📋 [2페이지] 이동 중...
    [파서] product_id 행: 0개
    [디버그] tr[id]:0 | h>50:0 | tbody수:2
    [파서] fallback(tr전체): 11개
    [파서] 후보 컨테이너: 0개
    [2p] 처리할 물건이 없습니다.
   → [1년경과물건] 0건 수집

==================================================
🔍 특수물건 [위반건축물] (value=33) 검색
==================================================
   v 종합검색 href: https://www.auction1.co.kr/auction/ca_title.php

📋 [1페이지] 파싱 중...
    [파서] product_id 행: 0개
    [디버그] tr[id]:0 | h>50:0 | tbody수:2
    [파서] fallback(tr전체): 11개
    [파서] 후보 컨테이너: 0개
    [1p] 처리할 물건이 없습니다.

📋 [2페이지] 이동 중...
    [파서] product_id 행: 0개
    [디버그] tr[id]:0 | h>50:0 | tbody수:2
    [파서] fallback(tr전체): 11개
    [파서] 후보 컨테이너: 0개
    [2p] 처리할 물건이 없습니다.
   → [위반건축물] 0건 수집

==================================================
🔍 특수물건 [초보자경매] (value=34) 검색
==================================================
   v 종합검색 href: https://www.auction1.co.kr/auction/ca_title.php

📋 [1페이지] 파싱 중...
    [파서] product_id 행: 0개
    [디버그] tr[id]:0 | h>50:0 | tbody수:2
    [파서] fallback(tr전체): 11개
    [파서] 후보 컨테이너: 0개
    [1p] 처리할 물건이 없습니다.

📋 [2페이지] 이동 중...
    [파서] product_id 행: 0개
    [디버그] tr[id]:0 | h>50:0 | tbody수:2
    [파서] fallback(tr전체): 11개
    [파서] 후보 컨테이너: 0개
    [2p] 처리할 물건이 없습니다.
   → [초보자경매] 0건 수집

==================================================
🔍 특수물건 [유치권] (value=1) 검색
==================================================
   v 종합검색 href: https://www.auction1.co.kr/auction/ca_title.php

📋 [1페이지] 파싱 중...
    [파서] product_id 행: 0개
    [디버그] tr[id]:0 | h>50:0 | tbody수:2
    [파서] fallback(tr전체): 11개
    [파서] 후보 컨테이너: 0개
    [1p] 처리할 물건이 없습니다.

📋 [2페이지] 이동 중...
    [파서] product_id 행: 0개
    [디버그] tr[id]:0 | h>50:0 | tbody수:2
    [파서] fallback(tr전체): 11개
    [파서] 후보 컨테이너: 0개
    [2p] 처리할 물건이 없습니다.
   → [유치권] 0건 수집

==================================================
🔍 특수물건 [법정지상권] (value=2) 검색
==================================================
   v 종합검색 href: https://www.auction1.co.kr/auction/ca_title.php

📋 [1페이지] 파싱 중...
    [파서] product_id 행: 0개
    [디버그] tr[id]:0 | h>50:0 | tbody수:2
    [파서] fallback(tr전체): 11개
    [파서] 후보 컨테이너: 0개
    [1p] 처리할 물건이 없습니다.

📋 [2페이지] 이동 중...
    [파서] product_id 행: 0개
    [디버그] tr[id]:0 | h>50:0 | tbody수:2
    [파서] fallback(tr전체): 11개
    [파서] 후보 컨테이너: 0개
    [2p] 처리할 물건이 없습니다.
   → [법정지상권] 0건 수집

==================================================
🔍 특수물건 [분묘기지권] (value=29) 검색
==================================================
   v 종합검색 href: https://www.auction1.co.kr/auction/ca_title.php

📋 [1페이지] 파싱 중...
    [파서] product_id 행: 0개
    [디버그] tr[id]:0 | h>50:0 | tbody수:2
    [파서] fallback(tr전체): 11개
    [파서] 후보 컨테이너: 0개
    [1p] 처리할 물건이 없습니다.

📋 [2페이지] 이동 중...
    [파서] product_id 행: 0개
    [디버그] tr[id]:0 | h>50:0 | tbody수:2
    [파서] fallback(tr전체): 11개
    [파서] 후보 컨테이너: 0개
    [2p] 처리할 물건이 없습니다.
   → [분묘기지권] 0건 수집

==================================================
🔍 특수물건 [유치권배제신청] (value=35) 검색
==================================================
   v 종합검색 href: https://www.auction1.co.kr/auction/ca_title.php

📋 [1페이지] 파싱 중...
    [파서] product_id 행: 0개
    [디버그] tr[id]:0 | h>50:0 | tbody수:2
    [파서] fallback(tr전체): 11개
    [파서] 후보 컨테이너: 0개
    [1p] 처리할 물건이 없습니다.

📋 [2페이지] 이동 중...
    [파서] product_id 행: 0개
    [디버그] tr[id]:0 | h>50:0 | tbody수:2
    [파서] fallback(tr전체): 11개
    [파서] 후보 컨테이너: 0개
    [2p] 처리할 물건이 없습니다.
   → [유치권배제신청] 0건 수집

==================================================
🔍 특수물건 [임금채권] (value=36) 검색
==================================================
   v 종합검색 href: https://www.auction1.co.kr/auction/ca_title.php

📋 [1페이지] 파싱 중...
    [파서] product_id 행: 0개
    [디버그] tr[id]:0 | h>50:0 | tbody수:2
    [파서] fallback(tr전체): 11개
    [파서] 후보 컨테이너: 0개
    [1p] 처리할 물건이 없습니다.

📋 [2페이지] 이동 중...
    [파서] product_id 행: 0개
    [디버그] tr[id]:0 | h>50:0 | tbody수:2
    [파서] fallback(tr전체): 11개
    [파서] 후보 컨테이너: 0개
    [2p] 처리할 물건이 없습니다.
   → [임금채권] 0건 수집

==================================================
🔍 특수물건 [HUG임차권] (value=45) 검색
==================================================
   v 종합검색 href: https://www.auction1.co.kr/auction/ca_title.php

📋 [1페이지] 파싱 중...
    [파서] product_id 행: 0개
    [디버그] tr[id]:0 | h>50:0 | tbody수:2
    [파서] fallback(tr전체): 11개
    [파서] 후보 컨테이너: 0개
    [1p] 처리할 물건이 없습니다.

📋 [2페이지] 이동 중...
    [파서] product_id 행: 0개
    [디버그] tr[id]:0 | h>50:0 | tbody수:2
    [파서] fallback(tr전체): 11개
    [파서] 후보 컨테이너: 0개
    [2p] 처리할 물건이 없습니다.
   → [HUG임차권] 0건 수집

==================================================
🔍 특수물건 [형식적경매(유치권)] (value=25) 검색
==================================================
   v 종합검색 href: https://www.auction1.co.kr/auction/ca_title.php

📋 [1페이지] 파싱 중...
    [파서] product_id 행: 0개
    [디버그] tr[id]:0 | h>50:0 | tbody수:2
    [파서] fallback(tr전체): 11개
    [파서] 후보 컨테이너: 0개
    [1p] 처리할 물건이 없습니다.

📋 [2페이지] 이동 중...
    [파서] product_id 행: 0개
    [디버그] tr[id]:0 | h>50:0 | tbody수:2
    [파서] fallback(tr전체): 11개
    [파서] 후보 컨테이너: 0개
    [2p] 처리할 물건이 없습니다.
   → [형식적경매(유치권)] 0건 수집

==================================================
🔍 특수물건 [형식적경매(공유물분할)] (value=26) 검색
==================================================
   v 종합검색 href: https://www.auction1.co.kr/auction/ca_title.php

📋 [1페이지] 파싱 중...
    [파서] product_id 행: 0개
    [디버그] tr[id]:0 | h>50:0 | tbody수:2
    [파서] fallback(tr전체): 11개
    [파서] 후보 컨테이너: 0개
    [1p] 처리할 물건이 없습니다.

📋 [2페이지] 이동 중...
    [파서] product_id 행: 0개
    [디버그] tr[id]:0 | h>50:0 | tbody수:2
    [파서] fallback(tr전체): 11개
    [파서] 후보 컨테이너: 0개
    [2p] 처리할 물건이 없습니다.
   → [형식적경매(공유물분할)] 0건 수집

==================================================
🔍 특수물건 [형식적경매(청산)] (value=27) 검색
==================================================
   v 종합검색 href: https://www.auction1.co.kr/auction/ca_title.php

📋 [1페이지] 파싱 중...
    [파서] product_id 행: 0개
    [디버그] tr[id]:0 | h>50:0 | tbody수:2
    [파서] fallback(tr전체): 11개
    [파서] 후보 컨테이너: 0개
    [1p] 처리할 물건이 없습니다.

📋 [2페이지] 이동 중...
    [파서] product_id 행: 0개
    [디버그] tr[id]:0 | h>50:0 | tbody수:2
    [파서] fallback(tr전체): 11개
    [파서] 후보 컨테이너: 0개
    [2p] 처리할 물건이 없습니다.
   → [형식적경매(청산)] 0건 수집

==================================================
🔍 특수물건 [형식적경매(기타)] (value=28) 검색
==================================================
   v 종합검색 href: https://www.auction1.co.kr/auction/ca_title.php

📋 [1페이지] 파싱 중...
    [파서] product_id 행: 0개
    [디버그] tr[id]:0 | h>50:0 | tbody수:2
    [파서] fallback(tr전체): 11개
    [파서] 후보 컨테이너: 0개
    [1p] 처리할 물건이 없습니다.

📋 [2페이지] 이동 중...
    [파서] product_id 행: 0개
    [디버그] tr[id]:0 | h>50:0 | tbody수:2
    [파서] fallback(tr전체): 11개
    [파서] 후보 컨테이너: 0개
    [2p] 처리할 물건이 없습니다.
   → [형식적경매(기타)] 0건 수집

==================================================
🔍 특수물건 [공시1억이하] (value=46) 검색
==================================================
   v 종합검색 href: https://www.auction1.co.kr/auction/ca_title.php

📋 [1페이지] 파싱 중...
    [파서] product_id 행: 0개
    [디버그] tr[id]:0 | h>50:0 | tbody수:2
    [파서] fallback(tr전체): 11개
    [파서] 후보 컨테이너: 0개
    [1p] 처리할 물건이 없습니다.

📋 [2페이지] 이동 중...

❌ 오류 발생:
Traceback (most recent call last):
  File "C:\LJW\MAPS_TEST\00.imageup\new 아파트, 84, 2-10억.py", line 903, in run_crawler
    sp_items = crawl_all_pages(sp_name)
  File "C:\LJW\MAPS_TEST\00.imageup\new 아파트, 84, 2-10억.py", line 874, in crawl_all_pages
    pg_items, pg_total = parse_search_results(driver, existing_keys, page_no=pg, item_summary=summary_name)
                         ~~~~~~~~~~~~~~~~~~~~^^^^^^^^^^^^^^^^^^^^^^^^^^^^^^^^^^^^^^^^^^^^^^^^^^^^^^^^^^^^^^
  File "C:\LJW\MAPS_TEST\00.imageup\new 아파트, 84, 2-10억.py", line 490, in parse_search_results
    all_containers_raw = driver.execute_script("""
        // product_id 링크가 있는 tr → 실제 경매 물건 행
    ...<9 lines>...
        return result;
    """)
  File "C:\Users\MJ경매-이쁜언니\AppData\Local\Programs\Python\Python314\Lib\site-packages\selenium\webdriver\remote\webdriver.py", line 407, in execute_script
    return self.execute(command, {"script": script, "args": converted_args})["value"]
           ~~~~~~~~~~~~^^^^^^^^^^^^^^^^^^^^^^^^^^^^^^^^^^^^^^^^^^^^^^^^^^^^^
  File "C:\Users\MJ경매-이쁜언니\AppData\Local\Programs\Python\Python314\Lib\site-packages\selenium\webdriver\remote\webdriver.py", line 347, in execute
    self.error_handler.check_response(response)
    ~~~~~~~~~~~~~~~~~~~~~~~~~~~~~~~~~^^^^^^^^^^
  File "C:\Users\MJ경매-이쁜언니\AppData\Local\Programs\Python\Python314\Lib\site-packages\selenium\webdriver\remote\errorhandler.py", line 229, in check_response
    raise exception_class(message, screen, stacktrace)
selenium.common.exceptions.InvalidSessionIdException: Message: invalid session id
Stacktrace:
	chromedriver!GetHandleVerifier [0xf1cdf3+10b03]
	chromedriver!GetHandleVerifier [0xf1cf24+10c34]
	chromedriver!(No symbol) [0xd01f5e]
	chromedriver!(No symbol) [0xd3f4b7]
	chromedriver!(No symbol) [0xd6d9c6]
	chromedriver!(No symbol) [0xd68e42]
	chromedriver!(No symbol) [0xd68462]
	chromedriver!(No symbol) [0xcd534e]
	chromedriver!(No symbol) [0xcd58ee]
	chromedriver!(No symbol) [0xcd5dcd]
	chromedriver!GetHandleVerifier [0x11848b9+2785c9]
	chromedriver!GetHandleVerifier [0x117feb5+273bc5]
	chromedriver!GetHandleVerifier [0x119e06b+291d7b]
	chromedriver!GetHandleVerifier [0xf35cc8+299d8]
	chromedriver!GetHandleVerifier [0xf3d9fd+3170d]
	chromedriver!(No symbol) [0xcd4ee9]
	chromedriver!(No symbol) [0xcd4530]
	chromedriver!GetHandleVerifier [0x12d2e9f+3c6baf]
	KERNEL32!BaseThreadInitThunk [0x759ffcc9+19]
	ntdll!RtlGetAppContainerNamedObjectPath [0x776e82ae+11e]
	ntdll!RtlGetAppContainerNamedObjectPath [0x776e827e+ee]


👋 크롤링 종료

📤 MAPS에 등록 중...
  ✅ MAPS 등록 완료: 20건 저장, 0건 중복 제외

🎉 완료!
