[LOG] 로그 파일: C:\LJW\MAPS_TEST\00.imageup\logs\20260402_171443_apt84.log
[INFO] 조사물건 크롤링 - 아파트, 84m2, 2~10억 (auction1.co.kr)...

🔑 계정: mjjang1

📡 MAPS 기존 데이터 조회 중...
   기존 등록: 0건

🔐 로그인 중...
   ✓ 로그인 완료

==================================================
🔍 특수물건 [오늘공고신건] (value=31) 검색
==================================================
   v 종합검색 href: https://www.auction1.co.kr/auction/ca_title.php

📋 [1페이지] 파싱 중...
    [파서] product_id 행: 0개
    [디버그] tr[id]:4 | h>50:1 | tbody수:11
    [파서] fallback(tr전체): 54개
    [파서] 후보 컨테이너: 3개
    [1p] 후보 3건 발견 → 필터링 시작
    ✅ [번호미상0] 기타 /  / 특수:오늘공고신건 / 감정가:
    [1p] 결과: 1건 추출 (가격필터:0 기간:0)

📋 [2페이지] 이동 중...
    [파서] product_id 행: 0개
    [디버그] tr[id]:4 | h>50:1 | tbody수:11
    [파서] fallback(tr전체): 54개
    [파서] 후보 컨테이너: 3개
    [2p] 후보 3건 발견 → 필터링 시작
    ✅ [번호미상0] 기타 /  / 특수:오늘공고신건 / 감정가:
    [2p] 결과: 1건 추출 (가격필터:0 기간:0)

📋 [3페이지] 이동 중...
   ⚠️ [3p] 페이지 이동 실패, 종료
   → [오늘공고신건] 2건 수집

==================================================
🔍 특수물건 [재매각] (value=11) 검색
==================================================
   ♻️  검색폼 재활용: 특수물건만 변경

📋 [1페이지] 파싱 중...
    [파서] product_id 행: 8개
    [파서] 후보 컨테이너: 8개
    [1p] 후보 8건 발견 → 필터링 시작
    ✅ [2024타경4130] 부산광역시 동래구 낙민동 236 외 1필지, 삼주아파트 10층 1002호 / 260407 / 특수:재매각 / 감정가:220,000,000
    ✅ [2025타경32369] 광주광역시 광산구 흑석동 811, 수완센트럴시티서희스타힐스 105동 14층 1401호 / 260408 / 특수:재매각 / 감정가:434,000,000
    ✅ [2024타경50375] 경기도 김포시 고촌읍 향산리 83-1, 힐스테이트리버시티2단지 209동 5층 502호 / 260414 / 특수:재매각 / 감정가:736,000,000
    ✅ [2024타경80569] 경기도 남양주시 퇴계원읍 퇴계원리 369 외 1필지, 신별내퇴계원어울림 103동 1층 101호 / 260414 / 특수:재매각 / 감정가:504,000,000
    ✅ [2024타경366] 전북특별자치도 익산시 영등동 821, 영등3차제일아파트 507동 12층 1204호 / 260420 / 특수:재매각 / 감정가:222,100,000
    ✅ [2025타경50933] 충청북도 청주시 상당구 금천동 270, 장자마을현대아파트 203동 3층 301호 / 260421 / 특수:재매각 / 감정가:227,000,000
    ✅ [2024타경109265] 대전광역시 서구 월평동 312-1, 진달래아파트 105동 14층 1404호 / 260423 / 특수:재매각 / 감정가:420,000,000
    ✅ [2025타경20237] 전북특별자치도 군산시 조촌동 3943, 군산디오션시티푸르지오 202동 18층 1802호 / 260427 / 특수:재매각 / 감정가:396,000,000
    [1p] 결과: 8건 추출 (가격필터:0 기간:0)

📋 [2페이지] 이동 중...
   ⚠️ [2p] 페이지 이동 실패, 종료
   → [재매각] 8건 수집

==================================================
🔍 특수물건 [재진행] (value=42) 검색
==================================================
   ♻️  검색폼 재활용: 특수물건만 변경

📋 [1페이지] 파싱 중...
    [파서] product_id 행: 11개
    [파서] 후보 컨테이너: 11개
    [1p] 후보 11건 발견 → 필터링 시작
    ✅ [2024타경103989] 부산광역시 해운대구 반여동 1088, 센텀강변현대아파트 102동 1층 106호 / 260406 / 특수:재진행 / 감정가:246,000,000
    ✅ [2024타경6188] 경상남도 김해시 구산동 576 외 1필지, 한라비발디 111동 14층 1402호 / 260408 / 특수:재진행 / 감정가:440,000,000
    ✅ [2024타경36645] 경기도 이천시 중리동 213, 이천라온팰리스 25층 2508호 / 260408 / 특수:재진행 / 감정가:366,000,000
    ✅ [2025타경62804] 경기도 파주시 목동동 911, 운정센트레빌 310동 15층 1503호 / 260408 / 특수:재진행 / 감정가:686,000,000
    ✅ [2023타경3885] 경상남도 김해시 동상동 1104, 롯데캐슬가야2단지 203동 8층 805호 / 260409 / 특수:재진행 / 감정가:357,000,000
    ✅ [2024타경77166] 경기도 파주시 금촌동 52-39, 금촌타워상가아파트 9층 903호 / 260414 / 특수:재진행 / 감정가:217,000,000
    ✅ [2024타경104494] 부산광역시 수영구 망미동 941-1, 망미로얄베스토피아 5동 11층 1102호 / 260420 / 특수:재진행 / 감정가:226,000,000
    ✅ [2022타경71355] 경기도 고양시 일산서구 덕이동 1535, 하이파크시티일산파밀리에4단지 402동 12층 1201호 / 260421 / 특수:재진행 / 감정가:999,000,000
    ✅ [2025타경3723] 경상북도 포항시 남구 효자동 609, 효자웰빙타운에스케이뷰3차 302동 4층 406호 / 260427 / 특수:재진행 / 감정가:372,000,000
    ✅ [2025타경50256] 경기도 광주시 초월읍 쌍동리 394, 초월이-편한세상 202동 9층 902호 / 260427 / 특수:재진행 / 감정가:380,000,000
    ✅ [2025타경21156] 부산광역시 영도구 동삼동 1124-2, 반도보라비치타운 102동 16층 1605호 / 260519 / 특수:재진행 / 감정가:205,000,000
    [1p] 결과: 11건 추출 (가격필터:0 기간:0)

📋 [2페이지] 이동 중...
   ⚠️ [2p] 페이지 이동 실패, 종료
   → [재진행] 11건 수집

==================================================
🔍 특수물건 [반값경매] (value=8) 검색
==================================================
   ♻️  검색폼 재활용: 특수물건만 변경

📋 [1페이지] 파싱 중...
    [파서] product_id 행: 20개
    [파서] 후보 컨테이너: 20개
    [1p] 후보 20건 발견 → 필터링 시작
    ✅ [2022타경4474] 경기도 광주시 문형동 600 외 229필지, 오포문형양우내안애아파트 101동 2층 201호 / 260406 / 특수:반값경매 / 감정가:445,000,000
    ✅ [2022타경4474] 경기도 광주시 문형동 600 외 229필지, 오포문형양우내안애아파트 101동 6층 602호 / 260406 / 특수:반값경매 / 감정가:445,000,000
    ✅ [2022타경4474] 경기도 광주시 문형동 600 외 229필지, 오포문형양우내안애아파트 101동 7층 703호 / 260406 / 특수:반값경매 / 감정가:445,000,000
    ✅ [2022타경4474] 경기도 광주시 문형동 600 외 229필지, 오포문형양우내안애아파트 101동 11층 1102호 / 260406 / 특수:반값경매 / 감정가:468,000,000
    ✅ [2022타경4474] 경기도 광주시 문형동 600 외 229필지, 오포문형양우내안애아파트 101동 12층 1203호 / 260406 / 특수:반값경매 / 감정가:468,000,000
    ✅ [2022타경4474] 경기도 광주시 문형동 600 외 229필지, 오포문형양우내안애아파트 101동 15층 1503호 / 260406 / 특수:반값경매 / 감정가:468,000,000
    ✅ [2022타경4474] 경기도 광주시 문형동 600 외 229필지, 오포문형양우내안애아파트 101동 16층 1604호 / 260406 / 특수:반값경매 / 감정가:468,000,000
    ✅ [2022타경4474] 경기도 광주시 문형동 600 외 229필지, 오포문형양우내안애아파트 102동 6층 604호 / 260406 / 특수:반값경매 / 감정가:445,000,000
    ✅ [2022타경4474] 경기도 광주시 문형동 600 외 229필지, 오포문형양우내안애아파트 109동 9층 902호 / 260406 / 특수:반값경매 / 감정가:445,000,000
    ✅ [2022타경4474] 경기도 광주시 문형동 600 외 229필지, 오포문형양우내안애아파트 111동 7층 703호 / 260406 / 특수:반값경매 / 감정가:445,000,000
    ✅ [2024타경50525] 경기도 광주시 양벌동 359, 양벌리우림아파트 104동 6층 602호 / 260406 / 특수:반값경매 / 감정가:430,000,000
    ✅ [2024타경103989] 부산광역시 해운대구 반여동 1088, 센텀강변현대아파트 102동 1층 106호 / 260406 / 특수:반값경매 / 감정가:246,000,000
    ✅ [2025타경31239] 전북특별자치도 전주시 덕진구 인후동1가 1033, 위브어울림아파트 107동 13층 1302호 / 260406 / 특수:반값경매 / 감정가:355,000,000
    ✅ [2024타경4130] 부산광역시 동래구 낙민동 236 외 1필지, 삼주아파트 10층 1002호 / 260407 / 특수:반값경매 / 감정가:220,000,000
    ✅ [2024타경52357] 경기도 김포시 운양동 1249-1, 풍경마을한강한라비발디 112동 14층 1404호 / 260407 / 특수:반값경매 / 감정가:674,000,000
    ✅ [2025타경3794] 대전광역시 중구 부사동 101-1 외 3필지, 남대전종합시장아이비 지하층 비101호 / 260407 / 특수:반값경매 / 감정가:675,000,000
    ✅ [2025타경10544] 경상북도 경주시 용강동 1813, 두산위브트레지움 108동 14층 1403호 / 260407 / 특수:반값경매 / 감정가:428,000,000
    ✅ [2025타경54861] 경기도 용인시 기흥구 상하동 621, 수원동마을쌍용아파트 310동 3층 303호 / 260407 / 특수:반값경매 / 감정가:330,000,000
    ✅ [2025타경71448] 경기도 남양주시 호평동 724, 호평파라곤 118동 6층 602호 / 260407 / 특수:반값경매 / 감정가:600,000,000
    ✅ [2024타경113029] 부산광역시 사하구 당리동 407, 당리신익아파트 1동 13층 1301호 / 260408 / 특수:반값경매 / 감정가:314,000,000
    [1p] 결과: 20건 추출 (가격필터:0 기간:0)

📋 [2페이지] 이동 중...
    [파서] product_id 행: 20개
    [파서] 후보 컨테이너: 20개
    [2p] 후보 20건 발견 → 필터링 시작
    ✅ [2025타경21659] 부산광역시 금정구 청룡동 350, 경동아파트 101동 17층 1703호 / 260408 / 특수:반값경매 / 감정가:655,000,000
    ✅ [2025타경62804] 경기도 파주시 목동동 911, 운정센트레빌 310동 15층 1503호 / 260408 / 특수:반값경매 / 감정가:686,000,000
    ✅ [2025타경72137] 경기도 동두천시 생연동 335, 에이스아파트 202동 7층 704호 / 260408 / 특수:반값경매 / 감정가:216,000,000
    ✅ [2025타경101237] 부산광역시 북구 만덕동 774-7 외 2필지, 벽산라인타운 205동 14층 1404호 / 260408 / 특수:반값경매 / 감정가:341,000,000
    ✅ [2025타경101637] 부산광역시 사상구 주례동 530-5, 현대무지개타운 104동 12층 1202호 / 260408 / 특수:반값경매 / 감정가:228,000,000
    ✅ [2025타경71544] 경기도 가평군 설악면 선촌리 663, 북한강코아루 103동 8층 801호 / 260409 / 특수:반값경매 / 감정가:307,000,000
    ✅ [2025타경71611] 경기도 남양주시 호평동 616, 호평마을중흥에스-클래스 1315동 8층 801호 / 260409 / 특수:반값경매 / 감정가:666,000,000
    ✅ [2024타경16860] 인천광역시 남동구 간석동 217-2 외 3필지, 아크로팰리스 주건축물제1동 2층 205호 / 260410 / 특수:반값경매 / 감정가:293,000,000
    ✅ [2024타경566617] 인천광역시 중구 항동7가 27-107, 라이프아파트 7동 1층 106호 / 260410 / 특수:반값경매 / 감정가:317,000,000
    ✅ [2025타경7525] 대구광역시 북구 사수동 789, 브라운스톤강북 303동 23층 2304호 / 260410 / 특수:반값경매 / 감정가:250,000,000
    ✅ [2025타경922] 대구광역시 수성구 시지동 349 외 3필지, 전원타운 105동 2층 202호 / 260413 / 특수:반값경매 / 감정가:457,000,000
    ✅ [2024타경50375] 경기도 김포시 고촌읍 향산리 83-1, 힐스테이트리버시티2단지 209동 5층 502호 / 260414 / 특수:반값경매 / 감정가:736,000,000
    ✅ [2024타경53336] 경기도 김포시 감정동 685 외 3필지, 푸른마을 125동 15층 1503호 / 260414 / 특수:반값경매 / 감정가:340,000,000
    ✅ [2024타경77166] 경기도 파주시 금촌동 52-39, 금촌타워상가아파트 9층 903호 / 260414 / 특수:반값경매 / 감정가:217,000,000
    ✅ [2024타경80569] 경기도 남양주시 퇴계원읍 퇴계원리 369 외 1필지, 신별내퇴계원어울림 103동 1층 101호 / 260414 / 특수:반값경매 / 감정가:504,000,000
    ✅ [2025타경31907] 대구광역시 달서구 월성동 500-9 외 1필지, 월성우방타운 106동 5층 501호 / 260414 / 특수:반값경매 / 감정가:367,000,000
    ✅ [2025타경63791] 경기도 고양시 일산서구 대화동 2573, 킨텍스굿모닝힐 306동 13층 1305호 / 260414 / 특수:반값경매 / 감정가:470,000,000
    ✅ [2025타경101464] 부산광역시 사상구 엄궁동 680-1, 코오롱아파트 113동 11층 1102호 / 260414 / 특수:반값경매 / 감정가:292,000,000
    ✅ [2022타경24881] 경상남도 거제시 상동동 475-3, 가나마메종 3층 301호 / 260420 / 특수:반값경매 / 감정가:220,000,000
    ✅ [2024타경366] 전북특별자치도 익산시 영등동 821, 영등3차제일아파트 507동 12층 1204호 / 260420 / 특수:반값경매 / 감정가:222,100,000
    [2p] 결과: 20건 추출 (가격필터:0 기간:0)

📋 [3페이지] 이동 중...
    [파서] product_id 행: 20개
    [파서] 후보 컨테이너: 20개
    [3p] 후보 20건 발견 → 필터링 시작
    ✅ [2024타경32381] 경상남도 거제시 거제면 옥산리 1515, 거제오션파크자이 104동 2층 203호 / 260420 / 특수:반값경매 / 감정가:210,000,000
    ✅ [2024타경104494] 부산광역시 수영구 망미동 941-1, 망미로얄베스토피아 5동 11층 1102호 / 260420 / 특수:반값경매 / 감정가:226,000,000
    ✅ [2022타경71355] 경기도 고양시 일산서구 덕이동 1535, 하이파크시티일산파밀리에4단지 402동 12층 1201호 / 260421 / 특수:반값경매 / 감정가:999,000,000
    ✅ [2025타경50933] 충청북도 청주시 상당구 금천동 270, 장자마을현대아파트 203동 3층 301호 / 260421 / 특수:반값경매 / 감정가:227,000,000
    ✅ [2025타경10891] 경상북도 김천시 율곡동 773, 힐스테이트율곡 109동 12층 1203호 / 260422 / 특수:반값경매 / 감정가:379,000,000
    ✅ [2024타경50740] 경기도 부천시 소사구 소사본동 56, 더봄힐아파트 8층 801호 / 260423 / 특수:반값경매 / 감정가:651,000,000
    ✅ [2024타경109265] 대전광역시 서구 월평동 312-1, 진달래아파트 105동 14층 1404호 / 260423 / 특수:반값경매 / 감정가:420,000,000
    ✅ [2025타경10877] 경상북도 구미시 인의동 483, 인동2차서한이다음 203동 2층 202호 / 260423 / 특수:반값경매 / 감정가:218,000,000
    ✅ [2025타경33686] 경기도 김포시 양촌읍 양곡리 1316, 김포한강신원아침도시고다니마을 702동 4층 401호 / 260423 / 특수:반값경매 / 감정가:338,000,000
    ✅ [2025타경72282] 경기도 동두천시 동두천동 524 외 1필지, 동두천신창비바패밀리1단지 104동 1층 104호 / 260423 / 특수:반값경매 / 감정가:238,000,000
    ✅ [2024타경110802] 부산광역시 남구 용호동 176-30 외 2필지, 엘지메트로시티 142동 14층 1403호 / 260427 / 특수:반값경매 / 감정가:792,000,000
    ✅ [2025타경20237] 전북특별자치도 군산시 조촌동 3943, 군산디오션시티푸르지오 202동 18층 1802호 / 260427 / 특수:반값경매 / 감정가:396,000,000
    ✅ [2025타경472] 충청남도 천안시 서북구 차암동 448, 천안한화꿈에그린스마일시티아파트 110동 601호 / 260428 / 특수:반값경매 / 감정가:263,000,000
    ✅ [2025타경63276] 경기도 고양시 덕양구 고양동 719, 푸른마을아파트 307동 15층 1501호 / 260429 / 특수:반값경매 / 감정가:290,000,000
    ✅ [2025타경367] 울산광역시 북구 화봉동 452, 동아아파트 107동 6층 604호 / 260430 / 특수:반값경매 / 감정가:302,000,000
    ✅ [2025타경20540] 경상남도 창원시 마산회원구 석전동 232-1, 창원마산역동도센트리움 10층 2-1002호 / 260430 / 특수:반값경매 / 감정가:294,000,000
    ✅ [2025타경20617] 경상남도 창원시 마산합포구 월포동 1 외 3필지, 경동메르빌 106동 4층 402호 / 260430 / 특수:반값경매 / 감정가:453,000,000
    ✅ [2025타경72657] 경기도 동두천시 지행동 172, 지행동동양엔파트 107동 2층 203호 / 260430 / 특수:반값경매 / 감정가:304,000,000
    ✅ [2024타경12698] 경기도 화성시 병점구 반월동 865-1, 신영통현대아파트 106동 802호 / 260501 / 특수:반값경매 / 감정가:497,000,000
    ✅ [2023타경84528] 경기도 용인시 기흥구 보라동 558 외 1필지, 민속마을신창미션힐아파트 205동 10층 1002호 / 260506 / 특수:반값경매 / 감정가:567,000,000
    [3p] 결과: 20건 추출 (가격필터:0 기간:0)

📋 [4페이지] 이동 중...
    [파서] product_id 행: 9개
    [파서] 후보 컨테이너: 9개
    [4p] 후보 9건 발견 → 필터링 시작
    ✅ [2025타경755] 부산광역시 사하구 하단동 1175 외 1필지, 가락타운아파트 206동 1층 102호 / 260506 / 특수:반값경매 / 감정가:489,000,000
    ✅ [2025타경21657] 부산광역시 금정구 구서동 177-9, 석탑그레이스빌 6층 602호 / 260506 / 특수:반값경매 / 감정가:235,000,000
    ✅ [2025타경371] 경상남도 김해시 대청동 52-3, 비젼타워 10층 1001호 / 260507 / 특수:반값경매 / 감정가:230,000,000
    ✅ [2025타경742] 경상남도 창원시 성산구 상남동 45-1, 성원아파트 205동 4층 403호 / 260507 / 특수:반값경매 / 감정가:326,000,000
    ✅ [2024타경102177] 부산광역시 수영구 망미동 777, 삼성아파트 2동 15층 1507호 / 260512 / 특수:반값경매 / 감정가:528,000,000
    ✅ [2025타경3398] 충청북도 청주시 상당구 금천동 106-1 외 5필지, 풍림아파트 101동 8층 804호 / 260512 / 특수:반값경매 / 감정가:205,000,000
    ✅ [2025타경11792] 충청남도 천안시 서북구 두정동 2045, 천안두정역이안더센트럴 108동 4층 401호 / 260512 / 특수:반값경매 / 감정가:307,000,000
    ✅ [2025타경51273] 충청북도 청주시 청원구 오창읍 각리 637-1, 한라비발디아파트 803동 15층 1504호 / 260512 / 특수:반값경매 / 감정가:286,000,000
    ✅ [2025타경73019] 경기도 양주시 산북동 1 외 2필지, 양주한승아파트 102동 12층 1206호 / 260512 / 특수:반값경매 / 감정가:203,000,000
    [4p] 결과: 9건 추출 (가격필터:0 기간:0)

📋 [5페이지] 이동 중...
   ⚠️ [5p] 페이지 이동 실패, 종료
   → [반값경매] 69건 수집

==================================================
🔍 특수물건 [1년경과물건] (value=24) 검색
==================================================
   ♻️  검색폼 재활용: 특수물건만 변경

📋 [1페이지] 파싱 중...
    [파서] product_id 행: 20개
    [파서] 후보 컨테이너: 20개
    [1p] 후보 20건 발견 → 필터링 시작
    ✅ [2022타경4474] 경기도 광주시 문형동 600 외 229필지, 오포문형양우내안애아파트 101동 2층 201호 / 260406 / 특수:1년경과물건 / 감정가:445,000,000
    ✅ [2022타경4474] 경기도 광주시 문형동 600 외 229필지, 오포문형양우내안애아파트 101동 6층 602호 / 260406 / 특수:1년경과물건 / 감정가:445,000,000
    ✅ [2022타경4474] 경기도 광주시 문형동 600 외 229필지, 오포문형양우내안애아파트 101동 7층 703호 / 260406 / 특수:1년경과물건 / 감정가:445,000,000
    ✅ [2022타경4474] 경기도 광주시 문형동 600 외 229필지, 오포문형양우내안애아파트 101동 11층 1102호 / 260406 / 특수:1년경과물건 / 감정가:468,000,000
    ✅ [2022타경4474] 경기도 광주시 문형동 600 외 229필지, 오포문형양우내안애아파트 101동 12층 1203호 / 260406 / 특수:1년경과물건 / 감정가:468,000,000
    ✅ [2022타경4474] 경기도 광주시 문형동 600 외 229필지, 오포문형양우내안애아파트 101동 15층 1503호 / 260406 / 특수:1년경과물건 / 감정가:468,000,000
    ✅ [2022타경4474] 경기도 광주시 문형동 600 외 229필지, 오포문형양우내안애아파트 101동 16층 1604호 / 260406 / 특수:1년경과물건 / 감정가:468,000,000
    ✅ [2022타경4474] 경기도 광주시 문형동 600 외 229필지, 오포문형양우내안애아파트 102동 6층 604호 / 260406 / 특수:1년경과물건 / 감정가:445,000,000
    ✅ [2022타경4474] 경기도 광주시 문형동 600 외 229필지, 오포문형양우내안애아파트 109동 9층 902호 / 260406 / 특수:1년경과물건 / 감정가:445,000,000
    ✅ [2022타경4474] 경기도 광주시 문형동 600 외 229필지, 오포문형양우내안애아파트 111동 7층 703호 / 260406 / 특수:1년경과물건 / 감정가:445,000,000
    ✅ [2024타경50525] 경기도 광주시 양벌동 359, 양벌리우림아파트 104동 6층 602호 / 260406 / 특수:1년경과물건 / 감정가:430,000,000
    ✅ [2024타경103989] 부산광역시 해운대구 반여동 1088, 센텀강변현대아파트 102동 1층 106호 / 260406 / 특수:1년경과물건 / 감정가:246,000,000
    ✅ [2023타경109206] 서울특별시 중랑구 중화동 314-1, 태능시장주상복합빌딩 11층 1105호 / 260407 / 특수:1년경과물건 / 감정가:657,000,000
    ✅ [2024타경4130] 부산광역시 동래구 낙민동 236 외 1필지, 삼주아파트 10층 1002호 / 260407 / 특수:1년경과물건 / 감정가:220,000,000
    ✅ [2024타경52357] 경기도 김포시 운양동 1249-1, 풍경마을한강한라비발디 112동 14층 1404호 / 260407 / 특수:1년경과물건 / 감정가:674,000,000
    ✅ [2024타경6188] 경상남도 김해시 구산동 576 외 1필지, 한라비발디 111동 14층 1402호 / 260408 / 특수:1년경과물건 / 감정가:440,000,000
    ✅ [2024타경36645] 경기도 이천시 중리동 213, 이천라온팰리스 25층 2508호 / 260408 / 특수:1년경과물건 / 감정가:366,000,000
    ✅ [2024타경61276] 충청남도 당진시 채운동 1127, 당진채운코아루1차 104동 4층 404호 / 260408 / 특수:1년경과물건 / 감정가:231,000,000
    ✅ [2024타경113029] 부산광역시 사하구 당리동 407, 당리신익아파트 1동 13층 1301호 / 260408 / 특수:1년경과물건 / 감정가:314,000,000
    ✅ [2023타경3885] 경상남도 김해시 동상동 1104, 롯데캐슬가야2단지 203동 8층 805호 / 260409 / 특수:1년경과물건 / 감정가:357,000,000
    [1p] 결과: 20건 추출 (가격필터:0 기간:0)

📋 [2페이지] 이동 중...
    [파서] product_id 행: 20개
    [파서] 후보 컨테이너: 20개
    [2p] 후보 20건 발견 → 필터링 시작
    ✅ [2024타경2465] 경상남도 양산시 중부동 696-1, 대동황토방아파트 121동 11층 1101호 / 260409 / 특수:1년경과물건 / 감정가:390,000,000
    ✅ [2024타경16860] 인천광역시 남동구 간석동 217-2 외 3필지, 아크로팰리스 주건축물제1동 2층 205호 / 260410 / 특수:1년경과물건 / 감정가:293,000,000
    ✅ [2024타경566617] 인천광역시 중구 항동7가 27-107, 라이프아파트 7동 1층 106호 / 260410 / 특수:1년경과물건 / 감정가:317,000,000
    ✅ [2025타경7525] 대구광역시 북구 사수동 789, 브라운스톤강북 303동 23층 2304호 / 260410 / 특수:1년경과물건 / 감정가:250,000,000
    ✅ [2021타경2702] 부산광역시 해운대구 중동 1818 외 2필지, 해운대힐스테이트위브 티-104동 5층 501호 / 260413 / 특수:1년경과물건 / 감정가:990,000,000
    ✅ [2024타경51524] 경기도 평택시 고덕동 1897-3, 신안인스빌시그니처 276동 6층 603호 / 260413 / 특수:1년경과물건 / 감정가:606,000,000
    ✅ [2024타경50375] 경기도 김포시 고촌읍 향산리 83-1, 힐스테이트리버시티2단지 209동 5층 502호 / 260414 / 특수:1년경과물건 / 감정가:736,000,000
    ✅ [2024타경53336] 경기도 김포시 감정동 685 외 3필지, 푸른마을 125동 15층 1503호 / 260414 / 특수:1년경과물건 / 감정가:340,000,000
    ✅ [2024타경65200] 서울특별시 은평구 응암동 694-1, 응암우성아파트 102동 8층 805호 / 260414 / 특수:1년경과물건 / 감정가:795,000,000
    ✅ [2024타경77166] 경기도 파주시 금촌동 52-39, 금촌타워상가아파트 9층 903호 / 260414 / 특수:1년경과물건 / 감정가:217,000,000
    ✅ [2024타경80569] 경기도 남양주시 퇴계원읍 퇴계원리 369 외 1필지, 신별내퇴계원어울림 103동 1층 101호 / 260414 / 특수:1년경과물건 / 감정가:504,000,000
    ✅ [2024타경39057] 경기도 김포시 감정동 685 외 3필지, 푸른마을 125동 10층 1005호 / 260416 / 특수:1년경과물건 / 감정가:320,000,000
    ✅ [2022타경24881] 경상남도 거제시 상동동 475-3, 가나마메종 3층 301호 / 260420 / 특수:1년경과물건 / 감정가:220,000,000
    ✅ [2024타경366] 전북특별자치도 익산시 영등동 821, 영등3차제일아파트 507동 12층 1204호 / 260420 / 특수:1년경과물건 / 감정가:222,100,000
    ✅ [2024타경32381] 경상남도 거제시 거제면 옥산리 1515, 거제오션파크자이 104동 2층 203호 / 260420 / 특수:1년경과물건 / 감정가:210,000,000
    ✅ [2024타경104494] 부산광역시 수영구 망미동 941-1, 망미로얄베스토피아 5동 11층 1102호 / 260420 / 특수:1년경과물건 / 감정가:226,000,000
    ✅ [2022타경71355] 경기도 고양시 일산서구 덕이동 1535, 하이파크시티일산파밀리에4단지 402동 12층 1201호 / 260421 / 특수:1년경과물건 / 감정가:999,000,000
    ✅ [2025타경50933] 충청북도 청주시 상당구 금천동 270, 장자마을현대아파트 203동 3층 301호 / 260421 / 특수:1년경과물건 / 감정가:227,000,000
    ✅ [2025타경9140] 서울특별시 양천구 신정동 1218-1, 일진아이윌아파트 101동 6층 601호 / 260422 / 특수:1년경과물건 / 감정가:991,000,000
    ✅ [2024타경50740] 경기도 부천시 소사구 소사본동 56, 더봄힐아파트 8층 801호 / 260423 / 특수:1년경과물건 / 감정가:651,000,000
    [2p] 결과: 20건 추출 (가격필터:0 기간:0)

📋 [3페이지] 이동 중...
    [파서] product_id 행: 18개
    [파서] 후보 컨테이너: 18개
    [3p] 후보 18건 발견 → 필터링 시작
    ✅ [2024타경109265] 대전광역시 서구 월평동 312-1, 진달래아파트 105동 14층 1404호 / 260423 / 특수:1년경과물건 / 감정가:420,000,000
    ✅ [2025타경520] 경기도 시흥시 거모동 1766-4 외 1필지, 녹원아파트 2동 1층 106호 / 260423 / 특수:1년경과물건 / 감정가:220,000,000
    ✅ [2025타경31930] 광주광역시 서구 치평동 1171-4, 금호쌍용아파트 202동 1층 104호 / 260423 / 특수:1년경과물건 / 감정가:863,000,000
    ✅ [2024타경110802] 부산광역시 남구 용호동 176-30 외 2필지, 엘지메트로시티 142동 14층 1403호 / 260427 / 특수:1년경과물건 / 감정가:792,000,000
    ✅ [2025타경20237] 전북특별자치도 군산시 조촌동 3943, 군산디오션시티푸르지오 202동 18층 1802호 / 260427 / 특수:1년경과물건 / 감정가:396,000,000
    ✅ [2025타경50256] 경기도 광주시 초월읍 쌍동리 394, 초월이-편한세상 202동 9층 902호 / 260427 / 특수:1년경과물건 / 감정가:380,000,000
    ✅ [2025타경100827] 경기도 안양시 만안구 안양동 716-5, 흥화아파트 101동 19층 1903호 / 260428 / 특수:1년경과물건 / 감정가:451,000,000
    ✅ [2025타경367] 울산광역시 북구 화봉동 452, 동아아파트 107동 6층 604호 / 260430 / 특수:1년경과물건 / 감정가:302,000,000
    ✅ [2024타경12698] 경기도 화성시 병점구 반월동 865-1, 신영통현대아파트 106동 802호 / 260501 / 특수:1년경과물건 / 감정가:497,000,000
    ✅ [2023타경84528] 경기도 용인시 기흥구 보라동 558 외 1필지, 민속마을신창미션힐아파트 205동 10층 1002호 / 260506 / 특수:1년경과물건 / 감정가:567,000,000
    ✅ [2025타경755] 부산광역시 사하구 하단동 1175 외 1필지, 가락타운아파트 206동 1층 102호 / 260506 / 특수:1년경과물건 / 감정가:489,000,000
    ✅ [2021타경79939] 경기도 의정부시 낙양동 763, 반도유보라아이비파크 506동 18층 1801호 / 260507 / 특수:1년경과물건 / 감정가:570,000,000
    ✅ [2023타경85754] 경기도 의정부시 호원동 430, 호원3차우성아파트 301동 2층 209호 / 260507 / 특수:1년경과물건 / 감정가:421,000,000
    ✅ [2024타경107315] 울산광역시 남구 야음동 878 외 1필지, 울산롯데캐슬골드 103동 6층 601호 / 260507 / 특수:1년경과물건 / 감정가:579,000,000
    ✅ [2025타경11396] 서울특별시 도봉구 쌍문동 256, 에벤에셀 101동 11층 101-1103호 / 260507 / 특수:1년경과물건 / 감정가:453,000,000
    ✅ [2024타경102177] 부산광역시 수영구 망미동 777, 삼성아파트 2동 15층 1507호 / 260512 / 특수:1년경과물건 / 감정가:528,000,000
    ✅ [2025타경73019] 경기도 양주시 산북동 1 외 2필지, 양주한승아파트 102동 12층 1206호 / 260512 / 특수:1년경과물건 / 감정가:203,000,000
    ✅ [2025타경21156] 부산광역시 영도구 동삼동 1124-2, 반도보라비치타운 102동 16층 1605호 / 260519 / 특수:1년경과물건 / 감정가:205,000,000
    [3p] 결과: 18건 추출 (가격필터:0 기간:0)

📋 [4페이지] 이동 중...
   ⚠️ [4p] 페이지 이동 실패, 종료
   → [1년경과물건] 58건 수집

==================================================
🔍 특수물건 [위반건축물] (value=33) 검색
==================================================
   ♻️  검색폼 재활용: 특수물건만 변경

📋 [1페이지] 파싱 중...
    [파서] product_id 행: 0개
    [디버그] tr[id]:4 | h>50:1 | tbody수:11
    [파서] fallback(tr전체): 54개
    [파서] 후보 컨테이너: 2개
    [1p] 후보 2건 발견 → 필터링 시작
    ✅ [번호미상0] 기타 /  / 특수:위반건축물 / 감정가:
    [1p] 결과: 1건 추출 (가격필터:0 기간:0)

📋 [2페이지] 이동 중...
    [파서] product_id 행: 0개
    [디버그] tr[id]:4 | h>50:1 | tbody수:11
    [파서] fallback(tr전체): 54개
    [파서] 후보 컨테이너: 2개
    [2p] 후보 2건 발견 → 필터링 시작
    ✅ [번호미상0] 기타 /  / 특수:위반건축물 / 감정가:
    [2p] 결과: 1건 추출 (가격필터:0 기간:0)

📋 [3페이지] 이동 중...
   ⚠️ [3p] 페이지 이동 실패, 종료
   → [위반건축물] 2건 수집

==================================================
🔍 특수물건 [초보자경매] (value=34) 검색
==================================================
   ♻️  검색폼 재활용: 특수물건만 변경

📋 [1페이지] 파싱 중...
    [파서] product_id 행: 20개
    [파서] 후보 컨테이너: 20개
    [1p] 후보 20건 발견 → 필터링 시작
    ✅ [2024타경103989] 부산광역시 해운대구 반여동 1088, 센텀강변현대아파트 102동 1층 106호 / 260406 / 특수:초보자경매 / 감정가:246,000,000
    ✅ [2025타경431] 경상남도 거제시 사등면 성포리 356 외 6필지, 미래미라지 102동 1층 103호 / 260406 / 특수:초보자경매 / 감정가:278,000,000
    ✅ [2023타경109206] 서울특별시 중랑구 중화동 314-1, 태능시장주상복합빌딩 11층 1105호 / 260407 / 특수:초보자경매 / 감정가:657,000,000
    ✅ [2024타경52357] 경기도 김포시 운양동 1249-1, 풍경마을한강한라비발디 112동 14층 1404호 / 260407 / 특수:초보자경매 / 감정가:674,000,000
    ✅ [2024타경6188] 경상남도 김해시 구산동 576 외 1필지, 한라비발디 111동 14층 1402호 / 260408 / 특수:초보자경매 / 감정가:440,000,000
    ✅ [2024타경36645] 경기도 이천시 중리동 213, 이천라온팰리스 25층 2508호 / 260408 / 특수:초보자경매 / 감정가:366,000,000
    ✅ [2024타경113029] 부산광역시 사하구 당리동 407, 당리신익아파트 1동 13층 1301호 / 260408 / 특수:초보자경매 / 감정가:314,000,000
    ✅ [2025타경21659] 부산광역시 금정구 청룡동 350, 경동아파트 101동 17층 1703호 / 260408 / 특수:초보자경매 / 감정가:655,000,000
    ✅ [2025타경62804] 경기도 파주시 목동동 911, 운정센트레빌 310동 15층 1503호 / 260408 / 특수:초보자경매 / 감정가:686,000,000
    ✅ [2025타경72137] 경기도 동두천시 생연동 335, 에이스아파트 202동 7층 704호 / 260408 / 특수:초보자경매 / 감정가:216,000,000
    ✅ [2025타경101237] 부산광역시 북구 만덕동 774-7 외 2필지, 벽산라인타운 205동 14층 1404호 / 260408 / 특수:초보자경매 / 감정가:341,000,000
    ✅ [2025타경101637] 부산광역시 사상구 주례동 530-5, 현대무지개타운 104동 12층 1202호 / 260408 / 특수:초보자경매 / 감정가:228,000,000
    ✅ [2023타경3885] 경상남도 김해시 동상동 1104, 롯데캐슬가야2단지 203동 8층 805호 / 260409 / 특수:초보자경매 / 감정가:357,000,000
    ✅ [2025타경71611] 경기도 남양주시 호평동 616, 호평마을중흥에스-클래스 1315동 8층 801호 / 260409 / 특수:초보자경매 / 감정가:666,000,000
    ✅ [2024타경16860] 인천광역시 남동구 간석동 217-2 외 3필지, 아크로팰리스 주건축물제1동 2층 205호 / 260410 / 특수:초보자경매 / 감정가:293,000,000
    ✅ [2021타경2702] 부산광역시 해운대구 중동 1818 외 2필지, 해운대힐스테이트위브 티-104동 5층 501호 / 260413 / 특수:초보자경매 / 감정가:990,000,000
    ✅ [2025타경922] 대구광역시 수성구 시지동 349 외 3필지, 전원타운 105동 2층 202호 / 260413 / 특수:초보자경매 / 감정가:457,000,000
    ✅ [2024타경77166] 경기도 파주시 금촌동 52-39, 금촌타워상가아파트 9층 903호 / 260414 / 특수:초보자경매 / 감정가:217,000,000
    ✅ [2025타경31907] 대구광역시 달서구 월성동 500-9 외 1필지, 월성우방타운 106동 5층 501호 / 260414 / 특수:초보자경매 / 감정가:367,000,000
    ✅ [2025타경63298] 경기도 파주시 아동동 283 외 12필지, 팜스프링아파트 121동 2층 203호 / 260414 / 특수:초보자경매 / 감정가:204,000,000
    [1p] 결과: 20건 추출 (가격필터:0 기간:0)

📋 [2페이지] 이동 중...
    [파서] product_id 행: 20개
    [파서] 후보 컨테이너: 20개
    [2p] 후보 20건 발견 → 필터링 시작
    ✅ [2025타경63791] 경기도 고양시 일산서구 대화동 2573, 킨텍스굿모닝힐 306동 13층 1305호 / 260414 / 특수:초보자경매 / 감정가:470,000,000
    ✅ [2025타경101464] 부산광역시 사상구 엄궁동 680-1, 코오롱아파트 113동 11층 1102호 / 260414 / 특수:초보자경매 / 감정가:292,000,000
    ✅ [2022타경24881] 경상남도 거제시 상동동 475-3, 가나마메종 3층 301호 / 260420 / 특수:초보자경매 / 감정가:220,000,000
    ✅ [2024타경104494] 부산광역시 수영구 망미동 941-1, 망미로얄베스토피아 5동 11층 1102호 / 260420 / 특수:초보자경매 / 감정가:226,000,000
    ✅ [2025타경2978] 경기도 파주시 동패동 2071, 금강펜테리움센트럴파크 603동 11층 1104호 / 260422 / 특수:초보자경매 / 감정가:617,000,000
    ✅ [2025타경9140] 서울특별시 양천구 신정동 1218-1, 일진아이윌아파트 101동 6층 601호 / 260422 / 특수:초보자경매 / 감정가:991,000,000
    ✅ [2025타경33177] 광주광역시 동구 산수동 568-1, 두암타운 113동 6층 601호 / 260422 / 특수:초보자경매 / 감정가:351,000,000
    ✅ [2024타경50740] 경기도 부천시 소사구 소사본동 56, 더봄힐아파트 8층 801호 / 260423 / 특수:초보자경매 / 감정가:651,000,000
    ✅ [2025타경31930] 광주광역시 서구 치평동 1171-4, 금호쌍용아파트 202동 1층 104호 / 260423 / 특수:초보자경매 / 감정가:863,000,000
    ✅ [2025타경72282] 경기도 동두천시 동두천동 524 외 1필지, 동두천신창비바패밀리1단지 104동 1층 104호 / 260423 / 특수:초보자경매 / 감정가:238,000,000
    ✅ [2025타경367] 울산광역시 북구 화봉동 452, 동아아파트 107동 6층 604호 / 260430 / 특수:초보자경매 / 감정가:302,000,000
    ✅ [2025타경20617] 경상남도 창원시 마산합포구 월포동 1 외 3필지, 경동메르빌 106동 4층 402호 / 260430 / 특수:초보자경매 / 감정가:453,000,000
    ✅ [2025타경72657] 경기도 동두천시 지행동 172, 지행동동양엔파트 107동 2층 203호 / 260430 / 특수:초보자경매 / 감정가:304,000,000
    ✅ [2023타경84528] 경기도 용인시 기흥구 보라동 558 외 1필지, 민속마을신창미션힐아파트 205동 10층 1002호 / 260506 / 특수:초보자경매 / 감정가:567,000,000
    ✅ [2025타경755] 부산광역시 사하구 하단동 1175 외 1필지, 가락타운아파트 206동 1층 102호 / 260506 / 특수:초보자경매 / 감정가:489,000,000
    ✅ [2021타경79939] 경기도 의정부시 낙양동 763, 반도유보라아이비파크 506동 18층 1801호 / 260507 / 특수:초보자경매 / 감정가:570,000,000
    ✅ [2023타경85754] 경기도 의정부시 호원동 430, 호원3차우성아파트 301동 2층 209호 / 260507 / 특수:초보자경매 / 감정가:421,000,000
    ✅ [2024타경102177] 부산광역시 수영구 망미동 777, 삼성아파트 2동 15층 1507호 / 260512 / 특수:초보자경매 / 감정가:528,000,000
    ✅ [2025타경3398] 충청북도 청주시 상당구 금천동 106-1 외 5필지, 풍림아파트 101동 8층 804호 / 260512 / 특수:초보자경매 / 감정가:205,000,000
    ✅ [2025타경11815] 서울특별시 구로구 궁동 184-6 외 1필지, 대명하이빌 5층 501호 / 260512 / 특수:초보자경매 / 감정가:467,000,000
    [2p] 결과: 20건 추출 (가격필터:0 기간:0)

📋 [3페이지] 이동 중...
    [파서] product_id 행: 1개
    [파서] 후보 컨테이너: 1개
    [3p] 후보 1건 발견 → 필터링 시작
    ✅ [2025타경32459] 광주광역시 광산구 수완동 913, 광주수완코오롱하늘채 110동 2층 201호 / 260512 / 특수:초보자경매 / 감정가:679,000,000
    [3p] 결과: 1건 추출 (가격필터:0 기간:0)

📋 [4페이지] 이동 중...
   ⚠️ [4p] 페이지 이동 실패, 종료
   → [초보자경매] 41건 수집

==================================================
🔍 특수물건 [유치권] (value=1) 검색
==================================================
   ♻️  검색폼 재활용: 특수물건만 변경

📋 [1페이지] 파싱 중...
    [파서] product_id 행: 10개
    [파서] 후보 컨테이너: 10개
    [1p] 후보 10건 발견 → 필터링 시작
    ✅ [2022타경4474] 경기도 광주시 문형동 600 외 229필지, 오포문형양우내안애아파트 101동 2층 201호 / 260406 / 특수:유치권 / 감정가:445,000,000
    ✅ [2022타경4474] 경기도 광주시 문형동 600 외 229필지, 오포문형양우내안애아파트 101동 6층 602호 / 260406 / 특수:유치권 / 감정가:445,000,000
    ✅ [2022타경4474] 경기도 광주시 문형동 600 외 229필지, 오포문형양우내안애아파트 101동 7층 703호 / 260406 / 특수:유치권 / 감정가:445,000,000
    ✅ [2022타경4474] 경기도 광주시 문형동 600 외 229필지, 오포문형양우내안애아파트 101동 11층 1102호 / 260406 / 특수:유치권 / 감정가:468,000,000
    ✅ [2022타경4474] 경기도 광주시 문형동 600 외 229필지, 오포문형양우내안애아파트 101동 12층 1203호 / 260406 / 특수:유치권 / 감정가:468,000,000
    ✅ [2022타경4474] 경기도 광주시 문형동 600 외 229필지, 오포문형양우내안애아파트 101동 15층 1503호 / 260406 / 특수:유치권 / 감정가:468,000,000
    ✅ [2022타경4474] 경기도 광주시 문형동 600 외 229필지, 오포문형양우내안애아파트 101동 16층 1604호 / 260406 / 특수:유치권 / 감정가:468,000,000
    ✅ [2022타경4474] 경기도 광주시 문형동 600 외 229필지, 오포문형양우내안애아파트 102동 6층 604호 / 260406 / 특수:유치권 / 감정가:445,000,000
    ✅ [2022타경4474] 경기도 광주시 문형동 600 외 229필지, 오포문형양우내안애아파트 109동 9층 902호 / 260406 / 특수:유치권 / 감정가:445,000,000
    ✅ [2022타경4474] 경기도 광주시 문형동 600 외 229필지, 오포문형양우내안애아파트 111동 7층 703호 / 260406 / 특수:유치권 / 감정가:445,000,000
    [1p] 결과: 10건 추출 (가격필터:0 기간:0)

📋 [2페이지] 이동 중...
   ⚠️ [2p] 페이지 이동 실패, 종료
   → [유치권] 10건 수집

==================================================
🔍 특수물건 [법정지상권] (value=2) 검색
==================================================
   ♻️  검색폼 재활용: 특수물건만 변경

📋 [1페이지] 파싱 중...
    [파서] product_id 행: 0개
    [디버그] tr[id]:4 | h>50:1 | tbody수:11
    [파서] fallback(tr전체): 54개
    [파서] 후보 컨테이너: 3개
    [1p] 후보 3건 발견 → 필터링 시작
    ✅ [번호미상0] 기타 /  / 특수:법정지상권 / 감정가:
    [1p] 결과: 1건 추출 (가격필터:0 기간:0)

📋 [2페이지] 이동 중...
    [파서] product_id 행: 0개
    [디버그] tr[id]:4 | h>50:1 | tbody수:11
    [파서] fallback(tr전체): 54개
    [파서] 후보 컨테이너: 3개
    [2p] 후보 3건 발견 → 필터링 시작
    ✅ [번호미상0] 기타 /  / 특수:법정지상권 / 감정가:
    [2p] 결과: 1건 추출 (가격필터:0 기간:0)

📋 [3페이지] 이동 중...
   ⚠️ [3p] 페이지 이동 실패, 종료
   → [법정지상권] 2건 수집

==================================================
🔍 특수물건 [분묘기지권] (value=29) 검색
==================================================
   ♻️  검색폼 재활용: 특수물건만 변경

📋 [1페이지] 파싱 중...
    [파서] product_id 행: 0개
    [디버그] tr[id]:4 | h>50:1 | tbody수:11
    [파서] fallback(tr전체): 54개
    [파서] 후보 컨테이너: 2개
    [1p] 후보 2건 발견 → 필터링 시작
    ✅ [번호미상0] 기타 /  / 특수:분묘기지권 / 감정가:
    [1p] 결과: 1건 추출 (가격필터:0 기간:0)

📋 [2페이지] 이동 중...
    [파서] product_id 행: 0개
    [디버그] tr[id]:4 | h>50:1 | tbody수:11
    [파서] fallback(tr전체): 54개
    [파서] 후보 컨테이너: 2개
    [2p] 후보 2건 발견 → 필터링 시작
    ✅ [번호미상0] 기타 /  / 특수:분묘기지권 / 감정가:
    [2p] 결과: 1건 추출 (가격필터:0 기간:0)

📋 [3페이지] 이동 중...
   ⚠️ [3p] 페이지 이동 실패, 종료
   → [분묘기지권] 2건 수집

==================================================
🔍 특수물건 [유치권배제신청] (value=35) 검색
==================================================
   ♻️  검색폼 재활용: 특수물건만 변경

📋 [1페이지] 파싱 중...
    [파서] product_id 행: 0개
    [디버그] tr[id]:4 | h>50:1 | tbody수:11
    [파서] fallback(tr전체): 54개
    [파서] 후보 컨테이너: 2개
    [1p] 후보 2건 발견 → 필터링 시작
    ✅ [번호미상0] 기타 /  / 특수:유치권배제신청 / 감정가:
    [1p] 결과: 1건 추출 (가격필터:0 기간:0)

📋 [2페이지] 이동 중...
    [파서] product_id 행: 0개
    [디버그] tr[id]:4 | h>50:1 | tbody수:11
    [파서] fallback(tr전체): 54개
    [파서] 후보 컨테이너: 2개
    [2p] 후보 2건 발견 → 필터링 시작
    ✅ [번호미상0] 기타 /  / 특수:유치권배제신청 / 감정가:
    [2p] 결과: 1건 추출 (가격필터:0 기간:0)

📋 [3페이지] 이동 중...
   ⚠️ [3p] 페이지 이동 실패, 종료
   → [유치권배제신청] 2건 수집

==================================================
🔍 특수물건 [임금채권] (value=36) 검색
==================================================
   ♻️  검색폼 재활용: 특수물건만 변경

📋 [1페이지] 파싱 중...
    [파서] product_id 행: 2개
    [파서] 후보 컨테이너: 2개
    [1p] 후보 2건 발견 → 필터링 시작
    ✅ [2025타경1976] 대구광역시 달서구 월성동 277, 월성보성타운 205동 6층 605호 / 260421 / 특수:임금채권 / 감정가:247,000,000
    ✅ [2025타경9140] 서울특별시 양천구 신정동 1218-1, 일진아이윌아파트 101동 6층 601호 / 260422 / 특수:임금채권 / 감정가:991,000,000
    [1p] 결과: 2건 추출 (가격필터:0 기간:0)

📋 [2페이지] 이동 중...
   ⚠️ [2p] 페이지 이동 실패, 종료
   → [임금채권] 2건 수집

==================================================
🔍 특수물건 [HUG임차권] (value=45) 검색
==================================================
   ♻️  검색폼 재활용: 특수물건만 변경

📋 [1페이지] 파싱 중...
    [파서] product_id 행: 5개
    [파서] 후보 컨테이너: 5개
    [1p] 후보 5건 발견 → 필터링 시작
    ✅ [2025타경63265] 경기도 파주시 다율동 986, 청석마을대원효성아파트 904동 2층 204호 / 260407 / 특수:HUG임차권 / 감정가:365,000,000
    ✅ [2025타경62730] 경기도 파주시 문산읍 당동리 935, 파주힐스테이트1차 108동 9층 903호 / 260421 / 특수:HUG임차권 / 감정가:303,000,000
    ✅ [2025타경3723] 경상북도 포항시 남구 효자동 609, 효자웰빙타운에스케이뷰3차 302동 4층 406호 / 260427 / 특수:HUG임차권 / 감정가:372,000,000
    ✅ [2025타경3758] 경상북도 포항시 북구 흥해읍 초곡리 1758, 포항초곡화산샬레아파트 106동 8층 802호 / 260427 / 특수:HUG임차권 / 감정가:210,000,000
    ✅ [2025타경31681] 대구광역시 달서구 이곡동 1304-5, 성서3차동서타운 301동 7층 701호 / 260514 / 특수:HUG임차권 / 감정가:239,000,000
    [1p] 결과: 5건 추출 (가격필터:0 기간:0)

📋 [2페이지] 이동 중...
   ⚠️ [2p] 페이지 이동 실패, 종료
   → [HUG임차권] 5건 수집

==================================================
🔍 특수물건 [형식적경매(유치권)] (value=25) 검색
==================================================
   ♻️  검색폼 재활용: 특수물건만 변경

📋 [1페이지] 파싱 중...
    [파서] product_id 행: 0개
    [디버그] tr[id]:4 | h>50:1 | tbody수:11
    [파서] fallback(tr전체): 54개
    [파서] 후보 컨테이너: 2개
    [1p] 후보 2건 발견 → 필터링 시작
    ✅ [번호미상0] 기타 /  / 특수:형식적경매(유치권) / 감정가:
    [1p] 결과: 1건 추출 (가격필터:0 기간:0)

📋 [2페이지] 이동 중...
    [파서] product_id 행: 0개
    [디버그] tr[id]:4 | h>50:1 | tbody수:11
    [파서] fallback(tr전체): 54개
    [파서] 후보 컨테이너: 2개
    [2p] 후보 2건 발견 → 필터링 시작
    ✅ [번호미상0] 기타 /  / 특수:형식적경매(유치권) / 감정가:
    [2p] 결과: 1건 추출 (가격필터:0 기간:0)

📋 [3페이지] 이동 중...
   ⚠️ [3p] 페이지 이동 실패, 종료
   → [형식적경매(유치권)] 2건 수집

==================================================
🔍 특수물건 [형식적경매(공유물분할)] (value=26) 검색
==================================================
   ♻️  검색폼 재활용: 특수물건만 변경

📋 [1페이지] 파싱 중...
    [파서] product_id 행: 1개
    [파서] 후보 컨테이너: 1개
    [1p] 후보 1건 발견 → 필터링 시작
    ✅ [2025타경3794] 대전광역시 중구 부사동 101-1 외 3필지, 남대전종합시장아이비 지하층 비101호 / 260407 / 특수:형식적경매(공유물분할) / 감정가:675,000,000
    [1p] 결과: 1건 추출 (가격필터:0 기간:0)

📋 [2페이지] 이동 중...
   ⚠️ [2p] 페이지 이동 실패, 종료
   → [형식적경매(공유물분할)] 1건 수집

==================================================
🔍 특수물건 [형식적경매(청산)] (value=27) 검색
==================================================
   ♻️  검색폼 재활용: 특수물건만 변경

📋 [1페이지] 파싱 중...
    [파서] product_id 행: 0개
    [디버그] tr[id]:4 | h>50:1 | tbody수:11
    [파서] fallback(tr전체): 54개
    [파서] 후보 컨테이너: 2개
    [1p] 후보 2건 발견 → 필터링 시작
    ✅ [번호미상0] 기타 /  / 특수:형식적경매(청산) / 감정가:
    [1p] 결과: 1건 추출 (가격필터:0 기간:0)

📋 [2페이지] 이동 중...
    [파서] product_id 행: 0개
    [디버그] tr[id]:4 | h>50:1 | tbody수:11
    [파서] fallback(tr전체): 54개
    [파서] 후보 컨테이너: 2개
    [2p] 후보 2건 발견 → 필터링 시작
    ✅ [번호미상0] 기타 /  / 특수:형식적경매(청산) / 감정가:
    [2p] 결과: 1건 추출 (가격필터:0 기간:0)

📋 [3페이지] 이동 중...
   ⚠️ [3p] 페이지 이동 실패, 종료
   → [형식적경매(청산)] 2건 수집

==================================================
🔍 특수물건 [형식적경매(기타)] (value=28) 검색
==================================================
   ♻️  검색폼 재활용: 특수물건만 변경

📋 [1페이지] 파싱 중...
    [파서] product_id 행: 1개
    [파서] 후보 컨테이너: 1개
    [1p] 후보 1건 발견 → 필터링 시작
    ✅ [2025타경32369] 광주광역시 광산구 흑석동 811, 수완센트럴시티서희스타힐스 105동 14층 1401호 / 260408 / 특수:형식적경매(기타) / 감정가:434,000,000
    [1p] 결과: 1건 추출 (가격필터:0 기간:0)

📋 [2페이지] 이동 중...
   ⚠️ [2p] 페이지 이동 실패, 종료
   → [형식적경매(기타)] 1건 수집

==================================================
🔍 특수물건 [공시1억이하] (value=46) 검색
==================================================
   ♻️  검색폼 재활용: 특수물건만 변경

📋 [1페이지] 파싱 중...
    [파서] product_id 행: 2개
    [파서] 후보 컨테이너: 2개
    [1p] 후보 2건 발견 → 필터링 시작
    ✅ [2022타경24881] 경상남도 거제시 상동동 475-3, 가나마메종 3층 301호 / 260420 / 특수:공시1억이하 / 감정가:220,000,000
    ✅ [2024타경32381] 경상남도 거제시 거제면 옥산리 1515, 거제오션파크자이 104동 2층 203호 / 260420 / 특수:공시1억이하 / 감정가:210,000,000
    [1p] 결과: 2건 추출 (가격필터:0 기간:0)

📋 [2페이지] 이동 중...
   ⚠️ [2p] 페이지 이동 실패, 종료
   → [공시1억이하] 2건 수집

==================================================
🔍 특수물건 [공시1억~2억] (value=47) 검색
==================================================
   ♻️  검색폼 재활용: 특수물건만 변경

📋 [1페이지] 파싱 중...
    [파서] product_id 행: 20개
    [파서] 후보 컨테이너: 20개
    [1p] 후보 20건 발견 → 필터링 시작
    ✅ [2024타경103989] 부산광역시 해운대구 반여동 1088, 센텀강변현대아파트 102동 1층 106호 / 260406 / 특수:공시1억~2억 / 감정가:246,000,000
    ✅ [2025타경431] 경상남도 거제시 사등면 성포리 356 외 6필지, 미래미라지 102동 1층 103호 / 260406 / 특수:공시1억~2억 / 감정가:278,000,000
    ✅ [2025타경51078] 전라남도 무안군 삼향읍 남악리 2601, 제일풍경채리버파크 104동 6층 605호 / 260406 / 특수:공시1억~2억 / 감정가:281,000,000
    ✅ [2025타경54861] 경기도 용인시 기흥구 상하동 621, 수원동마을쌍용아파트 310동 3층 303호 / 260407 / 특수:공시1억~2억 / 감정가:330,000,000
    ✅ [2025타경63265] 경기도 파주시 다율동 986, 청석마을대원효성아파트 904동 2층 204호 / 260407 / 특수:공시1억~2억 / 감정가:365,000,000
    ✅ [2024타경61276] 충청남도 당진시 채운동 1127, 당진채운코아루1차 104동 4층 404호 / 260408 / 특수:공시1억~2억 / 감정가:231,000,000
    ✅ [2024타경113029] 부산광역시 사하구 당리동 407, 당리신익아파트 1동 13층 1301호 / 260408 / 특수:공시1억~2억 / 감정가:314,000,000
    ✅ [2025타경72137] 경기도 동두천시 생연동 335, 에이스아파트 202동 7층 704호 / 260408 / 특수:공시1억~2억 / 감정가:216,000,000
    ✅ [2025타경101237] 부산광역시 북구 만덕동 774-7 외 2필지, 벽산라인타운 205동 14층 1404호 / 260408 / 특수:공시1억~2억 / 감정가:341,000,000
    ✅ [2025타경101637] 부산광역시 사상구 주례동 530-5, 현대무지개타운 104동 12층 1202호 / 260408 / 특수:공시1억~2억 / 감정가:228,000,000
    ✅ [2023타경3885] 경상남도 김해시 동상동 1104, 롯데캐슬가야2단지 203동 8층 805호 / 260409 / 특수:공시1억~2억 / 감정가:357,000,000
    ✅ [2025타경71544] 경기도 가평군 설악면 선촌리 663, 북한강코아루 103동 8층 801호 / 260409 / 특수:공시1억~2억 / 감정가:307,000,000
    ✅ [2024타경566617] 인천광역시 중구 항동7가 27-107, 라이프아파트 7동 1층 106호 / 260410 / 특수:공시1억~2억 / 감정가:317,000,000
    ✅ [2025타경7525] 대구광역시 북구 사수동 789, 브라운스톤강북 303동 23층 2304호 / 260410 / 특수:공시1억~2억 / 감정가:250,000,000
    ✅ [2024타경53336] 경기도 김포시 감정동 685 외 3필지, 푸른마을 125동 15층 1503호 / 260414 / 특수:공시1억~2억 / 감정가:340,000,000
    ✅ [2025타경63298] 경기도 파주시 아동동 283 외 12필지, 팜스프링아파트 121동 2층 203호 / 260414 / 특수:공시1억~2억 / 감정가:204,000,000
    ✅ [2025타경101464] 부산광역시 사상구 엄궁동 680-1, 코오롱아파트 113동 11층 1102호 / 260414 / 특수:공시1억~2억 / 감정가:292,000,000
    ✅ [2024타경366] 전북특별자치도 익산시 영등동 821, 영등3차제일아파트 507동 12층 1204호 / 260420 / 특수:공시1억~2억 / 감정가:222,100,000
    ✅ [2024타경104494] 부산광역시 수영구 망미동 941-1, 망미로얄베스토피아 5동 11층 1102호 / 260420 / 특수:공시1억~2억 / 감정가:226,000,000
    ✅ [2025타경1976] 대구광역시 달서구 월성동 277, 월성보성타운 205동 6층 605호 / 260421 / 특수:공시1억~2억 / 감정가:247,000,000
    [1p] 결과: 20건 추출 (가격필터:0 기간:0)

📋 [2페이지] 이동 중...
    [파서] product_id 행: 20개
    [파서] 후보 컨테이너: 20개
    [2p] 후보 20건 발견 → 필터링 시작
    ✅ [2025타경50933] 충청북도 청주시 상당구 금천동 270, 장자마을현대아파트 203동 3층 301호 / 260421 / 특수:공시1억~2억 / 감정가:227,000,000
    ✅ [2025타경62730] 경기도 파주시 문산읍 당동리 935, 파주힐스테이트1차 108동 9층 903호 / 260421 / 특수:공시1억~2억 / 감정가:303,000,000
    ✅ [2025타경10877] 경상북도 구미시 인의동 483, 인동2차서한이다음 203동 2층 202호 / 260423 / 특수:공시1억~2억 / 감정가:218,000,000
    ✅ [2025타경33686] 경기도 김포시 양촌읍 양곡리 1316, 김포한강신원아침도시고다니마을 702동 4층 401호 / 260423 / 특수:공시1억~2억 / 감정가:338,000,000
    ✅ [2025타경72282] 경기도 동두천시 동두천동 524 외 1필지, 동두천신창비바패밀리1단지 104동 1층 104호 / 260423 / 특수:공시1억~2억 / 감정가:238,000,000
    ✅ [2025타경3758] 경상북도 포항시 북구 흥해읍 초곡리 1758, 포항초곡화산샬레아파트 106동 8층 802호 / 260427 / 특수:공시1억~2억 / 감정가:210,000,000
    ✅ [2025타경30622] 충청북도 음성군 대소면 태생리 765, 대소웰메이드타운 103동 4층 403호 / 260427 / 특수:공시1억~2억 / 감정가:209,000,000
    ✅ [2025타경472] 충청남도 천안시 서북구 차암동 448, 천안한화꿈에그린스마일시티아파트 110동 601호 / 260428 / 특수:공시1억~2억 / 감정가:263,000,000
    ✅ [2025타경63276] 경기도 고양시 덕양구 고양동 719, 푸른마을아파트 307동 15층 1501호 / 260429 / 특수:공시1억~2억 / 감정가:290,000,000
    ✅ [2025타경367] 울산광역시 북구 화봉동 452, 동아아파트 107동 6층 604호 / 260430 / 특수:공시1억~2억 / 감정가:302,000,000
    ✅ [2025타경20540] 경상남도 창원시 마산회원구 석전동 232-1, 창원마산역동도센트리움 10층 2-1002호 / 260430 / 특수:공시1억~2억 / 감정가:294,000,000
    ✅ [2025타경72657] 경기도 동두천시 지행동 172, 지행동동양엔파트 107동 2층 203호 / 260430 / 특수:공시1억~2억 / 감정가:304,000,000
    ✅ [2025타경51230] 전라남도 무안군 삼향읍 남악리 2314, 남악세영리첼아파트 104동 4층 404호 / 260504 / 특수:공시1억~2억 / 감정가:240,000,000
    ✅ [2025타경21657] 부산광역시 금정구 구서동 177-9, 석탑그레이스빌 6층 602호 / 260506 / 특수:공시1억~2억 / 감정가:235,000,000
    ✅ [2025타경21223] 전북특별자치도 군산시 미장동 542, 군산미장아이파크 102동 1층 102호 / 260511 / 특수:공시1억~2억 / 감정가:242,000,000
    ✅ [2025타경3398] 충청북도 청주시 상당구 금천동 106-1 외 5필지, 풍림아파트 101동 8층 804호 / 260512 / 특수:공시1억~2억 / 감정가:205,000,000
    ✅ [2025타경11792] 충청남도 천안시 서북구 두정동 2045, 천안두정역이안더센트럴 108동 4층 401호 / 260512 / 특수:공시1억~2억 / 감정가:307,000,000
    ✅ [2025타경51273] 충청북도 청주시 청원구 오창읍 각리 637-1, 한라비발디아파트 803동 15층 1504호 / 260512 / 특수:공시1억~2억 / 감정가:286,000,000
    ✅ [2025타경73019] 경기도 양주시 산북동 1 외 2필지, 양주한승아파트 102동 12층 1206호 / 260512 / 특수:공시1억~2억 / 감정가:203,000,000
    ✅ [2025타경31681] 대구광역시 달서구 이곡동 1304-5, 성서3차동서타운 301동 7층 701호 / 260514 / 특수:공시1억~2억 / 감정가:239,000,000
    [2p] 결과: 20건 추출 (가격필터:0 기간:0)

📋 [3페이지] 이동 중...
    [파서] product_id 행: 1개
    [파서] 후보 컨테이너: 1개
    [3p] 후보 1건 발견 → 필터링 시작
    ✅ [2025타경21156] 부산광역시 영도구 동삼동 1124-2, 반도보라비치타운 102동 16층 1605호 / 260519 / 특수:공시1억~2억 / 감정가:205,000,000
    [3p] 결과: 1건 추출 (가격필터:0 기간:0)

📋 [4페이지] 이동 중...
   ⚠️ [4p] 페이지 이동 실패, 종료
   → [공시1억~2억] 41건 수집

==================================================
🔍 특수물건 [공시2억~3억] (value=48) 검색
==================================================
   ♻️  검색폼 재활용: 특수물건만 변경

📋 [1페이지] 파싱 중...
    [파서] product_id 행: 20개
    [파서] 후보 컨테이너: 20개
    [1p] 후보 20건 발견 → 필터링 시작
    ✅ [2022타경4474] 경기도 광주시 문형동 600 외 229필지, 오포문형양우내안애아파트 101동 2층 201호 / 260406 / 특수:공시2억~3억 / 감정가:445,000,000
    ✅ [2022타경4474] 경기도 광주시 문형동 600 외 229필지, 오포문형양우내안애아파트 101동 6층 602호 / 260406 / 특수:공시2억~3억 / 감정가:445,000,000
    ✅ [2022타경4474] 경기도 광주시 문형동 600 외 229필지, 오포문형양우내안애아파트 101동 7층 703호 / 260406 / 특수:공시2억~3억 / 감정가:445,000,000
    ✅ [2022타경4474] 경기도 광주시 문형동 600 외 229필지, 오포문형양우내안애아파트 101동 11층 1102호 / 260406 / 특수:공시2억~3억 / 감정가:468,000,000
    ✅ [2022타경4474] 경기도 광주시 문형동 600 외 229필지, 오포문형양우내안애아파트 101동 12층 1203호 / 260406 / 특수:공시2억~3억 / 감정가:468,000,000
    ✅ [2022타경4474] 경기도 광주시 문형동 600 외 229필지, 오포문형양우내안애아파트 101동 15층 1503호 / 260406 / 특수:공시2억~3억 / 감정가:468,000,000
    ✅ [2022타경4474] 경기도 광주시 문형동 600 외 229필지, 오포문형양우내안애아파트 101동 16층 1604호 / 260406 / 특수:공시2억~3억 / 감정가:468,000,000
    ✅ [2022타경4474] 경기도 광주시 문형동 600 외 229필지, 오포문형양우내안애아파트 102동 6층 604호 / 260406 / 특수:공시2억~3억 / 감정가:445,000,000
    ✅ [2022타경4474] 경기도 광주시 문형동 600 외 229필지, 오포문형양우내안애아파트 109동 9층 902호 / 260406 / 특수:공시2억~3억 / 감정가:445,000,000
    ✅ [2022타경4474] 경기도 광주시 문형동 600 외 229필지, 오포문형양우내안애아파트 111동 7층 703호 / 260406 / 특수:공시2억~3억 / 감정가:445,000,000
    ✅ [2024타경50525] 경기도 광주시 양벌동 359, 양벌리우림아파트 104동 6층 602호 / 260406 / 특수:공시2억~3억 / 감정가:430,000,000
    ✅ [2025타경31239] 전북특별자치도 전주시 덕진구 인후동1가 1033, 위브어울림아파트 107동 13층 1302호 / 260406 / 특수:공시2억~3억 / 감정가:355,000,000
    ✅ [2025타경8017] 대구광역시 수성구 만촌동 1429, 메트로팔레스 309동 18층 1801호 / 260407 / 특수:공시2억~3억 / 감정가:450,000,000
    ✅ [2025타경10544] 경상북도 경주시 용강동 1813, 두산위브트레지움 108동 14층 1403호 / 260407 / 특수:공시2억~3억 / 감정가:428,000,000
    ✅ [2024타경6188] 경상남도 김해시 구산동 576 외 1필지, 한라비발디 111동 14층 1402호 / 260408 / 특수:공시2억~3억 / 감정가:440,000,000
    ✅ [2025타경32369] 광주광역시 광산구 흑석동 811, 수완센트럴시티서희스타힐스 105동 14층 1401호 / 260408 / 특수:공시2억~3억 / 감정가:434,000,000
    ✅ [2024타경2465] 경상남도 양산시 중부동 696-1, 대동황토방아파트 121동 11층 1101호 / 260409 / 특수:공시2억~3억 / 감정가:390,000,000
    ✅ [2025타경922] 대구광역시 수성구 시지동 349 외 3필지, 전원타운 105동 2층 202호 / 260413 / 특수:공시2억~3억 / 감정가:457,000,000
    ✅ [2024타경80569] 경기도 남양주시 퇴계원읍 퇴계원리 369 외 1필지, 신별내퇴계원어울림 103동 1층 101호 / 260414 / 특수:공시2억~3억 / 감정가:504,000,000
    ✅ [2025타경31907] 대구광역시 달서구 월성동 500-9 외 1필지, 월성우방타운 106동 5층 501호 / 260414 / 특수:공시2억~3억 / 감정가:367,000,000
    [1p] 결과: 20건 추출 (가격필터:0 기간:0)

📋 [2페이지] 이동 중...
    [파서] product_id 행: 19개
    [파서] 후보 컨테이너: 19개
    [2p] 후보 19건 발견 → 필터링 시작
    ✅ [2025타경63791] 경기도 고양시 일산서구 대화동 2573, 킨텍스굿모닝힐 306동 13층 1305호 / 260414 / 특수:공시2억~3억 / 감정가:470,000,000
    ✅ [2025타경21172] 경상남도 거제시 장평동 1243 외 1필지, 포레나거제장평 108동 10층 1001호 / 260420 / 특수:공시2억~3억 / 감정가:373,000,000
    ✅ [2025타경10891] 경상북도 김천시 율곡동 773, 힐스테이트율곡 109동 12층 1203호 / 260422 / 특수:공시2억~3억 / 감정가:379,000,000
    ✅ [2025타경32672] 광주광역시 남구 진월동 281, 새한아파트 101동 3층 301호 / 260422 / 특수:공시2억~3억 / 감정가:418,000,000
    ✅ [2025타경33177] 광주광역시 동구 산수동 568-1, 두암타운 113동 6층 601호 / 260422 / 특수:공시2억~3억 / 감정가:351,000,000
    ✅ [2024타경109265] 대전광역시 서구 월평동 312-1, 진달래아파트 105동 14층 1404호 / 260423 / 특수:공시2억~3억 / 감정가:420,000,000
    ✅ [2025타경3723] 경상북도 포항시 남구 효자동 609, 효자웰빙타운에스케이뷰3차 302동 4층 406호 / 260427 / 특수:공시2억~3억 / 감정가:372,000,000
    ✅ [2025타경20237] 전북특별자치도 군산시 조촌동 3943, 군산디오션시티푸르지오 202동 18층 1802호 / 260427 / 특수:공시2억~3억 / 감정가:396,000,000
    ✅ [2025타경50256] 경기도 광주시 초월읍 쌍동리 394, 초월이-편한세상 202동 9층 902호 / 260427 / 특수:공시2억~3억 / 감정가:380,000,000
    ✅ [2025타경100827] 경기도 안양시 만안구 안양동 716-5, 흥화아파트 101동 19층 1903호 / 260428 / 특수:공시2억~3억 / 감정가:451,000,000
    ✅ [2025타경20617] 경상남도 창원시 마산합포구 월포동 1 외 3필지, 경동메르빌 106동 4층 402호 / 260430 / 특수:공시2억~3억 / 감정가:453,000,000
    ✅ [2024타경12698] 경기도 화성시 병점구 반월동 865-1, 신영통현대아파트 106동 802호 / 260501 / 특수:공시2억~3억 / 감정가:497,000,000
    ✅ [2023타경84528] 경기도 용인시 기흥구 보라동 558 외 1필지, 민속마을신창미션힐아파트 205동 10층 1002호 / 260506 / 특수:공시2억~3억 / 감정가:567,000,000
    ✅ [2025타경755] 부산광역시 사하구 하단동 1175 외 1필지, 가락타운아파트 206동 1층 102호 / 260506 / 특수:공시2억~3억 / 감정가:489,000,000
    ✅ [2021타경79939] 경기도 의정부시 낙양동 763, 반도유보라아이비파크 506동 18층 1801호 / 260507 / 특수:공시2억~3억 / 감정가:570,000,000
    ✅ [2023타경85754] 경기도 의정부시 호원동 430, 호원3차우성아파트 301동 2층 209호 / 260507 / 특수:공시2억~3억 / 감정가:421,000,000
    ✅ [2025타경742] 경상남도 창원시 성산구 상남동 45-1, 성원아파트 205동 4층 403호 / 260507 / 특수:공시2억~3억 / 감정가:326,000,000
    ✅ [2024타경102177] 부산광역시 수영구 망미동 777, 삼성아파트 2동 15층 1507호 / 260512 / 특수:공시2억~3억 / 감정가:528,000,000
    ✅ [2025타경11815] 서울특별시 구로구 궁동 184-6 외 1필지, 대명하이빌 5층 501호 / 260512 / 특수:공시2억~3억 / 감정가:467,000,000
    [2p] 결과: 19건 추출 (가격필터:0 기간:0)

📋 [3페이지] 이동 중...
   ⚠️ [3p] 페이지 이동 실패, 종료
   → [공시2억~3억] 39건 수집

==================================================
🔍 특수물건 [공시3억~4억] (value=49) 검색
==================================================
   ♻️  검색폼 재활용: 특수물건만 변경

📋 [1페이지] 파싱 중...
    [파서] product_id 행: 10개
    [파서] 후보 컨테이너: 10개
    [1p] 후보 10건 발견 → 필터링 시작
    ✅ [2024타경52357] 경기도 김포시 운양동 1249-1, 풍경마을한강한라비발디 112동 14층 1404호 / 260407 / 특수:공시3억~4억 / 감정가:674,000,000
    ✅ [2025타경71448] 경기도 남양주시 호평동 724, 호평파라곤 118동 6층 602호 / 260407 / 특수:공시3억~4억 / 감정가:600,000,000
    ✅ [2025타경21659] 부산광역시 금정구 청룡동 350, 경동아파트 101동 17층 1703호 / 260408 / 특수:공시3억~4억 / 감정가:655,000,000
    ✅ [2025타경62804] 경기도 파주시 목동동 911, 운정센트레빌 310동 15층 1503호 / 260408 / 특수:공시3억~4억 / 감정가:686,000,000
    ✅ [2025타경71611] 경기도 남양주시 호평동 616, 호평마을중흥에스-클래스 1315동 8층 801호 / 260409 / 특수:공시3억~4억 / 감정가:666,000,000
    ✅ [2024타경51524] 경기도 평택시 고덕동 1897-3, 신안인스빌시그니처 276동 6층 603호 / 260413 / 특수:공시3억~4억 / 감정가:606,000,000
    ✅ [2025타경2978] 경기도 파주시 동패동 2071, 금강펜테리움센트럴파크 603동 11층 1104호 / 260422 / 특수:공시3억~4억 / 감정가:617,000,000
    ✅ [2024타경50740] 경기도 부천시 소사구 소사본동 56, 더봄힐아파트 8층 801호 / 260423 / 특수:공시3억~4억 / 감정가:651,000,000
    ✅ [2024타경107315] 울산광역시 남구 야음동 878 외 1필지, 울산롯데캐슬골드 103동 6층 601호 / 260507 / 특수:공시3억~4억 / 감정가:579,000,000
    ✅ [2025타경32459] 광주광역시 광산구 수완동 913, 광주수완코오롱하늘채 110동 2층 201호 / 260512 / 특수:공시3억~4억 / 감정가:679,000,000
    [1p] 결과: 10건 추출 (가격필터:0 기간:0)

📋 [2페이지] 이동 중...
   ⚠️ [2p] 페이지 이동 실패, 종료
   → [공시3억~4억] 10건 수집

📦 총 등록 대상: 312건

👋 크롤링 종료

📤 MAPS에 등록 중...
  ❌ MAPS API 전송 오류: The read operation timed out
Traceback (most recent call last):
  File "C:\LJW\MAPS_TEST\00.imageup\new1 아파트, 84, 2-10억.py", line 412, in save_search_items_to_maps
    with urllib.request.urlopen(req, timeout=60) as resp:
         ~~~~~~~~~~~~~~~~~~~~~~^^^^^^^^^^^^^^^^^
  File "C:\Users\MJ경매-이쁜언니\AppData\Local\Programs\Python\Python314\Lib\urllib\request.py", line 187, in urlopen
    return opener.open(url, data, timeout)
           ~~~~~~~~~~~^^^^^^^^^^^^^^^^^^^^
  File "C:\Users\MJ경매-이쁜언니\AppData\Local\Programs\Python\Python314\Lib\urllib\request.py", line 487, in open
    response = self._open(req, data)
  File "C:\Users\MJ경매-이쁜언니\AppData\Local\Programs\Python\Python314\Lib\urllib\request.py", line 504, in _open
    result = self._call_chain(self.handle_open, protocol, protocol +
                              '_open', req)
  File "C:\Users\MJ경매-이쁜언니\AppData\Local\Programs\Python\Python314\Lib\urllib\request.py", line 464, in _call_chain
    result = func(*args)
  File "C:\Users\MJ경매-이쁜언니\AppData\Local\Programs\Python\Python314\Lib\urllib\request.py", line 1369, in https_open
    return self.do_open(http.client.HTTPSConnection, req,
           ~~~~~~~~~~~~^^^^^^^^^^^^^^^^^^^^^^^^^^^^^^^^^^
                        context=self._context)
                        ^^^^^^^^^^^^^^^^^^^^^^
  File "C:\Users\MJ경매-이쁜언니\AppData\Local\Programs\Python\Python314\Lib\urllib\request.py", line 1325, in do_open
    r = h.getresponse()
  File "C:\Users\MJ경매-이쁜언니\AppData\Local\Programs\Python\Python314\Lib\http\client.py", line 1450, in getresponse
    response.begin()
    ~~~~~~~~~~~~~~^^
  File "C:\Users\MJ경매-이쁜언니\AppData\Local\Programs\Python\Python314\Lib\http\client.py", line 336, in begin
    version, status, reason = self._read_status()
                              ~~~~~~~~~~~~~~~~~^^
  File "C:\Users\MJ경매-이쁜언니\AppData\Local\Programs\Python\Python314\Lib\http\client.py", line 297, in _read_status
    line = str(self.fp.readline(_MAXLINE + 1), "iso-8859-1")
               ~~~~~~~~~~~~~~~~^^^^^^^^^^^^^^
  File "C:\Users\MJ경매-이쁜언니\AppData\Local\Programs\Python\Python314\Lib\socket.py", line 725, in readinto
    return self._sock.recv_into(b)
           ~~~~~~~~~~~~~~~~~~~~^^^
  File "C:\Users\MJ경매-이쁜언니\AppData\Local\Programs\Python\Python314\Lib\ssl.py", line 1304, in recv_into
    return self.read(nbytes, buffer)
           ~~~~~~~~~^^^^^^^^^^^^^^^^
  File "C:\Users\MJ경매-이쁜언니\AppData\Local\Programs\Python\Python314\Lib\ssl.py", line 1138, in read
    return self._sslobj.read(len, buffer)
           ~~~~~~~~~~~~~~~~~^^^^^^^^^^^^^
TimeoutError: The read operation timed out

🎉 완료!
