[LOG] 로그 파일: C:\LJW\MAPS_TEST\00.imageup\logs\20260401_103646_apt84.log
[INFO] 조사물건 크롤링 - 아파트, 84m2, 2~10억 (auction1.co.kr)...

🔑 계정: mjjang1

📡 MAPS 기존 데이터 조회 중...
   기존 등록: 0건

🔐 로그인 중...
   ✓ 로그인 완료

[INFO] 경매 검색 시작 (아파트, 84m2, 2~10억, special=설정안함)...
   v 종합검색 href: https://www.auction1.co.kr/auction/ca_title.php
   v fm_aulist 검색폼 확인
   검색 조건 세팅 중...
   [폼값확인] {'b_area1': '84', 'b_count1': '2', 'b_count2': '3', 'max_price': '100000', 'min_price': '20000', 's_class': '1', 'special': '0', 'state': '1,2,17,18'}
   ✓ 검색 조건 세팅 완료 (special=설정안함/전체)
   ✓ 목록 수: 기본개
   ✓ 정렬 설정: 없음
   v 검색 버튼 클릭 완료 [css:#fm_aulist > table > tbody > tr:nth-chil]

📋 [1페이지] 결과 파싱 중...
    [파서] product_id 행: 20개
    [파서] 후보 컨테이너: 20개
    [1p] 후보 20건 발견 → 필터링 시작
    ⏭  [24타경87492] 입찰일 2026-04-01 지남, 스킵
    ⏭  [25타경62796] 입찰일 2026-04-01 지남, 스킵
    🚫 [3/20] 특수물건 제외: 특수물건 value=3
    🚫 [4/20] 특수물건 제외: 특수물건 value=4
    🚫 [5/20] 특수물건 제외: 특수물건 value=5
    🚫 [6/20] 특수물건 제외: 특수물건 키워드='대지권미등기'
    🚫 [7/20] 특수물건 제외: 특수물건 키워드='대지권미등기'
    🚫 [8/20] 특수물건 제외: 특수물건 키워드='대지권미등기'
    🚫 [9/20] 특수물건 제외: 특수물건 키워드='대지권미등기'
    🚫 [10/20] 특수물건 제외: 특수물건 키워드='대지권미등기'
    🚫 [11/20] 특수물건 제외: 특수물건 키워드='대지권미등기'
    🚫 [12/20] 특수물건 제외: 특수물건 value=12
    🚫 [13/20] 특수물건 제외: 특수물건 value=13
    🚫 [14/20] 특수물건 제외: 특수물건 value=14
    🚫 [15/20] 특수물건 제외: 특수물건 value=15
    🚫 [16/20] 특수물건 제외: 특수물건 value=16
    🚫 [17/20] 특수물건 제외: 특수물건 value=17
    🚫 [18/20] 특수물건 제외: 특수물건 value=18
    🚫 [19/20] 특수물건 제외: 특수물건 value=19
    🚫 [20/20] 특수물건 제외: 특수물건 value=20
    [1p] 결과: 0건 추출 (특수물건제외:18 면적:0 가격:0 중복:0 기간:2)

   총 다음버튼페이지 감지

📋 [2페이지] 이동 중...
   페이지이동: not_found
   페이지이동: 다음클릭
    [파서] product_id 행: 20개
    [파서] 후보 컨테이너: 20개
    [2p] 후보 20건 발견 → 필터링 시작
    ⏭  [24타경87492] 입찰일 2026-04-01 지남, 스킵
    ⏭  [25타경62796] 입찰일 2026-04-01 지남, 스킵
    🚫 [3/20] 특수물건 제외: 특수물건 value=3
    🚫 [4/20] 특수물건 제외: 특수물건 value=4
    🚫 [5/20] 특수물건 제외: 특수물건 value=5
    🚫 [6/20] 특수물건 제외: 특수물건 키워드='대지권미등기'
    🚫 [7/20] 특수물건 제외: 특수물건 키워드='대지권미등기'
    🚫 [8/20] 특수물건 제외: 특수물건 키워드='대지권미등기'
    🚫 [9/20] 특수물건 제외: 특수물건 키워드='대지권미등기'
    🚫 [10/20] 특수물건 제외: 특수물건 키워드='대지권미등기'
    🚫 [11/20] 특수물건 제외: 특수물건 키워드='대지권미등기'
    🚫 [12/20] 특수물건 제외: 특수물건 value=12
    🚫 [13/20] 특수물건 제외: 특수물건 value=13
    🚫 [14/20] 특수물건 제외: 특수물건 value=14
    🚫 [15/20] 특수물건 제외: 특수물건 value=15
    🚫 [16/20] 특수물건 제외: 특수물건 value=16
    🚫 [17/20] 특수물건 제외: 특수물건 value=17
    🚫 [18/20] 특수물건 제외: 특수물건 value=18
    🚫 [19/20] 특수물건 제외: 특수물건 value=19
    🚫 [20/20] 특수물건 제외: 특수물건 value=20
    [2p] 결과: 0건 추출 (특수물건제외:18 면적:0 가격:0 중복:0 기간:2)

📋 [3페이지] 이동 중...
   페이지이동: not_found
   페이지이동: 다음클릭
    [파서] product_id 행: 20개
    [파서] 후보 컨테이너: 20개
    [3p] 후보 20건 발견 → 필터링 시작
    ⏭  [24타경87492] 입찰일 2026-04-01 지남, 스킵
    ⏭  [25타경62796] 입찰일 2026-04-01 지남, 스킵
    🚫 [3/20] 특수물건 제외: 특수물건 value=3
    🚫 [4/20] 특수물건 제외: 특수물건 value=4
    🚫 [5/20] 특수물건 제외: 특수물건 value=5
    🚫 [6/20] 특수물건 제외: 특수물건 키워드='대지권미등기'
    🚫 [7/20] 특수물건 제외: 특수물건 키워드='대지권미등기'
    🚫 [8/20] 특수물건 제외: 특수물건 키워드='대지권미등기'
    🚫 [9/20] 특수물건 제외: 특수물건 키워드='대지권미등기'
    🚫 [10/20] 특수물건 제외: 특수물건 키워드='대지권미등기'
    🚫 [11/20] 특수물건 제외: 특수물건 키워드='대지권미등기'
    🚫 [12/20] 특수물건 제외: 특수물건 value=12
    🚫 [13/20] 특수물건 제외: 특수물건 value=13
    🚫 [14/20] 특수물건 제외: 특수물건 value=14
    🚫 [15/20] 특수물건 제외: 특수물건 value=15
    🚫 [16/20] 특수물건 제외: 특수물건 value=16
    🚫 [17/20] 특수물건 제외: 특수물건 value=17
    🚫 [18/20] 특수물건 제외: 특수물건 value=18
    🚫 [19/20] 특수물건 제외: 특수물건 value=19
    🚫 [20/20] 특수물건 제외: 특수물건 value=20
    [3p] 결과: 0건 추출 (특수물건제외:18 면적:0 가격:0 중복:0 기간:2)

📋 [4페이지] 이동 중...
   페이지이동: not_found
   페이지이동: 다음클릭
    [파서] product_id 행: 20개
    [파서] 후보 컨테이너: 20개
    [4p] 후보 20건 발견 → 필터링 시작
    ⏭  [24타경87492] 입찰일 2026-04-01 지남, 스킵
    ⏭  [25타경62796] 입찰일 2026-04-01 지남, 스킵
    🚫 [3/20] 특수물건 제외: 특수물건 value=3
    🚫 [4/20] 특수물건 제외: 특수물건 value=4
    🚫 [5/20] 특수물건 제외: 특수물건 value=5
    🚫 [6/20] 특수물건 제외: 특수물건 키워드='대지권미등기'
    🚫 [7/20] 특수물건 제외: 특수물건 키워드='대지권미등기'
    🚫 [8/20] 특수물건 제외: 특수물건 키워드='대지권미등기'
    🚫 [9/20] 특수물건 제외: 특수물건 키워드='대지권미등기'
    🚫 [10/20] 특수물건 제외: 특수물건 키워드='대지권미등기'
    🚫 [11/20] 특수물건 제외: 특수물건 키워드='대지권미등기'
    🚫 [12/20] 특수물건 제외: 특수물건 value=12
    🚫 [13/20] 특수물건 제외: 특수물건 value=13
    🚫 [14/20] 특수물건 제외: 특수물건 value=14
    🚫 [15/20] 특수물건 제외: 특수물건 value=15
    🚫 [16/20] 특수물건 제외: 특수물건 value=16
    🚫 [17/20] 특수물건 제외: 특수물건 value=17
    🚫 [18/20] 특수물건 제외: 특수물건 value=18
    🚫 [19/20] 특수물건 제외: 특수물건 value=19
    🚫 [20/20] 특수물건 제외: 특수물건 value=20
    [4p] 결과: 0건 추출 (특수물건제외:18 면적:0 가격:0 중복:0 기간:2)

📋 [5페이지] 이동 중...
   페이지이동: not_found
   페이지이동: 다음클릭
    [파서] product_id 행: 20개
    [파서] 후보 컨테이너: 20개
    [5p] 후보 20건 발견 → 필터링 시작
    ⏭  [24타경87492] 입찰일 2026-04-01 지남, 스킵
    ⏭  [25타경62796] 입찰일 2026-04-01 지남, 스킵
    🚫 [3/20] 특수물건 제외: 특수물건 value=3
    🚫 [4/20] 특수물건 제외: 특수물건 value=4
    🚫 [5/20] 특수물건 제외: 특수물건 value=5
    🚫 [6/20] 특수물건 제외: 특수물건 키워드='대지권미등기'
    🚫 [7/20] 특수물건 제외: 특수물건 키워드='대지권미등기'
    🚫 [8/20] 특수물건 제외: 특수물건 키워드='대지권미등기'
    🚫 [9/20] 특수물건 제외: 특수물건 키워드='대지권미등기'
    🚫 [10/20] 특수물건 제외: 특수물건 키워드='대지권미등기'
    🚫 [11/20] 특수물건 제외: 특수물건 키워드='대지권미등기'
    🚫 [12/20] 특수물건 제외: 특수물건 value=12
    🚫 [13/20] 특수물건 제외: 특수물건 value=13
    🚫 [14/20] 특수물건 제외: 특수물건 value=14
    🚫 [15/20] 특수물건 제외: 특수물건 value=15
    🚫 [16/20] 특수물건 제외: 특수물건 value=16
    🚫 [17/20] 특수물건 제외: 특수물건 value=17
    🚫 [18/20] 특수물건 제외: 특수물건 value=18
    🚫 [19/20] 특수물건 제외: 특수물건 value=19
    🚫 [20/20] 특수물건 제외: 특수물건 value=20
    [5p] 결과: 0건 추출 (특수물건제외:18 면적:0 가격:0 중복:0 기간:2)

📋 [6페이지] 이동 중...
   페이지이동: not_found
   페이지이동: 다음클릭
    [파서] product_id 행: 20개
    [파서] 후보 컨테이너: 20개
    [6p] 후보 20건 발견 → 필터링 시작
    ⏭  [24타경87492] 입찰일 2026-04-01 지남, 스킵
    ⏭  [25타경62796] 입찰일 2026-04-01 지남, 스킵
    🚫 [3/20] 특수물건 제외: 특수물건 value=3
    🚫 [4/20] 특수물건 제외: 특수물건 value=4
    🚫 [5/20] 특수물건 제외: 특수물건 value=5
    🚫 [6/20] 특수물건 제외: 특수물건 키워드='대지권미등기'
    🚫 [7/20] 특수물건 제외: 특수물건 키워드='대지권미등기'
    🚫 [8/20] 특수물건 제외: 특수물건 키워드='대지권미등기'
    🚫 [9/20] 특수물건 제외: 특수물건 키워드='대지권미등기'
    🚫 [10/20] 특수물건 제외: 특수물건 키워드='대지권미등기'
    🚫 [11/20] 특수물건 제외: 특수물건 키워드='대지권미등기'
    🚫 [12/20] 특수물건 제외: 특수물건 value=12
    🚫 [13/20] 특수물건 제외: 특수물건 value=13
    🚫 [14/20] 특수물건 제외: 특수물건 value=14
    🚫 [15/20] 특수물건 제외: 특수물건 value=15
    🚫 [16/20] 특수물건 제외: 특수물건 value=16
    🚫 [17/20] 특수물건 제외: 특수물건 value=17
    🚫 [18/20] 특수물건 제외: 특수물건 value=18
    🚫 [19/20] 특수물건 제외: 특수물건 value=19
    🚫 [20/20] 특수물건 제외: 특수물건 value=20
    [6p] 결과: 0건 추출 (특수물건제외:18 면적:0 가격:0 중복:0 기간:2)

📋 [7페이지] 이동 중...
   페이지이동: not_found
   페이지이동: 다음클릭
    [파서] product_id 행: 20개
    [파서] 후보 컨테이너: 20개
    [7p] 후보 20건 발견 → 필터링 시작
    ⏭  [24타경87492] 입찰일 2026-04-01 지남, 스킵
    ⏭  [25타경62796] 입찰일 2026-04-01 지남, 스킵
    🚫 [3/20] 특수물건 제외: 특수물건 value=3
    🚫 [4/20] 특수물건 제외: 특수물건 value=4
    🚫 [5/20] 특수물건 제외: 특수물건 value=5
    🚫 [6/20] 특수물건 제외: 특수물건 키워드='대지권미등기'
    🚫 [7/20] 특수물건 제외: 특수물건 키워드='대지권미등기'
    🚫 [8/20] 특수물건 제외: 특수물건 키워드='대지권미등기'
    🚫 [9/20] 특수물건 제외: 특수물건 키워드='대지권미등기'
    🚫 [10/20] 특수물건 제외: 특수물건 키워드='대지권미등기'
    🚫 [11/20] 특수물건 제외: 특수물건 키워드='대지권미등기'
    🚫 [12/20] 특수물건 제외: 특수물건 value=12
    🚫 [13/20] 특수물건 제외: 특수물건 value=13
    🚫 [14/20] 특수물건 제외: 특수물건 value=14
    🚫 [15/20] 특수물건 제외: 특수물건 value=15
    🚫 [16/20] 특수물건 제외: 특수물건 value=16
    🚫 [17/20] 특수물건 제외: 특수물건 value=17
    🚫 [18/20] 특수물건 제외: 특수물건 value=18
    🚫 [19/20] 특수물건 제외: 특수물건 value=19
    🚫 [20/20] 특수물건 제외: 특수물건 value=20
    [7p] 결과: 0건 추출 (특수물건제외:18 면적:0 가격:0 중복:0 기간:2)

📋 [8페이지] 이동 중...
   페이지이동: not_found
   페이지이동: 다음클릭
    [파서] product_id 행: 20개
    [파서] 후보 컨테이너: 20개
    [8p] 후보 20건 발견 → 필터링 시작
    ⏭  [24타경87492] 입찰일 2026-04-01 지남, 스킵
    ⏭  [25타경62796] 입찰일 2026-04-01 지남, 스킵
    🚫 [3/20] 특수물건 제외: 특수물건 value=3
    🚫 [4/20] 특수물건 제외: 특수물건 value=4
    🚫 [5/20] 특수물건 제외: 특수물건 value=5
    🚫 [6/20] 특수물건 제외: 특수물건 키워드='대지권미등기'
    🚫 [7/20] 특수물건 제외: 특수물건 키워드='대지권미등기'
    🚫 [8/20] 특수물건 제외: 특수물건 키워드='대지권미등기'
    🚫 [9/20] 특수물건 제외: 특수물건 키워드='대지권미등기'
    🚫 [10/20] 특수물건 제외: 특수물건 키워드='대지권미등기'
    🚫 [11/20] 특수물건 제외: 특수물건 키워드='대지권미등기'
    🚫 [12/20] 특수물건 제외: 특수물건 value=12
    🚫 [13/20] 특수물건 제외: 특수물건 value=13
    🚫 [14/20] 특수물건 제외: 특수물건 value=14
    🚫 [15/20] 특수물건 제외: 특수물건 value=15
    🚫 [16/20] 특수물건 제외: 특수물건 value=16
    🚫 [17/20] 특수물건 제외: 특수물건 value=17
    🚫 [18/20] 특수물건 제외: 특수물건 value=18
    🚫 [19/20] 특수물건 제외: 특수물건 value=19
    🚫 [20/20] 특수물건 제외: 특수물건 value=20
    [8p] 결과: 0건 추출 (특수물건제외:18 면적:0 가격:0 중복:0 기간:2)

📋 [9페이지] 이동 중...
   페이지이동: not_found
   페이지이동: 다음클릭
    [파서] product_id 행: 20개
    [파서] 후보 컨테이너: 20개
    [9p] 후보 20건 발견 → 필터링 시작
    ⏭  [24타경87492] 입찰일 2026-04-01 지남, 스킵
    ⏭  [25타경62796] 입찰일 2026-04-01 지남, 스킵
    🚫 [3/20] 특수물건 제외: 특수물건 value=3
    🚫 [4/20] 특수물건 제외: 특수물건 value=4
    🚫 [5/20] 특수물건 제외: 특수물건 value=5
    🚫 [6/20] 특수물건 제외: 특수물건 키워드='대지권미등기'
    🚫 [7/20] 특수물건 제외: 특수물건 키워드='대지권미등기'
    🚫 [8/20] 특수물건 제외: 특수물건 키워드='대지권미등기'
    🚫 [9/20] 특수물건 제외: 특수물건 키워드='대지권미등기'
    🚫 [10/20] 특수물건 제외: 특수물건 키워드='대지권미등기'
    🚫 [11/20] 특수물건 제외: 특수물건 키워드='대지권미등기'
    🚫 [12/20] 특수물건 제외: 특수물건 value=12
    🚫 [13/20] 특수물건 제외: 특수물건 value=13
    🚫 [14/20] 특수물건 제외: 특수물건 value=14
    🚫 [15/20] 특수물건 제외: 특수물건 value=15
    🚫 [16/20] 특수물건 제외: 특수물건 value=16
    🚫 [17/20] 특수물건 제외: 특수물건 value=17
    🚫 [18/20] 특수물건 제외: 특수물건 value=18
    🚫 [19/20] 특수물건 제외: 특수물건 value=19
    🚫 [20/20] 특수물건 제외: 특수물건 value=20
    [9p] 결과: 0건 추출 (특수물건제외:18 면적:0 가격:0 중복:0 기간:2)

📋 [10페이지] 이동 중...
   페이지이동: not_found
   페이지이동: 다음클릭
    [파서] product_id 행: 20개
    [파서] 후보 컨테이너: 20개
    [10p] 후보 20건 발견 → 필터링 시작
    ⏭  [24타경87492] 입찰일 2026-04-01 지남, 스킵
    ⏭  [25타경62796] 입찰일 2026-04-01 지남, 스킵
    🚫 [3/20] 특수물건 제외: 특수물건 value=3
    🚫 [4/20] 특수물건 제외: 특수물건 value=4
    🚫 [5/20] 특수물건 제외: 특수물건 value=5
    🚫 [6/20] 특수물건 제외: 특수물건 키워드='대지권미등기'
    🚫 [7/20] 특수물건 제외: 특수물건 키워드='대지권미등기'
    🚫 [8/20] 특수물건 제외: 특수물건 키워드='대지권미등기'
    🚫 [9/20] 특수물건 제외: 특수물건 키워드='대지권미등기'
    🚫 [10/20] 특수물건 제외: 특수물건 키워드='대지권미등기'
    🚫 [11/20] 특수물건 제외: 특수물건 키워드='대지권미등기'
    🚫 [12/20] 특수물건 제외: 특수물건 value=12
    🚫 [13/20] 특수물건 제외: 특수물건 value=13
    🚫 [14/20] 특수물건 제외: 특수물건 value=14
    🚫 [15/20] 특수물건 제외: 특수물건 value=15
    🚫 [16/20] 특수물건 제외: 특수물건 value=16
    🚫 [17/20] 특수물건 제외: 특수물건 value=17
    🚫 [18/20] 특수물건 제외: 특수물건 value=18
    🚫 [19/20] 특수물건 제외: 특수물건 value=19
    🚫 [20/20] 특수물건 제외: 특수물건 value=20
    [10p] 결과: 0건 추출 (특수물건제외:18 면적:0 가격:0 중복:0 기간:2)

📋 [11페이지] 이동 중...
   페이지이동: not_found
   페이지이동: 다음클릭
    [파서] product_id 행: 20개
    [파서] 후보 컨테이너: 20개
    [11p] 후보 20건 발견 → 필터링 시작
    ⏭  [24타경87492] 입찰일 2026-04-01 지남, 스킵
    ⏭  [25타경62796] 입찰일 2026-04-01 지남, 스킵
    🚫 [3/20] 특수물건 제외: 특수물건 value=3
    🚫 [4/20] 특수물건 제외: 특수물건 value=4
    🚫 [5/20] 특수물건 제외: 특수물건 value=5
    🚫 [6/20] 특수물건 제외: 특수물건 키워드='대지권미등기'
    🚫 [7/20] 특수물건 제외: 특수물건 키워드='대지권미등기'
    🚫 [8/20] 특수물건 제외: 특수물건 키워드='대지권미등기'
    🚫 [9/20] 특수물건 제외: 특수물건 키워드='대지권미등기'
    🚫 [10/20] 특수물건 제외: 특수물건 키워드='대지권미등기'
    🚫 [11/20] 특수물건 제외: 특수물건 키워드='대지권미등기'
    🚫 [12/20] 특수물건 제외: 특수물건 value=12
    🚫 [13/20] 특수물건 제외: 특수물건 value=13
    🚫 [14/20] 특수물건 제외: 특수물건 value=14
    🚫 [15/20] 특수물건 제외: 특수물건 value=15
    🚫 [16/20] 특수물건 제외: 특수물건 value=16
    🚫 [17/20] 특수물건 제외: 특수물건 value=17
    🚫 [18/20] 특수물건 제외: 특수물건 value=18
    🚫 [19/20] 특수물건 제외: 특수물건 value=19
    🚫 [20/20] 특수물건 제외: 특수물건 value=20
    [11p] 결과: 0건 추출 (특수물건제외:18 면적:0 가격:0 중복:0 기간:2)

📋 [12페이지] 이동 중...
   페이지이동: not_found
   페이지이동: 다음클릭
    [파서] product_id 행: 20개
    [파서] 후보 컨테이너: 20개
    [12p] 후보 20건 발견 → 필터링 시작
    ⏭  [24타경87492] 입찰일 2026-04-01 지남, 스킵
    ⏭  [25타경62796] 입찰일 2026-04-01 지남, 스킵
    🚫 [3/20] 특수물건 제외: 특수물건 value=3
    🚫 [4/20] 특수물건 제외: 특수물건 value=4
    🚫 [5/20] 특수물건 제외: 특수물건 value=5
    🚫 [6/20] 특수물건 제외: 특수물건 키워드='대지권미등기'
    🚫 [7/20] 특수물건 제외: 특수물건 키워드='대지권미등기'
    🚫 [8/20] 특수물건 제외: 특수물건 키워드='대지권미등기'
    🚫 [9/20] 특수물건 제외: 특수물건 키워드='대지권미등기'
    🚫 [10/20] 특수물건 제외: 특수물건 키워드='대지권미등기'
    🚫 [11/20] 특수물건 제외: 특수물건 키워드='대지권미등기'
    🚫 [12/20] 특수물건 제외: 특수물건 value=12
    🚫 [13/20] 특수물건 제외: 특수물건 value=13
    🚫 [14/20] 특수물건 제외: 특수물건 value=14
    🚫 [15/20] 특수물건 제외: 특수물건 value=15
    🚫 [16/20] 특수물건 제외: 특수물건 value=16
    🚫 [17/20] 특수물건 제외: 특수물건 value=17
    🚫 [18/20] 특수물건 제외: 특수물건 value=18
    🚫 [19/20] 특수물건 제외: 특수물건 value=19
    🚫 [20/20] 특수물건 제외: 특수물건 value=20
    [12p] 결과: 0건 추출 (특수물건제외:18 면적:0 가격:0 중복:0 기간:2)

📋 [13페이지] 이동 중...
   페이지이동: not_found
   페이지이동: 다음클릭
    [파서] product_id 행: 20개
    [파서] 후보 컨테이너: 20개
    [13p] 후보 20건 발견 → 필터링 시작
    ⏭  [24타경87492] 입찰일 2026-04-01 지남, 스킵
    ⏭  [25타경62796] 입찰일 2026-04-01 지남, 스킵
    🚫 [3/20] 특수물건 제외: 특수물건 value=3
    🚫 [4/20] 특수물건 제외: 특수물건 value=4
    🚫 [5/20] 특수물건 제외: 특수물건 value=5
    🚫 [6/20] 특수물건 제외: 특수물건 키워드='대지권미등기'
    🚫 [7/20] 특수물건 제외: 특수물건 키워드='대지권미등기'
    🚫 [8/20] 특수물건 제외: 특수물건 키워드='대지권미등기'
    🚫 [9/20] 특수물건 제외: 특수물건 키워드='대지권미등기'
    🚫 [10/20] 특수물건 제외: 특수물건 키워드='대지권미등기'
    🚫 [11/20] 특수물건 제외: 특수물건 키워드='대지권미등기'
    🚫 [12/20] 특수물건 제외: 특수물건 value=12
    🚫 [13/20] 특수물건 제외: 특수물건 value=13
    🚫 [14/20] 특수물건 제외: 특수물건 value=14
    🚫 [15/20] 특수물건 제외: 특수물건 value=15
    🚫 [16/20] 특수물건 제외: 특수물건 value=16
    🚫 [17/20] 특수물건 제외: 특수물건 value=17
    🚫 [18/20] 특수물건 제외: 특수물건 value=18
    🚫 [19/20] 특수물건 제외: 특수물건 value=19
    🚫 [20/20] 특수물건 제외: 특수물건 value=20
    [13p] 결과: 0건 추출 (특수물건제외:18 면적:0 가격:0 중복:0 기간:2)

📋 [14페이지] 이동 중...
   페이지이동: not_found
   페이지이동: 다음클릭
    [파서] product_id 행: 20개
    [파서] 후보 컨테이너: 20개
    [14p] 후보 20건 발견 → 필터링 시작
    ⏭  [24타경87492] 입찰일 2026-04-01 지남, 스킵
    ⏭  [25타경62796] 입찰일 2026-04-01 지남, 스킵
    🚫 [3/20] 특수물건 제외: 특수물건 value=3
    🚫 [4/20] 특수물건 제외: 특수물건 value=4
    🚫 [5/20] 특수물건 제외: 특수물건 value=5
    🚫 [6/20] 특수물건 제외: 특수물건 키워드='대지권미등기'
    🚫 [7/20] 특수물건 제외: 특수물건 키워드='대지권미등기'
    🚫 [8/20] 특수물건 제외: 특수물건 키워드='대지권미등기'
    🚫 [9/20] 특수물건 제외: 특수물건 키워드='대지권미등기'
    🚫 [10/20] 특수물건 제외: 특수물건 키워드='대지권미등기'
    🚫 [11/20] 특수물건 제외: 특수물건 키워드='대지권미등기'
    🚫 [12/20] 특수물건 제외: 특수물건 value=12
    🚫 [13/20] 특수물건 제외: 특수물건 value=13
    🚫 [14/20] 특수물건 제외: 특수물건 value=14
    🚫 [15/20] 특수물건 제외: 특수물건 value=15
    🚫 [16/20] 특수물건 제외: 특수물건 value=16
    🚫 [17/20] 특수물건 제외: 특수물건 value=17
    🚫 [18/20] 특수물건 제외: 특수물건 value=18
    🚫 [19/20] 특수물건 제외: 특수물건 value=19
    🚫 [20/20] 특수물건 제외: 특수물건 value=20
    [14p] 결과: 0건 추출 (특수물건제외:18 면적:0 가격:0 중복:0 기간:2)

📋 [15페이지] 이동 중...
   페이지이동: not_found
   페이지이동: 다음클릭
    [파서] product_id 행: 20개
    [파서] 후보 컨테이너: 20개
    [15p] 후보 20건 발견 → 필터링 시작
    ⏭  [24타경87492] 입찰일 2026-04-01 지남, 스킵
    ⏭  [25타경62796] 입찰일 2026-04-01 지남, 스킵
    🚫 [3/20] 특수물건 제외: 특수물건 value=3
    🚫 [4/20] 특수물건 제외: 특수물건 value=4
    🚫 [5/20] 특수물건 제외: 특수물건 value=5
    🚫 [6/20] 특수물건 제외: 특수물건 키워드='대지권미등기'
    🚫 [7/20] 특수물건 제외: 특수물건 키워드='대지권미등기'
    🚫 [8/20] 특수물건 제외: 특수물건 키워드='대지권미등기'
    🚫 [9/20] 특수물건 제외: 특수물건 키워드='대지권미등기'
    🚫 [10/20] 특수물건 제외: 특수물건 키워드='대지권미등기'
    🚫 [11/20] 특수물건 제외: 특수물건 키워드='대지권미등기'
    🚫 [12/20] 특수물건 제외: 특수물건 value=12
    🚫 [13/20] 특수물건 제외: 특수물건 value=13
    🚫 [14/20] 특수물건 제외: 특수물건 value=14
    🚫 [15/20] 특수물건 제외: 특수물건 value=15
    🚫 [16/20] 특수물건 제외: 특수물건 value=16
    🚫 [17/20] 특수물건 제외: 특수물건 value=17
    🚫 [18/20] 특수물건 제외: 특수물건 value=18
    🚫 [19/20] 특수물건 제외: 특수물건 value=19
    🚫 [20/20] 특수물건 제외: 특수물건 value=20
    [15p] 결과: 0건 추출 (특수물건제외:18 면적:0 가격:0 중복:0 기간:2)

📋 [16페이지] 이동 중...
   페이지이동: not_found
   페이지이동: 다음클릭
    [파서] product_id 행: 20개
    [파서] 후보 컨테이너: 20개
    [16p] 후보 20건 발견 → 필터링 시작
    ⏭  [24타경87492] 입찰일 2026-04-01 지남, 스킵
    ⏭  [25타경62796] 입찰일 2026-04-01 지남, 스킵
    🚫 [3/20] 특수물건 제외: 특수물건 value=3
    🚫 [4/20] 특수물건 제외: 특수물건 value=4
    🚫 [5/20] 특수물건 제외: 특수물건 value=5
    🚫 [6/20] 특수물건 제외: 특수물건 키워드='대지권미등기'
    🚫 [7/20] 특수물건 제외: 특수물건 키워드='대지권미등기'
    🚫 [8/20] 특수물건 제외: 특수물건 키워드='대지권미등기'
    🚫 [9/20] 특수물건 제외: 특수물건 키워드='대지권미등기'
    🚫 [10/20] 특수물건 제외: 특수물건 키워드='대지권미등기'
    🚫 [11/20] 특수물건 제외: 특수물건 키워드='대지권미등기'
    🚫 [12/20] 특수물건 제외: 특수물건 value=12
    🚫 [13/20] 특수물건 제외: 특수물건 value=13
    🚫 [14/20] 특수물건 제외: 특수물건 value=14
    🚫 [15/20] 특수물건 제외: 특수물건 value=15
    🚫 [16/20] 특수물건 제외: 특수물건 value=16
    🚫 [17/20] 특수물건 제외: 특수물건 value=17
    🚫 [18/20] 특수물건 제외: 특수물건 value=18
    🚫 [19/20] 특수물건 제외: 특수물건 value=19
    🚫 [20/20] 특수물건 제외: 특수물건 value=20
    [16p] 결과: 0건 추출 (특수물건제외:18 면적:0 가격:0 중복:0 기간:2)

📋 [17페이지] 이동 중...
   페이지이동: not_found
   페이지이동: 다음클릭
    [파서] product_id 행: 20개
    [파서] 후보 컨테이너: 20개
    [17p] 후보 20건 발견 → 필터링 시작
    ⏭  [24타경87492] 입찰일 2026-04-01 지남, 스킵
    ⏭  [25타경62796] 입찰일 2026-04-01 지남, 스킵
    🚫 [3/20] 특수물건 제외: 특수물건 value=3
    🚫 [4/20] 특수물건 제외: 특수물건 value=4
    🚫 [5/20] 특수물건 제외: 특수물건 value=5
    🚫 [6/20] 특수물건 제외: 특수물건 키워드='대지권미등기'
    🚫 [7/20] 특수물건 제외: 특수물건 키워드='대지권미등기'
    🚫 [8/20] 특수물건 제외: 특수물건 키워드='대지권미등기'
    🚫 [9/20] 특수물건 제외: 특수물건 키워드='대지권미등기'
    🚫 [10/20] 특수물건 제외: 특수물건 키워드='대지권미등기'
    🚫 [11/20] 특수물건 제외: 특수물건 키워드='대지권미등기'
    🚫 [12/20] 특수물건 제외: 특수물건 value=12
    🚫 [13/20] 특수물건 제외: 특수물건 value=13
    🚫 [14/20] 특수물건 제외: 특수물건 value=14
    🚫 [15/20] 특수물건 제외: 특수물건 value=15
    🚫 [16/20] 특수물건 제외: 특수물건 value=16
    🚫 [17/20] 특수물건 제외: 특수물건 value=17
    🚫 [18/20] 특수물건 제외: 특수물건 value=18
    🚫 [19/20] 특수물건 제외: 특수물건 value=19
    🚫 [20/20] 특수물건 제외: 특수물건 value=20
    [17p] 결과: 0건 추출 (특수물건제외:18 면적:0 가격:0 중복:0 기간:2)

📋 [18페이지] 이동 중...
   페이지이동: not_found
   페이지이동: 다음클릭
    [파서] product_id 행: 20개
    [파서] 후보 컨테이너: 20개
    [18p] 후보 20건 발견 → 필터링 시작
    ⏭  [24타경87492] 입찰일 2026-04-01 지남, 스킵
    ⏭  [25타경62796] 입찰일 2026-04-01 지남, 스킵
    🚫 [3/20] 특수물건 제외: 특수물건 value=3
    🚫 [4/20] 특수물건 제외: 특수물건 value=4
    🚫 [5/20] 특수물건 제외: 특수물건 value=5
    🚫 [6/20] 특수물건 제외: 특수물건 키워드='대지권미등기'
    🚫 [7/20] 특수물건 제외: 특수물건 키워드='대지권미등기'
    🚫 [8/20] 특수물건 제외: 특수물건 키워드='대지권미등기'
    🚫 [9/20] 특수물건 제외: 특수물건 키워드='대지권미등기'
    🚫 [10/20] 특수물건 제외: 특수물건 키워드='대지권미등기'
    🚫 [11/20] 특수물건 제외: 특수물건 키워드='대지권미등기'
    🚫 [12/20] 특수물건 제외: 특수물건 value=12
    🚫 [13/20] 특수물건 제외: 특수물건 value=13
    🚫 [14/20] 특수물건 제외: 특수물건 value=14
    🚫 [15/20] 특수물건 제외: 특수물건 value=15
    🚫 [16/20] 특수물건 제외: 특수물건 value=16
    🚫 [17/20] 특수물건 제외: 특수물건 value=17
    🚫 [18/20] 특수물건 제외: 특수물건 value=18
    🚫 [19/20] 특수물건 제외: 특수물건 value=19
    🚫 [20/20] 특수물건 제외: 특수물건 value=20
    [18p] 결과: 0건 추출 (특수물건제외:18 면적:0 가격:0 중복:0 기간:2)

📋 [19페이지] 이동 중...
   페이지이동: not_found
   페이지이동: 다음클릭
    [파서] product_id 행: 20개
    [파서] 후보 컨테이너: 20개
    [19p] 후보 20건 발견 → 필터링 시작
    ⏭  [24타경87492] 입찰일 2026-04-01 지남, 스킵
    ⏭  [25타경62796] 입찰일 2026-04-01 지남, 스킵
    🚫 [3/20] 특수물건 제외: 특수물건 value=3
    🚫 [4/20] 특수물건 제외: 특수물건 value=4
    🚫 [5/20] 특수물건 제외: 특수물건 value=5
    🚫 [6/20] 특수물건 제외: 특수물건 키워드='대지권미등기'
    🚫 [7/20] 특수물건 제외: 특수물건 키워드='대지권미등기'
    🚫 [8/20] 특수물건 제외: 특수물건 키워드='대지권미등기'
    🚫 [9/20] 특수물건 제외: 특수물건 키워드='대지권미등기'
    🚫 [10/20] 특수물건 제외: 특수물건 키워드='대지권미등기'
    🚫 [11/20] 특수물건 제외: 특수물건 키워드='대지권미등기'
    🚫 [12/20] 특수물건 제외: 특수물건 value=12
    🚫 [13/20] 특수물건 제외: 특수물건 value=13
    🚫 [14/20] 특수물건 제외: 특수물건 value=14
    🚫 [15/20] 특수물건 제외: 특수물건 value=15
    🚫 [16/20] 특수물건 제외: 특수물건 value=16
    🚫 [17/20] 특수물건 제외: 특수물건 value=17
    🚫 [18/20] 특수물건 제외: 특수물건 value=18
    🚫 [19/20] 특수물건 제외: 특수물건 value=19
    🚫 [20/20] 특수물건 제외: 특수물건 value=20
    [19p] 결과: 0건 추출 (특수물건제외:18 면적:0 가격:0 중복:0 기간:2)

📋 [20페이지] 이동 중...
   페이지이동: not_found
   페이지이동: 다음클릭
    [파서] product_id 행: 20개
    [파서] 후보 컨테이너: 20개
    [20p] 후보 20건 발견 → 필터링 시작
    ⏭  [24타경87492] 입찰일 2026-04-01 지남, 스킵
    ⏭  [25타경62796] 입찰일 2026-04-01 지남, 스킵
    🚫 [3/20] 특수물건 제외: 특수물건 value=3
    🚫 [4/20] 특수물건 제외: 특수물건 value=4
    🚫 [5/20] 특수물건 제외: 특수물건 value=5
    🚫 [6/20] 특수물건 제외: 특수물건 키워드='대지권미등기'
    🚫 [7/20] 특수물건 제외: 특수물건 키워드='대지권미등기'
    🚫 [8/20] 특수물건 제외: 특수물건 키워드='대지권미등기'
    🚫 [9/20] 특수물건 제외: 특수물건 키워드='대지권미등기'
    🚫 [10/20] 특수물건 제외: 특수물건 키워드='대지권미등기'
    🚫 [11/20] 특수물건 제외: 특수물건 키워드='대지권미등기'
    🚫 [12/20] 특수물건 제외: 특수물건 value=12
    🚫 [13/20] 특수물건 제외: 특수물건 value=13
    🚫 [14/20] 특수물건 제외: 특수물건 value=14
    🚫 [15/20] 특수물건 제외: 특수물건 value=15
    🚫 [16/20] 특수물건 제외: 특수물건 value=16
    🚫 [17/20] 특수물건 제외: 특수물건 value=17
    🚫 [18/20] 특수물건 제외: 특수물건 value=18
    🚫 [19/20] 특수물건 제외: 특수물건 value=19
    🚫 [20/20] 특수물건 제외: 특수물건 value=20
    [20p] 결과: 0건 추출 (특수물건제외:18 면적:0 가격:0 중복:0 기간:2)

📋 [21페이지] 이동 중...
   페이지이동: not_found
   페이지이동: 다음클릭
    [파서] product_id 행: 20개
    [파서] 후보 컨테이너: 20개
    [21p] 후보 20건 발견 → 필터링 시작
    ⏭  [24타경87492] 입찰일 2026-04-01 지남, 스킵
    ⏭  [25타경62796] 입찰일 2026-04-01 지남, 스킵
    🚫 [3/20] 특수물건 제외: 특수물건 value=3
    🚫 [4/20] 특수물건 제외: 특수물건 value=4
    🚫 [5/20] 특수물건 제외: 특수물건 value=5
    🚫 [6/20] 특수물건 제외: 특수물건 키워드='대지권미등기'
    🚫 [7/20] 특수물건 제외: 특수물건 키워드='대지권미등기'
    🚫 [8/20] 특수물건 제외: 특수물건 키워드='대지권미등기'
    🚫 [9/20] 특수물건 제외: 특수물건 키워드='대지권미등기'
    🚫 [10/20] 특수물건 제외: 특수물건 키워드='대지권미등기'
    🚫 [11/20] 특수물건 제외: 특수물건 키워드='대지권미등기'
    🚫 [12/20] 특수물건 제외: 특수물건 value=12
    🚫 [13/20] 특수물건 제외: 특수물건 value=13
    🚫 [14/20] 특수물건 제외: 특수물건 value=14
    🚫 [15/20] 특수물건 제외: 특수물건 value=15
    🚫 [16/20] 특수물건 제외: 특수물건 value=16
    🚫 [17/20] 특수물건 제외: 특수물건 value=17
    🚫 [18/20] 특수물건 제외: 특수물건 value=18
    🚫 [19/20] 특수물건 제외: 특수물건 value=19
    🚫 [20/20] 특수물건 제외: 특수물건 value=20
    [21p] 결과: 0건 추출 (특수물건제외:18 면적:0 가격:0 중복:0 기간:2)

📋 [22페이지] 이동 중...
   페이지이동: not_found
   페이지이동: 다음클릭
    [파서] product_id 행: 20개
    [파서] 후보 컨테이너: 20개
    [22p] 후보 20건 발견 → 필터링 시작
    ⏭  [24타경87492] 입찰일 2026-04-01 지남, 스킵
    ⏭  [25타경62796] 입찰일 2026-04-01 지남, 스킵
    🚫 [3/20] 특수물건 제외: 특수물건 value=3
    🚫 [4/20] 특수물건 제외: 특수물건 value=4
    🚫 [5/20] 특수물건 제외: 특수물건 value=5
    🚫 [6/20] 특수물건 제외: 특수물건 키워드='대지권미등기'
    🚫 [7/20] 특수물건 제외: 특수물건 키워드='대지권미등기'
    🚫 [8/20] 특수물건 제외: 특수물건 키워드='대지권미등기'
    🚫 [9/20] 특수물건 제외: 특수물건 키워드='대지권미등기'
    🚫 [10/20] 특수물건 제외: 특수물건 키워드='대지권미등기'
    🚫 [11/20] 특수물건 제외: 특수물건 키워드='대지권미등기'
    🚫 [12/20] 특수물건 제외: 특수물건 value=12
    🚫 [13/20] 특수물건 제외: 특수물건 value=13
    🚫 [14/20] 특수물건 제외: 특수물건 value=14
    🚫 [15/20] 특수물건 제외: 특수물건 value=15
    🚫 [16/20] 특수물건 제외: 특수물건 value=16
    🚫 [17/20] 특수물건 제외: 특수물건 value=17
    🚫 [18/20] 특수물건 제외: 특수물건 value=18
    🚫 [19/20] 특수물건 제외: 특수물건 value=19
    🚫 [20/20] 특수물건 제외: 특수물건 value=20
    [22p] 결과: 0건 추출 (특수물건제외:18 면적:0 가격:0 중복:0 기간:2)

📋 [23페이지] 이동 중...
   페이지이동: not_found
   페이지이동: 다음클릭
    [파서] product_id 행: 20개
    [파서] 후보 컨테이너: 20개
    [23p] 후보 20건 발견 → 필터링 시작
    ⏭  [24타경87492] 입찰일 2026-04-01 지남, 스킵
    ⏭  [25타경62796] 입찰일 2026-04-01 지남, 스킵
    🚫 [3/20] 특수물건 제외: 특수물건 value=3
    🚫 [4/20] 특수물건 제외: 특수물건 value=4
    🚫 [5/20] 특수물건 제외: 특수물건 value=5
    🚫 [6/20] 특수물건 제외: 특수물건 키워드='대지권미등기'
    🚫 [7/20] 특수물건 제외: 특수물건 키워드='대지권미등기'
    🚫 [8/20] 특수물건 제외: 특수물건 키워드='대지권미등기'
    🚫 [9/20] 특수물건 제외: 특수물건 키워드='대지권미등기'
    🚫 [10/20] 특수물건 제외: 특수물건 키워드='대지권미등기'
    🚫 [11/20] 특수물건 제외: 특수물건 키워드='대지권미등기'
    🚫 [12/20] 특수물건 제외: 특수물건 value=12
    🚫 [13/20] 특수물건 제외: 특수물건 value=13
    🚫 [14/20] 특수물건 제외: 특수물건 value=14
    🚫 [15/20] 특수물건 제외: 특수물건 value=15
    🚫 [16/20] 특수물건 제외: 특수물건 value=16
    🚫 [17/20] 특수물건 제외: 특수물건 value=17
    🚫 [18/20] 특수물건 제외: 특수물건 value=18
    🚫 [19/20] 특수물건 제외: 특수물건 value=19
    🚫 [20/20] 특수물건 제외: 특수물건 value=20
    [23p] 결과: 0건 추출 (특수물건제외:18 면적:0 가격:0 중복:0 기간:2)

📋 [24페이지] 이동 중...
   페이지이동: not_found
   페이지이동: 다음클릭
    [파서] product_id 행: 20개
    [파서] 후보 컨테이너: 20개
    [24p] 후보 20건 발견 → 필터링 시작
    ⏭  [24타경87492] 입찰일 2026-04-01 지남, 스킵
    ⏭  [25타경62796] 입찰일 2026-04-01 지남, 스킵
    🚫 [3/20] 특수물건 제외: 특수물건 value=3
    🚫 [4/20] 특수물건 제외: 특수물건 value=4
    🚫 [5/20] 특수물건 제외: 특수물건 value=5
    🚫 [6/20] 특수물건 제외: 특수물건 키워드='대지권미등기'
    🚫 [7/20] 특수물건 제외: 특수물건 키워드='대지권미등기'
    🚫 [8/20] 특수물건 제외: 특수물건 키워드='대지권미등기'
    🚫 [9/20] 특수물건 제외: 특수물건 키워드='대지권미등기'
    🚫 [10/20] 특수물건 제외: 특수물건 키워드='대지권미등기'
    🚫 [11/20] 특수물건 제외: 특수물건 키워드='대지권미등기'
    🚫 [12/20] 특수물건 제외: 특수물건 value=12
    🚫 [13/20] 특수물건 제외: 특수물건 value=13
    🚫 [14/20] 특수물건 제외: 특수물건 value=14
    🚫 [15/20] 특수물건 제외: 특수물건 value=15
    🚫 [16/20] 특수물건 제외: 특수물건 value=16
    🚫 [17/20] 특수물건 제외: 특수물건 value=17
    🚫 [18/20] 특수물건 제외: 특수물건 value=18
    🚫 [19/20] 특수물건 제외: 특수물건 value=19
    🚫 [20/20] 특수물건 제외: 특수물건 value=20
    [24p] 결과: 0건 추출 (특수물건제외:18 면적:0 가격:0 중복:0 기간:2)

📋 [25페이지] 이동 중...
   페이지이동: not_found
   페이지이동: 다음클릭
    [파서] product_id 행: 20개
    [파서] 후보 컨테이너: 20개
    [25p] 후보 20건 발견 → 필터링 시작
    ⏭  [24타경87492] 입찰일 2026-04-01 지남, 스킵
    ⏭  [25타경62796] 입찰일 2026-04-01 지남, 스킵
    🚫 [3/20] 특수물건 제외: 특수물건 value=3
    🚫 [4/20] 특수물건 제외: 특수물건 value=4
    🚫 [5/20] 특수물건 제외: 특수물건 value=5
    🚫 [6/20] 특수물건 제외: 특수물건 키워드='대지권미등기'
    🚫 [7/20] 특수물건 제외: 특수물건 키워드='대지권미등기'
    🚫 [8/20] 특수물건 제외: 특수물건 키워드='대지권미등기'
    🚫 [9/20] 특수물건 제외: 특수물건 키워드='대지권미등기'
    🚫 [10/20] 특수물건 제외: 특수물건 키워드='대지권미등기'
    🚫 [11/20] 특수물건 제외: 특수물건 키워드='대지권미등기'
    🚫 [12/20] 특수물건 제외: 특수물건 value=12
    🚫 [13/20] 특수물건 제외: 특수물건 value=13
    🚫 [14/20] 특수물건 제외: 특수물건 value=14
    🚫 [15/20] 특수물건 제외: 특수물건 value=15
    🚫 [16/20] 특수물건 제외: 특수물건 value=16
    🚫 [17/20] 특수물건 제외: 특수물건 value=17
    🚫 [18/20] 특수물건 제외: 특수물건 value=18
    🚫 [19/20] 특수물건 제외: 특수물건 value=19
    🚫 [20/20] 특수물건 제외: 특수물건 value=20
    [25p] 결과: 0건 추출 (특수물건제외:18 면적:0 가격:0 중복:0 기간:2)

📋 [26페이지] 이동 중...
   페이지이동: not_found
   페이지이동: 다음클릭
    [파서] product_id 행: 20개
    [파서] 후보 컨테이너: 20개
    [26p] 후보 20건 발견 → 필터링 시작
    ⏭  [24타경87492] 입찰일 2026-04-01 지남, 스킵
    ⏭  [25타경62796] 입찰일 2026-04-01 지남, 스킵
    🚫 [3/20] 특수물건 제외: 특수물건 value=3
    🚫 [4/20] 특수물건 제외: 특수물건 value=4
    🚫 [5/20] 특수물건 제외: 특수물건 value=5
    🚫 [6/20] 특수물건 제외: 특수물건 키워드='대지권미등기'
    🚫 [7/20] 특수물건 제외: 특수물건 키워드='대지권미등기'
    🚫 [8/20] 특수물건 제외: 특수물건 키워드='대지권미등기'
    🚫 [9/20] 특수물건 제외: 특수물건 키워드='대지권미등기'
    🚫 [10/20] 특수물건 제외: 특수물건 키워드='대지권미등기'
    🚫 [11/20] 특수물건 제외: 특수물건 키워드='대지권미등기'
    🚫 [12/20] 특수물건 제외: 특수물건 value=12
    🚫 [13/20] 특수물건 제외: 특수물건 value=13
    🚫 [14/20] 특수물건 제외: 특수물건 value=14
    🚫 [15/20] 특수물건 제외: 특수물건 value=15
    🚫 [16/20] 특수물건 제외: 특수물건 value=16
    🚫 [17/20] 특수물건 제외: 특수물건 value=17
    🚫 [18/20] 특수물건 제외: 특수물건 value=18
    🚫 [19/20] 특수물건 제외: 특수물건 value=19
    🚫 [20/20] 특수물건 제외: 특수물건 value=20
    [26p] 결과: 0건 추출 (특수물건제외:18 면적:0 가격:0 중복:0 기간:2)

📋 [27페이지] 이동 중...
   페이지이동: not_found
   페이지이동: 다음클릭
    [파서] product_id 행: 20개
    [파서] 후보 컨테이너: 20개
    [27p] 후보 20건 발견 → 필터링 시작
    ⏭  [24타경87492] 입찰일 2026-04-01 지남, 스킵
    ⏭  [25타경62796] 입찰일 2026-04-01 지남, 스킵
    🚫 [3/20] 특수물건 제외: 특수물건 value=3
    🚫 [4/20] 특수물건 제외: 특수물건 value=4
    🚫 [5/20] 특수물건 제외: 특수물건 value=5
    🚫 [6/20] 특수물건 제외: 특수물건 키워드='대지권미등기'
    🚫 [7/20] 특수물건 제외: 특수물건 키워드='대지권미등기'
    🚫 [8/20] 특수물건 제외: 특수물건 키워드='대지권미등기'
    🚫 [9/20] 특수물건 제외: 특수물건 키워드='대지권미등기'
    🚫 [10/20] 특수물건 제외: 특수물건 키워드='대지권미등기'
    🚫 [11/20] 특수물건 제외: 특수물건 키워드='대지권미등기'
    🚫 [12/20] 특수물건 제외: 특수물건 value=12
    🚫 [13/20] 특수물건 제외: 특수물건 value=13
    🚫 [14/20] 특수물건 제외: 특수물건 value=14
    🚫 [15/20] 특수물건 제외: 특수물건 value=15
    🚫 [16/20] 특수물건 제외: 특수물건 value=16
    🚫 [17/20] 특수물건 제외: 특수물건 value=17
    🚫 [18/20] 특수물건 제외: 특수물건 value=18
    🚫 [19/20] 특수물건 제외: 특수물건 value=19
    🚫 [20/20] 특수물건 제외: 특수물건 value=20
    [27p] 결과: 0건 추출 (특수물건제외:18 면적:0 가격:0 중복:0 기간:2)

📋 [28페이지] 이동 중...
   페이지이동: not_found
   페이지이동: 다음클릭
    [파서] product_id 행: 20개
    [파서] 후보 컨테이너: 20개
    [28p] 후보 20건 발견 → 필터링 시작
    ⏭  [24타경87492] 입찰일 2026-04-01 지남, 스킵
    ⏭  [25타경62796] 입찰일 2026-04-01 지남, 스킵
    🚫 [3/20] 특수물건 제외: 특수물건 value=3
    🚫 [4/20] 특수물건 제외: 특수물건 value=4
    🚫 [5/20] 특수물건 제외: 특수물건 value=5
    🚫 [6/20] 특수물건 제외: 특수물건 키워드='대지권미등기'
    🚫 [7/20] 특수물건 제외: 특수물건 키워드='대지권미등기'
    🚫 [8/20] 특수물건 제외: 특수물건 키워드='대지권미등기'
    🚫 [9/20] 특수물건 제외: 특수물건 키워드='대지권미등기'
    🚫 [10/20] 특수물건 제외: 특수물건 키워드='대지권미등기'
    🚫 [11/20] 특수물건 제외: 특수물건 키워드='대지권미등기'
    🚫 [12/20] 특수물건 제외: 특수물건 value=12
    🚫 [13/20] 특수물건 제외: 특수물건 value=13
    🚫 [14/20] 특수물건 제외: 특수물건 value=14
    🚫 [15/20] 특수물건 제외: 특수물건 value=15
    🚫 [16/20] 특수물건 제외: 특수물건 value=16
    🚫 [17/20] 특수물건 제외: 특수물건 value=17
    🚫 [18/20] 특수물건 제외: 특수물건 value=18
    🚫 [19/20] 특수물건 제외: 특수물건 value=19
    🚫 [20/20] 특수물건 제외: 특수물건 value=20
    [28p] 결과: 0건 추출 (특수물건제외:18 면적:0 가격:0 중복:0 기간:2)

📋 [29페이지] 이동 중...
   페이지이동: not_found
   페이지이동: 다음클릭
    [파서] product_id 행: 20개
    [파서] 후보 컨테이너: 20개
    [29p] 후보 20건 발견 → 필터링 시작
    ⏭  [24타경87492] 입찰일 2026-04-01 지남, 스킵
    ⏭  [25타경62796] 입찰일 2026-04-01 지남, 스킵
    🚫 [3/20] 특수물건 제외: 특수물건 value=3
    🚫 [4/20] 특수물건 제외: 특수물건 value=4
    🚫 [5/20] 특수물건 제외: 특수물건 value=5
    🚫 [6/20] 특수물건 제외: 특수물건 키워드='대지권미등기'
    🚫 [7/20] 특수물건 제외: 특수물건 키워드='대지권미등기'
    🚫 [8/20] 특수물건 제외: 특수물건 키워드='대지권미등기'
    🚫 [9/20] 특수물건 제외: 특수물건 키워드='대지권미등기'
    🚫 [10/20] 특수물건 제외: 특수물건 키워드='대지권미등기'
    🚫 [11/20] 특수물건 제외: 특수물건 키워드='대지권미등기'
    🚫 [12/20] 특수물건 제외: 특수물건 value=12
    🚫 [13/20] 특수물건 제외: 특수물건 value=13
    🚫 [14/20] 특수물건 제외: 특수물건 value=14
    🚫 [15/20] 특수물건 제외: 특수물건 value=15
    🚫 [16/20] 특수물건 제외: 특수물건 value=16
    🚫 [17/20] 특수물건 제외: 특수물건 value=17
    🚫 [18/20] 특수물건 제외: 특수물건 value=18
    🚫 [19/20] 특수물건 제외: 특수물건 value=19
    🚫 [20/20] 특수물건 제외: 특수물건 value=20
    [29p] 결과: 0건 추출 (특수물건제외:18 면적:0 가격:0 중복:0 기간:2)

📋 [30페이지] 이동 중...
   페이지이동: not_found
   페이지이동: 다음클릭
    [파서] product_id 행: 20개
    [파서] 후보 컨테이너: 20개
    [30p] 후보 20건 발견 → 필터링 시작
    ⏭  [24타경87492] 입찰일 2026-04-01 지남, 스킵
    ⏭  [25타경62796] 입찰일 2026-04-01 지남, 스킵
    🚫 [3/20] 특수물건 제외: 특수물건 value=3
    🚫 [4/20] 특수물건 제외: 특수물건 value=4
    🚫 [5/20] 특수물건 제외: 특수물건 value=5
    🚫 [6/20] 특수물건 제외: 특수물건 키워드='대지권미등기'
    🚫 [7/20] 특수물건 제외: 특수물건 키워드='대지권미등기'
    🚫 [8/20] 특수물건 제외: 특수물건 키워드='대지권미등기'
    🚫 [9/20] 특수물건 제외: 특수물건 키워드='대지권미등기'
    🚫 [10/20] 특수물건 제외: 특수물건 키워드='대지권미등기'
    🚫 [11/20] 특수물건 제외: 특수물건 키워드='대지권미등기'
    🚫 [12/20] 특수물건 제외: 특수물건 value=12
    🚫 [13/20] 특수물건 제외: 특수물건 value=13
    🚫 [14/20] 특수물건 제외: 특수물건 value=14
    🚫 [15/20] 특수물건 제외: 특수물건 value=15
    🚫 [16/20] 특수물건 제외: 특수물건 value=16
    🚫 [17/20] 특수물건 제외: 특수물건 value=17
    🚫 [18/20] 특수물건 제외: 특수물건 value=18
    🚫 [19/20] 특수물건 제외: 특수물건 value=19
    🚫 [20/20] 특수물건 제외: 특수물건 value=20
    [30p] 결과: 0건 추출 (특수물건제외:18 면적:0 가격:0 중복:0 기간:2)

📋 [31페이지] 이동 중...
   페이지이동: not_found
   페이지이동: 다음클릭
    [파서] product_id 행: 20개
    [파서] 후보 컨테이너: 20개
    [31p] 후보 20건 발견 → 필터링 시작
    ⏭  [24타경87492] 입찰일 2026-04-01 지남, 스킵
    ⏭  [25타경62796] 입찰일 2026-04-01 지남, 스킵
    🚫 [3/20] 특수물건 제외: 특수물건 value=3
    🚫 [4/20] 특수물건 제외: 특수물건 value=4
    🚫 [5/20] 특수물건 제외: 특수물건 value=5
    🚫 [6/20] 특수물건 제외: 특수물건 키워드='대지권미등기'
    🚫 [7/20] 특수물건 제외: 특수물건 키워드='대지권미등기'
    🚫 [8/20] 특수물건 제외: 특수물건 키워드='대지권미등기'
    🚫 [9/20] 특수물건 제외: 특수물건 키워드='대지권미등기'
    🚫 [10/20] 특수물건 제외: 특수물건 키워드='대지권미등기'
    🚫 [11/20] 특수물건 제외: 특수물건 키워드='대지권미등기'
    🚫 [12/20] 특수물건 제외: 특수물건 value=12
    🚫 [13/20] 특수물건 제외: 특수물건 value=13
    🚫 [14/20] 특수물건 제외: 특수물건 value=14
    🚫 [15/20] 특수물건 제외: 특수물건 value=15
    🚫 [16/20] 특수물건 제외: 특수물건 value=16
    🚫 [17/20] 특수물건 제외: 특수물건 value=17
    🚫 [18/20] 특수물건 제외: 특수물건 value=18
    🚫 [19/20] 특수물건 제외: 특수물건 value=19
    🚫 [20/20] 특수물건 제외: 특수물건 value=20
    [31p] 결과: 0건 추출 (특수물건제외:18 면적:0 가격:0 중복:0 기간:2)

📋 [32페이지] 이동 중...
   페이지이동: not_found
   페이지이동: 다음클릭
    [파서] product_id 행: 20개
    [파서] 후보 컨테이너: 20개
    [32p] 후보 20건 발견 → 필터링 시작
    ⏭  [24타경87492] 입찰일 2026-04-01 지남, 스킵
    ⏭  [25타경62796] 입찰일 2026-04-01 지남, 스킵
    🚫 [3/20] 특수물건 제외: 특수물건 value=3
    🚫 [4/20] 특수물건 제외: 특수물건 value=4
    🚫 [5/20] 특수물건 제외: 특수물건 value=5
    🚫 [6/20] 특수물건 제외: 특수물건 키워드='대지권미등기'
    🚫 [7/20] 특수물건 제외: 특수물건 키워드='대지권미등기'
    🚫 [8/20] 특수물건 제외: 특수물건 키워드='대지권미등기'
    🚫 [9/20] 특수물건 제외: 특수물건 키워드='대지권미등기'
    🚫 [10/20] 특수물건 제외: 특수물건 키워드='대지권미등기'
    🚫 [11/20] 특수물건 제외: 특수물건 키워드='대지권미등기'
    🚫 [12/20] 특수물건 제외: 특수물건 value=12
    🚫 [13/20] 특수물건 제외: 특수물건 value=13
    🚫 [14/20] 특수물건 제외: 특수물건 value=14
    🚫 [15/20] 특수물건 제외: 특수물건 value=15
    🚫 [16/20] 특수물건 제외: 특수물건 value=16
    🚫 [17/20] 특수물건 제외: 특수물건 value=17
    🚫 [18/20] 특수물건 제외: 특수물건 value=18
    🚫 [19/20] 특수물건 제외: 특수물건 value=19
    🚫 [20/20] 특수물건 제외: 특수물건 value=20
    [32p] 결과: 0건 추출 (특수물건제외:18 면적:0 가격:0 중복:0 기간:2)

📋 [33페이지] 이동 중...
   페이지이동: not_found
   페이지이동: 다음클릭
    [파서] product_id 행: 20개
    [파서] 후보 컨테이너: 20개
    [33p] 후보 20건 발견 → 필터링 시작
    ⏭  [24타경87492] 입찰일 2026-04-01 지남, 스킵
    ⏭  [25타경62796] 입찰일 2026-04-01 지남, 스킵
    🚫 [3/20] 특수물건 제외: 특수물건 value=3
    🚫 [4/20] 특수물건 제외: 특수물건 value=4
    🚫 [5/20] 특수물건 제외: 특수물건 value=5
    🚫 [6/20] 특수물건 제외: 특수물건 키워드='대지권미등기'
    🚫 [7/20] 특수물건 제외: 특수물건 키워드='대지권미등기'
    🚫 [8/20] 특수물건 제외: 특수물건 키워드='대지권미등기'
    🚫 [9/20] 특수물건 제외: 특수물건 키워드='대지권미등기'
    🚫 [10/20] 특수물건 제외: 특수물건 키워드='대지권미등기'
    🚫 [11/20] 특수물건 제외: 특수물건 키워드='대지권미등기'
    🚫 [12/20] 특수물건 제외: 특수물건 value=12
    🚫 [13/20] 특수물건 제외: 특수물건 value=13
    🚫 [14/20] 특수물건 제외: 특수물건 value=14
    🚫 [15/20] 특수물건 제외: 특수물건 value=15
    🚫 [16/20] 특수물건 제외: 특수물건 value=16
    🚫 [17/20] 특수물건 제외: 특수물건 value=17
    🚫 [18/20] 특수물건 제외: 특수물건 value=18
    🚫 [19/20] 특수물건 제외: 특수물건 value=19
    🚫 [20/20] 특수물건 제외: 특수물건 value=20
    [33p] 결과: 0건 추출 (특수물건제외:18 면적:0 가격:0 중복:0 기간:2)

📋 [34페이지] 이동 중...
   페이지이동: not_found
   페이지이동: 다음클릭
    [파서] product_id 행: 20개
    [파서] 후보 컨테이너: 20개
    [34p] 후보 20건 발견 → 필터링 시작
    ⏭  [24타경87492] 입찰일 2026-04-01 지남, 스킵
    ⏭  [25타경62796] 입찰일 2026-04-01 지남, 스킵
    🚫 [3/20] 특수물건 제외: 특수물건 value=3
    🚫 [4/20] 특수물건 제외: 특수물건 value=4
    🚫 [5/20] 특수물건 제외: 특수물건 value=5
    🚫 [6/20] 특수물건 제외: 특수물건 키워드='대지권미등기'
    🚫 [7/20] 특수물건 제외: 특수물건 키워드='대지권미등기'
    🚫 [8/20] 특수물건 제외: 특수물건 키워드='대지권미등기'
    🚫 [9/20] 특수물건 제외: 특수물건 키워드='대지권미등기'
    🚫 [10/20] 특수물건 제외: 특수물건 키워드='대지권미등기'
    🚫 [11/20] 특수물건 제외: 특수물건 키워드='대지권미등기'
    🚫 [12/20] 특수물건 제외: 특수물건 value=12
    🚫 [13/20] 특수물건 제외: 특수물건 value=13
    🚫 [14/20] 특수물건 제외: 특수물건 value=14
    🚫 [15/20] 특수물건 제외: 특수물건 value=15
    🚫 [16/20] 특수물건 제외: 특수물건 value=16
    🚫 [17/20] 특수물건 제외: 특수물건 value=17
    🚫 [18/20] 특수물건 제외: 특수물건 value=18
    🚫 [19/20] 특수물건 제외: 특수물건 value=19
    🚫 [20/20] 특수물건 제외: 특수물건 value=20
    [34p] 결과: 0건 추출 (특수물건제외:18 면적:0 가격:0 중복:0 기간:2)

📋 [35페이지] 이동 중...
   페이지이동: not_found
   페이지이동: 다음클릭
    [파서] product_id 행: 20개
    [파서] 후보 컨테이너: 20개
    [35p] 후보 20건 발견 → 필터링 시작
    ⏭  [24타경87492] 입찰일 2026-04-01 지남, 스킵
    ⏭  [25타경62796] 입찰일 2026-04-01 지남, 스킵
    🚫 [3/20] 특수물건 제외: 특수물건 value=3
    🚫 [4/20] 특수물건 제외: 특수물건 value=4
    🚫 [5/20] 특수물건 제외: 특수물건 value=5
    🚫 [6/20] 특수물건 제외: 특수물건 키워드='대지권미등기'
    🚫 [7/20] 특수물건 제외: 특수물건 키워드='대지권미등기'
    🚫 [8/20] 특수물건 제외: 특수물건 키워드='대지권미등기'
    🚫 [9/20] 특수물건 제외: 특수물건 키워드='대지권미등기'
    🚫 [10/20] 특수물건 제외: 특수물건 키워드='대지권미등기'
    🚫 [11/20] 특수물건 제외: 특수물건 키워드='대지권미등기'
    🚫 [12/20] 특수물건 제외: 특수물건 value=12
    🚫 [13/20] 특수물건 제외: 특수물건 value=13
    🚫 [14/20] 특수물건 제외: 특수물건 value=14
    🚫 [15/20] 특수물건 제외: 특수물건 value=15
    🚫 [16/20] 특수물건 제외: 특수물건 value=16
    🚫 [17/20] 특수물건 제외: 특수물건 value=17
    🚫 [18/20] 특수물건 제외: 특수물건 value=18
    🚫 [19/20] 특수물건 제외: 특수물건 value=19
    🚫 [20/20] 특수물건 제외: 특수물건 value=20
    [35p] 결과: 0건 추출 (특수물건제외:18 면적:0 가격:0 중복:0 기간:2)

📋 [36페이지] 이동 중...
   페이지이동: not_found
   페이지이동: 다음클릭
    [파서] product_id 행: 20개
    [파서] 후보 컨테이너: 20개
    [36p] 후보 20건 발견 → 필터링 시작
    ⏭  [24타경87492] 입찰일 2026-04-01 지남, 스킵
    ⏭  [25타경62796] 입찰일 2026-04-01 지남, 스킵
    🚫 [3/20] 특수물건 제외: 특수물건 value=3
    🚫 [4/20] 특수물건 제외: 특수물건 value=4
    🚫 [5/20] 특수물건 제외: 특수물건 value=5
    🚫 [6/20] 특수물건 제외: 특수물건 키워드='대지권미등기'
    🚫 [7/20] 특수물건 제외: 특수물건 키워드='대지권미등기'
    🚫 [8/20] 특수물건 제외: 특수물건 키워드='대지권미등기'
    🚫 [9/20] 특수물건 제외: 특수물건 키워드='대지권미등기'
    🚫 [10/20] 특수물건 제외: 특수물건 키워드='대지권미등기'
    🚫 [11/20] 특수물건 제외: 특수물건 키워드='대지권미등기'
    🚫 [12/20] 특수물건 제외: 특수물건 value=12
    🚫 [13/20] 특수물건 제외: 특수물건 value=13
    🚫 [14/20] 특수물건 제외: 특수물건 value=14
    🚫 [15/20] 특수물건 제외: 특수물건 value=15
    🚫 [16/20] 특수물건 제외: 특수물건 value=16
    🚫 [17/20] 특수물건 제외: 특수물건 value=17
    🚫 [18/20] 특수물건 제외: 특수물건 value=18
    🚫 [19/20] 특수물건 제외: 특수물건 value=19
    🚫 [20/20] 특수물건 제외: 특수물건 value=20
    [36p] 결과: 0건 추출 (특수물건제외:18 면적:0 가격:0 중복:0 기간:2)

📋 [37페이지] 이동 중...
   페이지이동: not_found
   페이지이동: 다음클릭
    [파서] product_id 행: 20개
    [파서] 후보 컨테이너: 20개
    [37p] 후보 20건 발견 → 필터링 시작
    ⏭  [24타경87492] 입찰일 2026-04-01 지남, 스킵
    ⏭  [25타경62796] 입찰일 2026-04-01 지남, 스킵
    🚫 [3/20] 특수물건 제외: 특수물건 value=3
    🚫 [4/20] 특수물건 제외: 특수물건 value=4
    🚫 [5/20] 특수물건 제외: 특수물건 value=5
    🚫 [6/20] 특수물건 제외: 특수물건 키워드='대지권미등기'
    🚫 [7/20] 특수물건 제외: 특수물건 키워드='대지권미등기'
    🚫 [8/20] 특수물건 제외: 특수물건 키워드='대지권미등기'
    🚫 [9/20] 특수물건 제외: 특수물건 키워드='대지권미등기'
    🚫 [10/20] 특수물건 제외: 특수물건 키워드='대지권미등기'
    🚫 [11/20] 특수물건 제외: 특수물건 키워드='대지권미등기'
    🚫 [12/20] 특수물건 제외: 특수물건 value=12
    🚫 [13/20] 특수물건 제외: 특수물건 value=13
    🚫 [14/20] 특수물건 제외: 특수물건 value=14
    🚫 [15/20] 특수물건 제외: 특수물건 value=15
    🚫 [16/20] 특수물건 제외: 특수물건 value=16
    🚫 [17/20] 특수물건 제외: 특수물건 value=17
    🚫 [18/20] 특수물건 제외: 특수물건 value=18
    🚫 [19/20] 특수물건 제외: 특수물건 value=19
    🚫 [20/20] 특수물건 제외: 특수물건 value=20
    [37p] 결과: 0건 추출 (특수물건제외:18 면적:0 가격:0 중복:0 기간:2)

📋 [38페이지] 이동 중...
   페이지이동: not_found
   페이지이동: 다음클릭
    [파서] product_id 행: 20개
    [파서] 후보 컨테이너: 20개
    [38p] 후보 20건 발견 → 필터링 시작
    ⏭  [24타경87492] 입찰일 2026-04-01 지남, 스킵
    ⏭  [25타경62796] 입찰일 2026-04-01 지남, 스킵
    🚫 [3/20] 특수물건 제외: 특수물건 value=3
    🚫 [4/20] 특수물건 제외: 특수물건 value=4
    🚫 [5/20] 특수물건 제외: 특수물건 value=5
    🚫 [6/20] 특수물건 제외: 특수물건 키워드='대지권미등기'
    🚫 [7/20] 특수물건 제외: 특수물건 키워드='대지권미등기'
    🚫 [8/20] 특수물건 제외: 특수물건 키워드='대지권미등기'
    🚫 [9/20] 특수물건 제외: 특수물건 키워드='대지권미등기'
    🚫 [10/20] 특수물건 제외: 특수물건 키워드='대지권미등기'
    🚫 [11/20] 특수물건 제외: 특수물건 키워드='대지권미등기'
    🚫 [12/20] 특수물건 제외: 특수물건 value=12
    🚫 [13/20] 특수물건 제외: 특수물건 value=13
    🚫 [14/20] 특수물건 제외: 특수물건 value=14
    🚫 [15/20] 특수물건 제외: 특수물건 value=15
    🚫 [16/20] 특수물건 제외: 특수물건 value=16
    🚫 [17/20] 특수물건 제외: 특수물건 value=17
    🚫 [18/20] 특수물건 제외: 특수물건 value=18
    🚫 [19/20] 특수물건 제외: 특수물건 value=19
    🚫 [20/20] 특수물건 제외: 특수물건 value=20
    [38p] 결과: 0건 추출 (특수물건제외:18 면적:0 가격:0 중복:0 기간:2)

📋 [39페이지] 이동 중...
   페이지이동: not_found
   페이지이동: 다음클릭
    [파서] product_id 행: 20개
    [파서] 후보 컨테이너: 20개
    [39p] 후보 20건 발견 → 필터링 시작
    ⏭  [24타경87492] 입찰일 2026-04-01 지남, 스킵
    ⏭  [25타경62796] 입찰일 2026-04-01 지남, 스킵
    🚫 [3/20] 특수물건 제외: 특수물건 value=3
    🚫 [4/20] 특수물건 제외: 특수물건 value=4
    🚫 [5/20] 특수물건 제외: 특수물건 value=5
    🚫 [6/20] 특수물건 제외: 특수물건 키워드='대지권미등기'
    🚫 [7/20] 특수물건 제외: 특수물건 키워드='대지권미등기'
    🚫 [8/20] 특수물건 제외: 특수물건 키워드='대지권미등기'
    🚫 [9/20] 특수물건 제외: 특수물건 키워드='대지권미등기'
    🚫 [10/20] 특수물건 제외: 특수물건 키워드='대지권미등기'
    🚫 [11/20] 특수물건 제외: 특수물건 키워드='대지권미등기'
    🚫 [12/20] 특수물건 제외: 특수물건 value=12
    🚫 [13/20] 특수물건 제외: 특수물건 value=13
    🚫 [14/20] 특수물건 제외: 특수물건 value=14
    🚫 [15/20] 특수물건 제외: 특수물건 value=15
    🚫 [16/20] 특수물건 제외: 특수물건 value=16
    🚫 [17/20] 특수물건 제외: 특수물건 value=17
    🚫 [18/20] 특수물건 제외: 특수물건 value=18
    🚫 [19/20] 특수물건 제외: 특수물건 value=19
    🚫 [20/20] 특수물건 제외: 특수물건 value=20
    [39p] 결과: 0건 추출 (특수물건제외:18 면적:0 가격:0 중복:0 기간:2)

📋 [40페이지] 이동 중...
   페이지이동: not_found
   페이지이동: 다음클릭
    [파서] product_id 행: 20개
    [파서] 후보 컨테이너: 20개
    [40p] 후보 20건 발견 → 필터링 시작
    ⏭  [24타경87492] 입찰일 2026-04-01 지남, 스킵
    ⏭  [25타경62796] 입찰일 2026-04-01 지남, 스킵
    🚫 [3/20] 특수물건 제외: 특수물건 value=3
    🚫 [4/20] 특수물건 제외: 특수물건 value=4
    🚫 [5/20] 특수물건 제외: 특수물건 value=5
    🚫 [6/20] 특수물건 제외: 특수물건 키워드='대지권미등기'
    🚫 [7/20] 특수물건 제외: 특수물건 키워드='대지권미등기'
    🚫 [8/20] 특수물건 제외: 특수물건 키워드='대지권미등기'
    🚫 [9/20] 특수물건 제외: 특수물건 키워드='대지권미등기'
    🚫 [10/20] 특수물건 제외: 특수물건 키워드='대지권미등기'
    🚫 [11/20] 특수물건 제외: 특수물건 키워드='대지권미등기'
    🚫 [12/20] 특수물건 제외: 특수물건 value=12
    🚫 [13/20] 특수물건 제외: 특수물건 value=13
    🚫 [14/20] 특수물건 제외: 특수물건 value=14
    🚫 [15/20] 특수물건 제외: 특수물건 value=15
    🚫 [16/20] 특수물건 제외: 특수물건 value=16
    🚫 [17/20] 특수물건 제외: 특수물건 value=17
    🚫 [18/20] 특수물건 제외: 특수물건 value=18
    🚫 [19/20] 특수물건 제외: 특수물건 value=19
    🚫 [20/20] 특수물건 제외: 특수물건 value=20
    [40p] 결과: 0건 추출 (특수물건제외:18 면적:0 가격:0 중복:0 기간:2)

📋 [41페이지] 이동 중...
   페이지이동: not_found
   페이지이동: 다음클릭
    [파서] product_id 행: 20개
    [파서] 후보 컨테이너: 20개
    [41p] 후보 20건 발견 → 필터링 시작
    ⏭  [24타경87492] 입찰일 2026-04-01 지남, 스킵
    ⏭  [25타경62796] 입찰일 2026-04-01 지남, 스킵
    🚫 [3/20] 특수물건 제외: 특수물건 value=3
    🚫 [4/20] 특수물건 제외: 특수물건 value=4
    🚫 [5/20] 특수물건 제외: 특수물건 value=5
    🚫 [6/20] 특수물건 제외: 특수물건 키워드='대지권미등기'
    🚫 [7/20] 특수물건 제외: 특수물건 키워드='대지권미등기'
    🚫 [8/20] 특수물건 제외: 특수물건 키워드='대지권미등기'
    🚫 [9/20] 특수물건 제외: 특수물건 키워드='대지권미등기'
    🚫 [10/20] 특수물건 제외: 특수물건 키워드='대지권미등기'
    🚫 [11/20] 특수물건 제외: 특수물건 키워드='대지권미등기'
    🚫 [12/20] 특수물건 제외: 특수물건 value=12
    🚫 [13/20] 특수물건 제외: 특수물건 value=13
    🚫 [14/20] 특수물건 제외: 특수물건 value=14
    🚫 [15/20] 특수물건 제외: 특수물건 value=15
    🚫 [16/20] 특수물건 제외: 특수물건 value=16
    🚫 [17/20] 특수물건 제외: 특수물건 value=17
    🚫 [18/20] 특수물건 제외: 특수물건 value=18
    🚫 [19/20] 특수물건 제외: 특수물건 value=19
    🚫 [20/20] 특수물건 제외: 특수물건 value=20
    [41p] 결과: 0건 추출 (특수물건제외:18 면적:0 가격:0 중복:0 기간:2)

📋 [42페이지] 이동 중...
   페이지이동: not_found
   페이지이동: 다음클릭
    [파서] product_id 행: 20개
    [파서] 후보 컨테이너: 20개
    [42p] 후보 20건 발견 → 필터링 시작
    ⏭  [24타경87492] 입찰일 2026-04-01 지남, 스킵
    ⏭  [25타경62796] 입찰일 2026-04-01 지남, 스킵
    🚫 [3/20] 특수물건 제외: 특수물건 value=3
    🚫 [4/20] 특수물건 제외: 특수물건 value=4
    🚫 [5/20] 특수물건 제외: 특수물건 value=5
    🚫 [6/20] 특수물건 제외: 특수물건 키워드='대지권미등기'
    🚫 [7/20] 특수물건 제외: 특수물건 키워드='대지권미등기'
    🚫 [8/20] 특수물건 제외: 특수물건 키워드='대지권미등기'
    🚫 [9/20] 특수물건 제외: 특수물건 키워드='대지권미등기'
    🚫 [10/20] 특수물건 제외: 특수물건 키워드='대지권미등기'
    🚫 [11/20] 특수물건 제외: 특수물건 키워드='대지권미등기'
    🚫 [12/20] 특수물건 제외: 특수물건 value=12
    🚫 [13/20] 특수물건 제외: 특수물건 value=13
    🚫 [14/20] 특수물건 제외: 특수물건 value=14
    🚫 [15/20] 특수물건 제외: 특수물건 value=15
    🚫 [16/20] 특수물건 제외: 특수물건 value=16
    🚫 [17/20] 특수물건 제외: 특수물건 value=17
    🚫 [18/20] 특수물건 제외: 특수물건 value=18
    🚫 [19/20] 특수물건 제외: 특수물건 value=19
    🚫 [20/20] 특수물건 제외: 특수물건 value=20
    [42p] 결과: 0건 추출 (특수물건제외:18 면적:0 가격:0 중복:0 기간:2)

📋 [43페이지] 이동 중...
   페이지이동: not_found
   페이지이동: 다음클릭
    [파서] product_id 행: 20개
    [파서] 후보 컨테이너: 20개
    [43p] 후보 20건 발견 → 필터링 시작
    ⏭  [24타경87492] 입찰일 2026-04-01 지남, 스킵
    ⏭  [25타경62796] 입찰일 2026-04-01 지남, 스킵
    🚫 [3/20] 특수물건 제외: 특수물건 value=3
    🚫 [4/20] 특수물건 제외: 특수물건 value=4
    🚫 [5/20] 특수물건 제외: 특수물건 value=5
    🚫 [6/20] 특수물건 제외: 특수물건 키워드='대지권미등기'
    🚫 [7/20] 특수물건 제외: 특수물건 키워드='대지권미등기'
    🚫 [8/20] 특수물건 제외: 특수물건 키워드='대지권미등기'
    🚫 [9/20] 특수물건 제외: 특수물건 키워드='대지권미등기'
    🚫 [10/20] 특수물건 제외: 특수물건 키워드='대지권미등기'
    🚫 [11/20] 특수물건 제외: 특수물건 키워드='대지권미등기'
    🚫 [12/20] 특수물건 제외: 특수물건 value=12
    🚫 [13/20] 특수물건 제외: 특수물건 value=13
    🚫 [14/20] 특수물건 제외: 특수물건 value=14
    🚫 [15/20] 특수물건 제외: 특수물건 value=15
    🚫 [16/20] 특수물건 제외: 특수물건 value=16
    🚫 [17/20] 특수물건 제외: 특수물건 value=17
    🚫 [18/20] 특수물건 제외: 특수물건 value=18
    🚫 [19/20] 특수물건 제외: 특수물건 value=19
    🚫 [20/20] 특수물건 제외: 특수물건 value=20
    [43p] 결과: 0건 추출 (특수물건제외:18 면적:0 가격:0 중복:0 기간:2)

📋 [44페이지] 이동 중...
   페이지이동: not_found
   페이지이동: 다음클릭
    [파서] product_id 행: 20개
    [파서] 후보 컨테이너: 20개
    [44p] 후보 20건 발견 → 필터링 시작
    ⏭  [24타경87492] 입찰일 2026-04-01 지남, 스킵
    ⏭  [25타경62796] 입찰일 2026-04-01 지남, 스킵
    🚫 [3/20] 특수물건 제외: 특수물건 value=3
    🚫 [4/20] 특수물건 제외: 특수물건 value=4
    🚫 [5/20] 특수물건 제외: 특수물건 value=5
    🚫 [6/20] 특수물건 제외: 특수물건 키워드='대지권미등기'
    🚫 [7/20] 특수물건 제외: 특수물건 키워드='대지권미등기'
    🚫 [8/20] 특수물건 제외: 특수물건 키워드='대지권미등기'
    🚫 [9/20] 특수물건 제외: 특수물건 키워드='대지권미등기'
    🚫 [10/20] 특수물건 제외: 특수물건 키워드='대지권미등기'
    🚫 [11/20] 특수물건 제외: 특수물건 키워드='대지권미등기'
    🚫 [12/20] 특수물건 제외: 특수물건 value=12
    🚫 [13/20] 특수물건 제외: 특수물건 value=13
    🚫 [14/20] 특수물건 제외: 특수물건 value=14
    🚫 [15/20] 특수물건 제외: 특수물건 value=15
    🚫 [16/20] 특수물건 제외: 특수물건 value=16
    🚫 [17/20] 특수물건 제외: 특수물건 value=17
    🚫 [18/20] 특수물건 제외: 특수물건 value=18
    🚫 [19/20] 특수물건 제외: 특수물건 value=19
    🚫 [20/20] 특수물건 제외: 특수물건 value=20
    [44p] 결과: 0건 추출 (특수물건제외:18 면적:0 가격:0 중복:0 기간:2)

📋 [45페이지] 이동 중...
   페이지이동: not_found
   페이지이동: 다음클릭
    [파서] product_id 행: 20개
    [파서] 후보 컨테이너: 20개
    [45p] 후보 20건 발견 → 필터링 시작
    ⏭  [24타경87492] 입찰일 2026-04-01 지남, 스킵
    ⏭  [25타경62796] 입찰일 2026-04-01 지남, 스킵
    🚫 [3/20] 특수물건 제외: 특수물건 value=3
    🚫 [4/20] 특수물건 제외: 특수물건 value=4
    🚫 [5/20] 특수물건 제외: 특수물건 value=5
    🚫 [6/20] 특수물건 제외: 특수물건 키워드='대지권미등기'
    🚫 [7/20] 특수물건 제외: 특수물건 키워드='대지권미등기'
    🚫 [8/20] 특수물건 제외: 특수물건 키워드='대지권미등기'
    🚫 [9/20] 특수물건 제외: 특수물건 키워드='대지권미등기'
    🚫 [10/20] 특수물건 제외: 특수물건 키워드='대지권미등기'
    🚫 [11/20] 특수물건 제외: 특수물건 키워드='대지권미등기'
    🚫 [12/20] 특수물건 제외: 특수물건 value=12
    🚫 [13/20] 특수물건 제외: 특수물건 value=13
    🚫 [14/20] 특수물건 제외: 특수물건 value=14
    🚫 [15/20] 특수물건 제외: 특수물건 value=15
    🚫 [16/20] 특수물건 제외: 특수물건 value=16
    🚫 [17/20] 특수물건 제외: 특수물건 value=17
    🚫 [18/20] 특수물건 제외: 특수물건 value=18
    🚫 [19/20] 특수물건 제외: 특수물건 value=19
    🚫 [20/20] 특수물건 제외: 특수물건 value=20
    [45p] 결과: 0건 추출 (특수물건제외:18 면적:0 가격:0 중복:0 기간:2)

📋 [46페이지] 이동 중...
   페이지이동: not_found
   페이지이동: 다음클릭
    [파서] product_id 행: 20개
    [파서] 후보 컨테이너: 20개
    [46p] 후보 20건 발견 → 필터링 시작
    ⏭  [24타경87492] 입찰일 2026-04-01 지남, 스킵
    ⏭  [25타경62796] 입찰일 2026-04-01 지남, 스킵
    🚫 [3/20] 특수물건 제외: 특수물건 value=3
    🚫 [4/20] 특수물건 제외: 특수물건 value=4
    🚫 [5/20] 특수물건 제외: 특수물건 value=5
    🚫 [6/20] 특수물건 제외: 특수물건 키워드='대지권미등기'
    🚫 [7/20] 특수물건 제외: 특수물건 키워드='대지권미등기'
    🚫 [8/20] 특수물건 제외: 특수물건 키워드='대지권미등기'
    🚫 [9/20] 특수물건 제외: 특수물건 키워드='대지권미등기'
    🚫 [10/20] 특수물건 제외: 특수물건 키워드='대지권미등기'
    🚫 [11/20] 특수물건 제외: 특수물건 키워드='대지권미등기'
    🚫 [12/20] 특수물건 제외: 특수물건 value=12
    🚫 [13/20] 특수물건 제외: 특수물건 value=13
    🚫 [14/20] 특수물건 제외: 특수물건 value=14
    🚫 [15/20] 특수물건 제외: 특수물건 value=15
    🚫 [16/20] 특수물건 제외: 특수물건 value=16
    🚫 [17/20] 특수물건 제외: 특수물건 value=17
    🚫 [18/20] 특수물건 제외: 특수물건 value=18
    🚫 [19/20] 특수물건 제외: 특수물건 value=19
    🚫 [20/20] 특수물건 제외: 특수물건 value=20
    [46p] 결과: 0건 추출 (특수물건제외:18 면적:0 가격:0 중복:0 기간:2)

📋 [47페이지] 이동 중...
   페이지이동: not_found
   페이지이동: 다음클릭
    [파서] product_id 행: 20개
    [파서] 후보 컨테이너: 20개
    [47p] 후보 20건 발견 → 필터링 시작
    ⏭  [24타경87492] 입찰일 2026-04-01 지남, 스킵
    ⏭  [25타경62796] 입찰일 2026-04-01 지남, 스킵
    🚫 [3/20] 특수물건 제외: 특수물건 value=3
    🚫 [4/20] 특수물건 제외: 특수물건 value=4
    🚫 [5/20] 특수물건 제외: 특수물건 value=5
    🚫 [6/20] 특수물건 제외: 특수물건 키워드='대지권미등기'
    🚫 [7/20] 특수물건 제외: 특수물건 키워드='대지권미등기'
    🚫 [8/20] 특수물건 제외: 특수물건 키워드='대지권미등기'
    🚫 [9/20] 특수물건 제외: 특수물건 키워드='대지권미등기'
    🚫 [10/20] 특수물건 제외: 특수물건 키워드='대지권미등기'
    🚫 [11/20] 특수물건 제외: 특수물건 키워드='대지권미등기'
    🚫 [12/20] 특수물건 제외: 특수물건 value=12
    🚫 [13/20] 특수물건 제외: 특수물건 value=13
    🚫 [14/20] 특수물건 제외: 특수물건 value=14
    🚫 [15/20] 특수물건 제외: 특수물건 value=15
    🚫 [16/20] 특수물건 제외: 특수물건 value=16
    🚫 [17/20] 특수물건 제외: 특수물건 value=17
    🚫 [18/20] 특수물건 제외: 특수물건 value=18
    🚫 [19/20] 특수물건 제외: 특수물건 value=19
    🚫 [20/20] 특수물건 제외: 특수물건 value=20
    [47p] 결과: 0건 추출 (특수물건제외:18 면적:0 가격:0 중복:0 기간:2)

📋 [48페이지] 이동 중...
   페이지이동: not_found
   페이지이동: 다음클릭
    [파서] product_id 행: 20개
    [파서] 후보 컨테이너: 20개
    [48p] 후보 20건 발견 → 필터링 시작
    ⏭  [24타경87492] 입찰일 2026-04-01 지남, 스킵
    ⏭  [25타경62796] 입찰일 2026-04-01 지남, 스킵
    🚫 [3/20] 특수물건 제외: 특수물건 value=3
    🚫 [4/20] 특수물건 제외: 특수물건 value=4
    🚫 [5/20] 특수물건 제외: 특수물건 value=5
    🚫 [6/20] 특수물건 제외: 특수물건 키워드='대지권미등기'
    🚫 [7/20] 특수물건 제외: 특수물건 키워드='대지권미등기'
    🚫 [8/20] 특수물건 제외: 특수물건 키워드='대지권미등기'
    🚫 [9/20] 특수물건 제외: 특수물건 키워드='대지권미등기'
    🚫 [10/20] 특수물건 제외: 특수물건 키워드='대지권미등기'
    🚫 [11/20] 특수물건 제외: 특수물건 키워드='대지권미등기'
    🚫 [12/20] 특수물건 제외: 특수물건 value=12
    🚫 [13/20] 특수물건 제외: 특수물건 value=13
    🚫 [14/20] 특수물건 제외: 특수물건 value=14
    🚫 [15/20] 특수물건 제외: 특수물건 value=15
    🚫 [16/20] 특수물건 제외: 특수물건 value=16
    🚫 [17/20] 특수물건 제외: 특수물건 value=17
    🚫 [18/20] 특수물건 제외: 특수물건 value=18
    🚫 [19/20] 특수물건 제외: 특수물건 value=19
    🚫 [20/20] 특수물건 제외: 특수물건 value=20
    [48p] 결과: 0건 추출 (특수물건제외:18 면적:0 가격:0 중복:0 기간:2)

📋 [49페이지] 이동 중...
   페이지이동: not_found
   페이지이동: 다음클릭
    [파서] product_id 행: 20개
    [파서] 후보 컨테이너: 20개
    [49p] 후보 20건 발견 → 필터링 시작
    ⏭  [24타경87492] 입찰일 2026-04-01 지남, 스킵
    ⏭  [25타경62796] 입찰일 2026-04-01 지남, 스킵
    🚫 [3/20] 특수물건 제외: 특수물건 value=3
    🚫 [4/20] 특수물건 제외: 특수물건 value=4
    🚫 [5/20] 특수물건 제외: 특수물건 value=5
    🚫 [6/20] 특수물건 제외: 특수물건 키워드='대지권미등기'
    🚫 [7/20] 특수물건 제외: 특수물건 키워드='대지권미등기'
    🚫 [8/20] 특수물건 제외: 특수물건 키워드='대지권미등기'
    🚫 [9/20] 특수물건 제외: 특수물건 키워드='대지권미등기'
    🚫 [10/20] 특수물건 제외: 특수물건 키워드='대지권미등기'
    🚫 [11/20] 특수물건 제외: 특수물건 키워드='대지권미등기'
    🚫 [12/20] 특수물건 제외: 특수물건 value=12
    🚫 [13/20] 특수물건 제외: 특수물건 value=13
    🚫 [14/20] 특수물건 제외: 특수물건 value=14
    🚫 [15/20] 특수물건 제외: 특수물건 value=15
    🚫 [16/20] 특수물건 제외: 특수물건 value=16
    🚫 [17/20] 특수물건 제외: 특수물건 value=17
    🚫 [18/20] 특수물건 제외: 특수물건 value=18
    🚫 [19/20] 특수물건 제외: 특수물건 value=19
    🚫 [20/20] 특수물건 제외: 특수물건 value=20
    [49p] 결과: 0건 추출 (특수물건제외:18 면적:0 가격:0 중복:0 기간:2)

📋 [50페이지] 이동 중...
   페이지이동: not_found
   페이지이동: 다음클릭
    [파서] product_id 행: 20개
    [파서] 후보 컨테이너: 20개
    [50p] 후보 20건 발견 → 필터링 시작
    ⏭  [24타경87492] 입찰일 2026-04-01 지남, 스킵
    ⏭  [25타경62796] 입찰일 2026-04-01 지남, 스킵
    🚫 [3/20] 특수물건 제외: 특수물건 value=3
    🚫 [4/20] 특수물건 제외: 특수물건 value=4
    🚫 [5/20] 특수물건 제외: 특수물건 value=5
    🚫 [6/20] 특수물건 제외: 특수물건 키워드='대지권미등기'
    🚫 [7/20] 특수물건 제외: 특수물건 키워드='대지권미등기'
    🚫 [8/20] 특수물건 제외: 특수물건 키워드='대지권미등기'
    🚫 [9/20] 특수물건 제외: 특수물건 키워드='대지권미등기'
    🚫 [10/20] 특수물건 제외: 특수물건 키워드='대지권미등기'
    🚫 [11/20] 특수물건 제외: 특수물건 키워드='대지권미등기'
    🚫 [12/20] 특수물건 제외: 특수물건 value=12
    🚫 [13/20] 특수물건 제외: 특수물건 value=13
    🚫 [14/20] 특수물건 제외: 특수물건 value=14
    🚫 [15/20] 특수물건 제외: 특수물건 value=15
    🚫 [16/20] 특수물건 제외: 특수물건 value=16
    🚫 [17/20] 특수물건 제외: 특수물건 value=17
    🚫 [18/20] 특수물건 제외: 특수물건 value=18
    🚫 [19/20] 특수물건 제외: 특수물건 value=19
    🚫 [20/20] 특수물건 제외: 특수물건 value=20
    [50p] 결과: 0건 추출 (특수물건제외:18 면적:0 가격:0 중복:0 기간:2)
   ⚠️ 안전 제한 50페이지 도달

📦 신규 등록 대상: 0건

👋 크롤링 종료

➡️ 등록할 신규 물건이 없습니다.

🎉 완료!
