[LOG] 로그 파일: C:\LJW\MAPS_TEST\00.imageup\logs\20260401_160319_apt84.log
[INFO] 조사물건 크롤링 - 아파트, 84m2, 2~10억 (auction1.co.kr)...

🔑 계정: mjjang1

📡 MAPS 기존 데이터 조회 중...
   기존 등록: 22건

🔐 로그인 중...
   ✓ 로그인 완료

[INFO] 경매 검색 시작 (아파트, 84m2, 2~10억, special=설정안함)...
   v 종합검색 href: https://www.auction1.co.kr/auction/ca_title.php
   v fm_aulist 검색폼 확인
   검색 조건 세팅 중...
   [폼값확인] {'b_area1': '84', 'b_count1': '2', 'b_count2': '3', 'max_price': '100000', 'min_price': '20000', 's_class': '1', 'special': '0', 'state': '1,2,17,18'}
   ✓ 검색 조건 세팅 완료 (special=설정안함/전체)
   ✓ 목록 수: 기본개
   ✓ 정렬 설정: 없음
   v 검색 버튼 클릭 완료 [css:#fm_aulist > table > tbody > tr:nth-chil]

📋 [1페이지] 결과 파싱 중...
    [파서] product_id 행: 20개
    [파서] 후보 컨테이너: 20개
    [1p] 후보 20건 발견 → 필터링 시작
    🚫 [1/20] 특수물건 제외: 특수물건 키워드='선순위전세권'
    🚫 [2/20] 특수물건 제외: 특수물건 키워드='임차권등기'
    🚫 [3/20] 특수물건 제외: 특수물건 value=3
    🚫 [4/20] 특수물건 제외: 특수물건 value=4
    🚫 [5/20] 특수물건 제외: 특수물건 value=5
    🚫 [6/20] 특수물건 제외: 특수물건 키워드='대지권 미등기'
    🚫 [7/20] 특수물건 제외: 특수물건 키워드='대지권 미등기'
    🚫 [8/20] 특수물건 제외: 특수물건 키워드='대지권 미등기'
    🚫 [9/20] 특수물건 제외: 특수물건 키워드='대지권 미등기'
    🚫 [10/20] 특수물건 제외: 특수물건 키워드='대지권 미등기'
    🚫 [11/20] 특수물건 제외: 특수물건 키워드='대지권 미등기'
    🚫 [12/20] 특수물건 제외: 특수물건 value=12
    🚫 [13/20] 특수물건 제외: 특수물건 value=13
    🚫 [14/20] 특수물건 제외: 특수물건 value=14
    🚫 [15/20] 특수물건 제외: 특수물건 value=15
    🚫 [16/20] 특수물건 제외: 특수물건 value=16
    🚫 [17/20] 특수물건 제외: 특수물건 value=17
    🚫 [18/20] 특수물건 제외: 특수물건 value=18
    🚫 [19/20] 특수물건 제외: 특수물건 value=19
    🚫 [20/20] 특수물건 제외: 특수물건 value=20
    [1p] 결과: 0건 추출 (특수물건제외:20 면적:0 가격:0 중복:0 기간:0)

   총 다음버튼페이지 감지

📋 [2페이지] 이동 중...
   페이지이동: clicked:2
    [파서] product_id 행: 20개
    [파서] 후보 컨테이너: 20개
    [2p] 후보 20건 발견 → 필터링 시작
    ⏭  [25타경3794] 이미 MAPS에 등록됨, 스킵
    ⏭  [25타경8017] 이미 MAPS에 등록됨, 스킵
    🚫 [3/20] 특수물건 제외: 특수물건 value=3
    🚫 [4/20] 특수물건 제외: 특수물건 value=4
    🚫 [5/20] 특수물건 제외: 특수물건 value=5
    ⏭  [25타경71448] 이미 MAPS에 등록됨, 스킵
    ⏭  [24타경6188] 이미 MAPS에 등록됨, 스킵
    ⏭  [24타경36645] 이미 MAPS에 등록됨, 스킵
    🚫 [9/20] 특수물건 제외: 특수물건 키워드='선순위전세권'
    ⏭  [24타경113029] 이미 MAPS에 등록됨, 스킵
    ⏭  [25타경21659] 이미 MAPS에 등록됨, 스킵
    🚫 [12/20] 특수물건 제외: 특수물건 value=12
    🚫 [13/20] 특수물건 제외: 특수물건 value=13
    🚫 [14/20] 특수물건 제외: 특수물건 value=14
    🚫 [15/20] 특수물건 제외: 특수물건 value=15
    🚫 [16/20] 특수물건 제외: 특수물건 value=16
    🚫 [17/20] 특수물건 제외: 특수물건 value=17
    🚫 [18/20] 특수물건 제외: 특수물건 value=18
    🚫 [19/20] 특수물건 제외: 특수물건 value=19
    🚫 [20/20] 특수물건 제외: 특수물건 value=20
    [2p] 결과: 0건 추출 (특수물건제외:13 면적:0 가격:0 중복:7 기간:0)

📋 [3페이지] 이동 중...
   페이지이동: clicked:3
    [파서] product_id 행: 20개
    [파서] 후보 컨테이너: 20개
    [3p] 후보 20건 발견 → 필터링 시작
    ⏭  [24타경16860] 이미 MAPS에 등록됨, 스킵
    🚫 [2/20] 특수물건 제외: 특수물건 키워드='선순위임차권'
    🚫 [3/20] 특수물건 제외: 특수물건 value=3
    🚫 [4/20] 특수물건 제외: 특수물건 value=4
    🚫 [5/20] 특수물건 제외: 특수물건 value=5
    ⏭  [25타경922] 이미 MAPS에 등록됨, 스킵
    🚫 [7/20] 특수물건 제외: 특수물건 키워드='대지권 미등기'
    🚫 [8/20] 특수물건 제외: 특수물건 키워드='임차권등기'
    ⏭  [24타경65200] 이미 MAPS에 등록됨, 스킵
    ⏭  [24타경77166] 이미 MAPS에 등록됨, 스킵
    🚫 [11/20] 특수물건 제외: 특수물건 키워드='임차권등기'
    🚫 [12/20] 특수물건 제외: 특수물건 value=12
    🚫 [13/20] 특수물건 제외: 특수물건 value=13
    🚫 [14/20] 특수물건 제외: 특수물건 value=14
    🚫 [15/20] 특수물건 제외: 특수물건 value=15
    🚫 [16/20] 특수물건 제외: 특수물건 value=16
    🚫 [17/20] 특수물건 제외: 특수물건 value=17
    🚫 [18/20] 특수물건 제외: 특수물건 value=18
    🚫 [19/20] 특수물건 제외: 특수물건 value=19
    🚫 [20/20] 특수물건 제외: 특수물건 value=20
    [3p] 결과: 0건 추출 (특수물건제외:16 면적:0 가격:0 중복:4 기간:0)

📋 [4페이지] 이동 중...
   페이지이동: clicked:4
    [파서] product_id 행: 20개
    [파서] 후보 컨테이너: 20개
    [4p] 후보 20건 발견 → 필터링 시작
    ⏭  [24타경366] 이미 MAPS에 등록됨, 스킵
    🚫 [2/20] 특수물건 제외: 특수물건 키워드='임차권등기'
    🚫 [3/20] 특수물건 제외: 특수물건 value=3
    🚫 [4/20] 특수물건 제외: 특수물건 value=4
    🚫 [5/20] 특수물건 제외: 특수물건 value=5
    ⏭  [25타경1976] 이미 MAPS에 등록됨, 스킵
    ⏭  [25타경50933] 이미 MAPS에 등록됨, 스킵
    🚫 [8/20] 특수물건 제외: 특수물건 키워드='임차권등기'
    ⏭  [25타경2978] 이미 MAPS에 등록됨, 스킵
    ⏭  [25타경9140] 이미 MAPS에 등록됨, 스킵
    ⏭  [25타경10891] 이미 MAPS에 등록됨, 스킵
    🚫 [12/20] 특수물건 제외: 특수물건 value=12
    🚫 [13/20] 특수물건 제외: 특수물건 value=13
    🚫 [14/20] 특수물건 제외: 특수물건 value=14
    🚫 [15/20] 특수물건 제외: 특수물건 value=15
    🚫 [16/20] 특수물건 제외: 특수물건 value=16
    🚫 [17/20] 특수물건 제외: 특수물건 value=17
    🚫 [18/20] 특수물건 제외: 특수물건 value=18
    🚫 [19/20] 특수물건 제외: 특수물건 value=19
    🚫 [20/20] 특수물건 제외: 특수물건 value=20
    [4p] 결과: 0건 추출 (특수물건제외:14 면적:0 가격:0 중복:6 기간:0)

📋 [5페이지] 이동 중...
   페이지이동: clicked:5
    [파서] product_id 행: 20개
    [파서] 후보 컨테이너: 20개
    [5p] 후보 20건 발견 → 필터링 시작
    🚫 [1/20] 특수물건 제외: 특수물건 키워드='선순위전세권'
    🚫 [2/20] 특수물건 제외: 특수물건 키워드='임차권등기'
    🚫 [3/20] 특수물건 제외: 특수물건 value=3
    🚫 [4/20] 특수물건 제외: 특수물건 value=4
    🚫 [5/20] 특수물건 제외: 특수물건 value=5
    ⏭  [25타경63276] 이미 MAPS에 등록됨, 스킵
    ⏭  [25타경367] 이미 MAPS에 등록됨, 스킵
    🚫 [8/20] 특수물건 제외: 특수물건 키워드='임차권등기'
    ⏭  [25타경20617] 이미 MAPS에 등록됨, 스킵
    ⏭  [25타경72657] 이미 MAPS에 등록됨, 스킵
    🚫 [11/20] 특수물건 제외: 특수물건 키워드='선순위전세권'
    🚫 [12/20] 특수물건 제외: 특수물건 value=12
    🚫 [13/20] 특수물건 제외: 특수물건 value=13
    🚫 [14/20] 특수물건 제외: 특수물건 value=14
    🚫 [15/20] 특수물건 제외: 특수물건 value=15
    🚫 [16/20] 특수물건 제외: 특수물건 value=16
    🚫 [17/20] 특수물건 제외: 특수물건 value=17
    🚫 [18/20] 특수물건 제외: 특수물건 value=18
    🚫 [19/20] 특수물건 제외: 특수물건 value=19
    🚫 [20/20] 특수물건 제외: 특수물건 value=20
    [5p] 결과: 0건 추출 (특수물건제외:16 면적:0 가격:0 중복:4 기간:0)

📋 [6페이지] 이동 중...
   페이지이동: clicked:6
    [파서] product_id 행: 6개
    [파서] 후보 컨테이너: 6개
    [6p] 후보 6건 발견 → 필터링 시작
    ⏭  [25타경3398] 이미 MAPS에 등록됨, 스킵
    🚫 [2/6] 특수물건 제외: 특수물건 키워드='임차권등기'
    🚫 [3/6] 특수물건 제외: 특수물건 value=3
    🚫 [4/6] 특수물건 제외: 특수물건 value=4
    🚫 [5/6] 특수물건 제외: 특수물건 value=5
    🚫 [6/6] 특수물건 제외: 특수물건 키워드='임차권등기'
    [6p] 결과: 0건 추출 (특수물건제외:5 면적:0 가격:0 중복:1 기간:0)

📋 [7페이지] 이동 중...
   페이지이동: not_found|fns={}|nums=["2","3","4","5"]
   ⚠️ [7p] 페이지 내용이 이전과 동일 → 페이지 이동 실패, 크롤링 종료

📦 신규 등록 대상: 0건

👋 크롤링 종료

➡️ 등록할 신규 물건이 없습니다.

🎉 완료!
